<?xml version="1.0" encoding="utf-8"?>
<TestRun id="10476f22-eea5-4368-9bf1-a318e3571112" name="brunocapuano@CPC-bruno-U7R9O 2026-04-16 07:31:11" runUser="NORTHAMERICA\brunocapuano" xmlns="http://microsoft.com/schemas/VisualStudio/TeamTest/2010">
  <Times creation="2026-04-16T07:31:11.5641752-04:00" queuing="2026-04-16T07:31:11.5641755-04:00" start="2026-04-16T07:31:10.5685175-04:00" finish="2026-04-16T07:31:15.7093017-04:00" />
  <TestSettings name="default" id="e8c7009c-9a56-4f73-ba6f-be3a16ca3f30">
    <Deployment runDeploymentRoot="brunocapuano_CPC-bruno-U7R9O_2026-04-16_07_31_11" />
  </TestSettings>
  <Results>
    <UnitTestResult executionId="b2e477ca-4f6b-4201-bcba-021751431168" testId="ceedfa82-fa53-0b66-65dc-295a7fff198e" testName="OpenClawNet.UnitTests.Gateway.ServiceRegistrationTests.RuntimeAgentProvider_CanRouteToOllama" computerName="CPC-bruno-U7R9O" duration="00:00:00.0111336" startTime="2026-04-16T07:31:11.7395860-04:00" endTime="2026-04-16T07:31:11.7514578-04:00" testType="13cdc9d9-ddb5-4fa4-a97d-d965ccfc6d4b" outcome="Passed" testListId="8c84fa94-04c1-424b-9868-57a2d4851a1d" relativeResultsDirectory="b2e477ca-4f6b-4201-bcba-021751431168" />
    <UnitTestResult executionId="f02f3dc4-be07-4a97-9514-25fff487a182" testId="b9988d55-a096-4087-669c-93fbd28b0aff" testName="OpenClawNet.UnitTests.Models.AgentProfileMarkdownParserTests.Parse_MalformedYaml_NoClosingDelimiter_TreatsEntireContentAsInstructions" computerName="CPC-bruno-U7R9O" duration="00:00:00.0005065" startTime="2026-04-16T07:31:11.7998755-04:00" endTime="2026-04-16T07:31:11.7999323-04:00" testType="13cdc9d9-ddb5-4fa4-a97d-d965ccfc6d4b" outcome="Passed" testListId="8c84fa94-04c1-424b-9868-57a2d4851a1d" relativeResultsDirectory="f02f3dc4-be07-4a97-9514-25fff487a182" />
    <UnitTestResult executionId="4fe9d888-a1fd-4b7d-9414-a8ab182f096a" testId="8257835a-6c5f-6cba-1a86-edf8e6a207db" testName="OpenClawNet.UnitTests.Scheduler.SchedulerSettingsServiceTests.Update_ClampsValues_WhenOutOfRange" computerName="CPC-bruno-U7R9O" duration="00:00:00.0075317" startTime="2026-04-16T07:31:11.6032222-04:00" endTime="2026-04-16T07:31:11.6098528-04:00" testType="13cdc9d9-ddb5-4fa4-a97d-d965ccfc6d4b" outcome="Passed" testListId="8c84fa94-04c1-424b-9868-57a2d4851a1d" relativeResultsDirectory="4fe9d888-a1fd-4b7d-9414-a8ab182f096a" />
    <UnitTestResult executionId="f526b41c-7550-4275-b48c-2fe97c5ee1ed" testId="3c79690b-73f3-60f0-d5ff-7fa938872e8c" testName="OpenClawNet.UnitTests.Models.AzureOpenAIModelClientTests.Options_EmptyDeploymentKeepsDefault_WhenNotSetInConfig" computerName="CPC-bruno-U7R9O" duration="00:00:00.0005273" startTime="2026-04-16T07:31:11.6742141-04:00" endTime="2026-04-16T07:31:11.6742885-04:00" testType="13cdc9d9-ddb5-4fa4-a97d-d965ccfc6d4b" outcome="Passed" testListId="8c84fa94-04c1-424b-9868-57a2d4851a1d" relativeResultsDirectory="f526b41c-7550-4275-b48c-2fe97c5ee1ed" />
    <UnitTestResult executionId="4d950fa6-b6db-424c-99ee-c55e76f9d246" testId="a5c97f55-2f54-dde4-2b74-93a23a0cf890" testName="OpenClawNet.UnitTests.Storage.JobStatusTransitionsTests.IsAllowed_PausedToCompleted_ReturnsFalse" computerName="CPC-bruno-U7R9O" duration="00:00:00.0006442" startTime="2026-04-16T07:31:11.5658178-04:00" endTime="2026-04-16T07:31:11.5658770-04:00" testType="13cdc9d9-ddb5-4fa4-a97d-d965ccfc6d4b" outcome="Passed" testListId="8c84fa94-04c1-424b-9868-57a2d4851a1d" relativeResultsDirectory="4d950fa6-b6db-424c-99ee-c55e76f9d246" />
    <UnitTestResult executionId="0928295d-bbbf-4241-92de-1de5bb99d4d4" testId="6b5c6338-1c9b-5128-887c-aa33513ed4b1" testName="OpenClawNet.UnitTests.Models.AzureOpenAIModelClientTests.Constructor_DoesNotThrow_WhenIntegratedModeWithEndpointOnly" computerName="CPC-bruno-U7R9O" duration="00:00:00.0020957" startTime="2026-04-16T07:31:11.6617058-04:00" endTime="2026-04-16T07:31:11.6627970-04:00" testType="13cdc9d9-ddb5-4fa4-a97d-d965ccfc6d4b" outcome="Passed" testListId="8c84fa94-04c1-424b-9868-57a2d4851a1d" relativeResultsDirectory="0928295d-bbbf-4241-92de-1de5bb99d4d4" />
    <UnitTestResult executionId="cc4d1143-5a18-4157-ad62-8fbbd87492ff" testId="f5ba8a65-8640-e4c6-1267-039eea8e5e24" testName="OpenClawNet.UnitTests.Agent.AgentRuntimeStreamTests.AgentStreamEventType_ContainsToolApprovalRequest" computerName="CPC-bruno-U7R9O" duration="00:00:00.0007489" startTime="2026-04-16T07:31:12.4831908-04:00" endTime="2026-04-16T07:31:12.4832905-04:00" testType="13cdc9d9-ddb5-4fa4-a97d-d965ccfc6d4b" outcome="Passed" testListId="8c84fa94-04c1-424b-9868-57a2d4851a1d" relativeResultsDirectory="cc4d1143-5a18-4157-ad62-8fbbd87492ff" />
    <UnitTestResult executionId="14459466-2a14-4b2a-8e62-9fbdddb6ed3b" testId="0e1373b8-f4d4-16d6-e499-5547a7ae76fd" testName="OpenClawNet.UnitTests.Storage.JobStatusTransitionsTests.IsAllowed_CancelledToAnyState_ReturnsFalse(to: Draft)" computerName="CPC-bruno-U7R9O" duration="00:00:00.0000037" startTime="2026-04-16T07:31:11.5645532-04:00" endTime="2026-04-16T07:31:11.5645868-04:00" testType="13cdc9d9-ddb5-4fa4-a97d-d965ccfc6d4b" outcome="Passed" testListId="8c84fa94-04c1-424b-9868-57a2d4851a1d" relativeResultsDirectory="14459466-2a14-4b2a-8e62-9fbdddb6ed3b" />
    <UnitTestResult executionId="74362da1-0504-4743-90b3-d5969361f02d" testId="8b12fb7b-5784-422f-e707-408cca88103e" testName="OpenClawNet.UnitTests.Tools.FileSystemToolTests.Read_BlockedPath_AlsoBlocksAbsoluteVariants" computerName="CPC-bruno-U7R9O" duration="00:00:00.0361772" startTime="2026-04-16T07:31:11.6698939-04:00" endTime="2026-04-16T07:31:11.7067127-04:00" testType="13cdc9d9-ddb5-4fa4-a97d-d965ccfc6d4b" outcome="Passed" testListId="8c84fa94-04c1-424b-9868-57a2d4851a1d" relativeResultsDirectory="74362da1-0504-4743-90b3-d5969361f02d" />
    <UnitTestResult executionId="50cdb775-194c-4a9b-86b0-e767bf957885" testId="18e4d15f-82af-826e-7c35-efb01810d470" testName="OpenClawNet.UnitTests.Agent.AgentOrchestratorProfileTests.StreamAsync_PassesProfileInstructions_ToContext" computerName="CPC-bruno-U7R9O" duration="00:00:00.2113704" startTime="2026-04-16T07:31:11.4661594-04:00" endTime="2026-04-16T07:31:11.6409795-04:00" testType="13cdc9d9-ddb5-4fa4-a97d-d965ccfc6d4b" outcome="Passed" testListId="8c84fa94-04c1-424b-9868-57a2d4851a1d" relativeResultsDirectory="50cdb775-194c-4a9b-86b0-e767bf957885" />
    <UnitTestResult executionId="b6c72de9-468a-4cce-bbb3-b887950d6584" testId="0613a6f7-85d2-eca2-a9d6-0c19f4e48035" testName="OpenClawNet.UnitTests.Storage.JobStatusTransitionsTests.IsAllowed_AllInvalidTransitions_ReturnFalse(from: Completed, to: Cancelled)" computerName="CPC-bruno-U7R9O" duration="00:00:00.0000029" startTime="2026-04-16T07:31:11.5637008-04:00" endTime="2026-04-16T07:31:11.5637631-04:00" testType="13cdc9d9-ddb5-4fa4-a97d-d965ccfc6d4b" outcome="Passed" testListId="8c84fa94-04c1-424b-9868-57a2d4851a1d" relativeResultsDirectory="b6c72de9-468a-4cce-bbb3-b887950d6584" />
    <UnitTestResult executionId="1886668e-1bee-4140-a652-278631f20211" testId="ec78030d-3c74-b579-ed62-10c09373414b" testName="OpenClawNet.UnitTests.Demos.DocumentPipelineTests.SchedulerPollingService_CalculateNextRun_StandardCron" computerName="CPC-bruno-U7R9O" duration="00:00:00.0022377" startTime="2026-04-16T07:31:11.7439678-04:00" endTime="2026-04-16T07:31:11.7460799-04:00" testType="13cdc9d9-ddb5-4fa4-a97d-d965ccfc6d4b" outcome="Passed" testListId="8c84fa94-04c1-424b-9868-57a2d4851a1d" relativeResultsDirectory="1886668e-1bee-4140-a652-278631f20211" />
    <UnitTestResult executionId="94fdb63b-e23d-45ab-92d8-d4c9e7437508" testId="06d31d29-3fb0-16ea-b25c-cca0081bcc7d" testName="OpenClawNet.UnitTests.Storage.JobStatusTransitionsTests.IsAllowed_AllInvalidTransitions_ReturnFalse(from: Completed, to: Paused)" computerName="CPC-bruno-U7R9O" duration="00:00:00.0000124" startTime="2026-04-16T07:31:11.5607752-04:00" endTime="2026-04-16T07:31:11.5608426-04:00" testType="13cdc9d9-ddb5-4fa4-a97d-d965ccfc6d4b" outcome="Passed" testListId="8c84fa94-04c1-424b-9868-57a2d4851a1d" relativeResultsDirectory="94fdb63b-e23d-45ab-92d8-d4c9e7437508" />
    <UnitTestResult executionId="f5e7eb55-441b-48fd-86a9-4bcd7888b4ba" testId="9db36fc8-8084-9972-80bb-c6ec81c7e30d" testName="OpenClawNet.UnitTests.Gateway.RuntimeModelClientTests.GetOrCreate_CachesClient" computerName="CPC-bruno-U7R9O" duration="00:00:00.0029936" startTime="2026-04-16T07:31:11.6483847-04:00" endTime="2026-04-16T07:31:11.6505078-04:00" testType="13cdc9d9-ddb5-4fa4-a97d-d965ccfc6d4b" outcome="Passed" testListId="8c84fa94-04c1-424b-9868-57a2d4851a1d" relativeResultsDirectory="f5e7eb55-441b-48fd-86a9-4bcd7888b4ba" />
    <UnitTestResult executionId="340f1450-e3df-4345-9b56-239982289ae5" testId="c3f639aa-7527-4462-2d08-5ae28b85e8cc" testName="OpenClawNet.UnitTests.Tools.FileSystemToolTests.FindProjects_ExcludesBinAndObjDirectories" computerName="CPC-bruno-U7R9O" duration="00:00:00.0152502" startTime="2026-04-16T07:31:11.7306065-04:00" endTime="2026-04-16T07:31:11.7463758-04:00" testType="13cdc9d9-ddb5-4fa4-a97d-d965ccfc6d4b" outcome="Passed" testListId="8c84fa94-04c1-424b-9868-57a2d4851a1d" relativeResultsDirectory="340f1450-e3df-4345-9b56-239982289ae5" />
    <UnitTestResult executionId="74b8fbae-3f37-4cd8-9c86-ccd6a0a3d820" testId="2c51e904-a1f1-6c6e-b019-b76ffe13fa23" testName="OpenClawNet.UnitTests.Models.AzureOpenAIAgentProviderTests.IsAvailableAsync_ReturnsTrue_WhenEndpointAndKeyConfigured" computerName="CPC-bruno-U7R9O" duration="00:00:00.0041061" startTime="2026-04-16T07:31:11.5494707-04:00" endTime="2026-04-16T07:31:11.5498838-04:00" testType="13cdc9d9-ddb5-4fa4-a97d-d965ccfc6d4b" outcome="Passed" testListId="8c84fa94-04c1-424b-9868-57a2d4851a1d" relativeResultsDirectory="74b8fbae-3f37-4cd8-9c86-ccd6a0a3d820" />
    <UnitTestResult executionId="73215641-43ac-4a2e-a344-f34b4078c1e4" testId="67b2854c-1b77-d381-757c-84d4264a5937" testName="OpenClawNet.UnitTests.Storage.ModelProviderDefinitionStoreTests.SaveAsync_ThenGetAsync_ReturnsDefinition" computerName="CPC-bruno-U7R9O" duration="00:00:00.0024814" startTime="2026-04-16T07:31:12.4576262-04:00" endTime="2026-04-16T07:31:12.4600023-04:00" testType="13cdc9d9-ddb5-4fa4-a97d-d965ccfc6d4b" outcome="Passed" testListId="8c84fa94-04c1-424b-9868-57a2d4851a1d" relativeResultsDirectory="73215641-43ac-4a2e-a344-f34b4078c1e4" />
    <UnitTestResult executionId="70774d8f-3092-4d23-b942-3f48faa3e42e" testId="92668a51-0c16-7208-ff54-ef0344162772" testName="OpenClawNet.UnitTests.Storage.JobStatusTransitionsTests.IsAllowed_CompletedToAnyState_ReturnsFalse(to: Completed)" computerName="CPC-bruno-U7R9O" duration="00:00:00.0005194" startTime="2026-04-16T07:31:11.5669936-04:00" endTime="2026-04-16T07:31:11.5670513-04:00" testType="13cdc9d9-ddb5-4fa4-a97d-d965ccfc6d4b" outcome="Passed" testListId="8c84fa94-04c1-424b-9868-57a2d4851a1d" relativeResultsDirectory="70774d8f-3092-4d23-b942-3f48faa3e42e" />
    <UnitTestResult executionId="c7be3a40-9fe2-4824-a20f-3a6e01e914be" testId="06103719-9a7f-b2d6-60a6-735948a7b74e" testName="OpenClawNet.UnitTests.Gateway.ServiceRegistrationTests.AllAgentProviders_AreResolvable" computerName="CPC-bruno-U7R9O" duration="00:00:00.0115536" startTime="2026-04-16T07:31:11.7648674-04:00" endTime="2026-04-16T07:31:11.7770254-04:00" testType="13cdc9d9-ddb5-4fa4-a97d-d965ccfc6d4b" outcome="Passed" testListId="8c84fa94-04c1-424b-9868-57a2d4851a1d" relativeResultsDirectory="c7be3a40-9fe2-4824-a20f-3a6e01e914be" />
    <UnitTestResult executionId="4714387b-2ec0-4f98-a2b2-240c61266fba" testId="afe065f4-a104-8325-a630-c4c760fb0412" testName="OpenClawNet.UnitTests.Storage.JobStatusTransitionsTests.IsAllowed_CompletedToAnyState_ReturnsFalse(to: Active)" computerName="CPC-bruno-U7R9O" duration="00:00:00.0000101" startTime="2026-04-16T07:31:11.5685012-04:00" endTime="2026-04-16T07:31:11.5685376-04:00" testType="13cdc9d9-ddb5-4fa4-a97d-d965ccfc6d4b" outcome="Passed" testListId="8c84fa94-04c1-424b-9868-57a2d4851a1d" relativeResultsDirectory="4714387b-2ec0-4f98-a2b2-240c61266fba" />
    <UnitTestResult executionId="6766ee79-16a2-4291-a699-160a07a6972b" testId="4977c55d-4344-7415-caa3-6755c181739d" testName="OpenClawNet.UnitTests.Gateway.ChatStreamEndpointTests.Post_EmptyMessage_Returns400BadRequest" computerName="CPC-bruno-U7R9O" duration="00:00:00.0085523" startTime="2026-04-16T07:31:12.0139593-04:00" endTime="2026-04-16T07:31:12.0227678-04:00" testType="13cdc9d9-ddb5-4fa4-a97d-d965ccfc6d4b" outcome="Passed" testListId="8c84fa94-04c1-424b-9868-57a2d4851a1d" relativeResultsDirectory="6766ee79-16a2-4291-a699-160a07a6972b" />
    <UnitTestResult executionId="7e773268-8fac-4ef7-b42e-04ed8fe92f52" testId="71dda906-187c-be2a-eed3-fb4a5388dcf9" testName="OpenClawNet.UnitTests.Storage.JobStatusTransitionsTests.JobStatus_Draft_HasValue0" computerName="CPC-bruno-U7R9O" duration="00:00:00.0005369" startTime="2026-04-16T07:31:11.5699432-04:00" endTime="2026-04-16T07:31:11.5699811-04:00" testType="13cdc9d9-ddb5-4fa4-a97d-d965ccfc6d4b" outcome="Passed" testListId="8c84fa94-04c1-424b-9868-57a2d4851a1d" relativeResultsDirectory="7e773268-8fac-4ef7-b42e-04ed8fe92f52" />
    <UnitTestResult executionId="cbc32672-505f-4452-a585-a639c6b13aec" testId="03c38608-2c45-0c64-b699-baaa681feee4" testName="OpenClawNet.UnitTests.Storage.JobStatusTransitionsTests.IsAllowed_CancelledToAnyState_ReturnsFalse(to: Completed)" computerName="CPC-bruno-U7R9O" duration="00:00:00.0004693" startTime="2026-04-16T07:31:11.5641085-04:00" endTime="2026-04-16T07:31:11.5641681-04:00" testType="13cdc9d9-ddb5-4fa4-a97d-d965ccfc6d4b" outcome="Passed" testListId="8c84fa94-04c1-424b-9868-57a2d4851a1d" relativeResultsDirectory="cbc32672-505f-4452-a585-a639c6b13aec" />
    <UnitTestResult executionId="e85a7f79-69b8-4a8a-9df1-d9406618f554" testId="9183b333-b86e-8f0c-b80c-384e0ce3bdc0" testName="OpenClawNet.UnitTests.Gateway.RuntimeModelSettingsTests.Load_FallsBackToConfig_WhenNoFile" computerName="CPC-bruno-U7R9O" duration="00:00:00.0031134" startTime="2026-04-16T07:31:11.6909277-04:00" endTime="2026-04-16T07:31:11.6932420-04:00" testType="13cdc9d9-ddb5-4fa4-a97d-d965ccfc6d4b" outcome="Passed" testListId="8c84fa94-04c1-424b-9868-57a2d4851a1d" relativeResultsDirectory="e85a7f79-69b8-4a8a-9df1-d9406618f554" />
    <UnitTestResult executionId="ffae44ea-da0c-40a9-9029-703d42cba594" testId="90dd5f80-380c-a27c-40e0-9091dd7e5eb8" testName="OpenClawNet.UnitTests.Storage.JobStatusTransitionsTests.IsAllowed_AllInvalidTransitions_ReturnFalse(from: Paused, to: Draft)" computerName="CPC-bruno-U7R9O" duration="00:00:00.0000047" startTime="2026-04-16T07:31:11.5611641-04:00" endTime="2026-04-16T07:31:11.5612306-04:00" testType="13cdc9d9-ddb5-4fa4-a97d-d965ccfc6d4b" outcome="Passed" testListId="8c84fa94-04c1-424b-9868-57a2d4851a1d" relativeResultsDirectory="ffae44ea-da0c-40a9-9029-703d42cba594" />
    <UnitTestResult executionId="bf67cc60-e26a-4b84-a718-dcbbbc88eb96" testId="8b8983c5-e493-8649-9903-d0f9cdb565a4" testName="OpenClawNet.UnitTests.Models.OllamaAgentProviderTests.ProviderName_ReturnsOllama" computerName="CPC-bruno-U7R9O" duration="00:00:00.0395717" startTime="2026-04-16T07:31:11.4662668-04:00" endTime="2026-04-16T07:31:11.4945177-04:00" testType="13cdc9d9-ddb5-4fa4-a97d-d965ccfc6d4b" outcome="Passed" testListId="8c84fa94-04c1-424b-9868-57a2d4851a1d" relativeResultsDirectory="bf67cc60-e26a-4b84-a718-dcbbbc88eb96" />
    <UnitTestResult executionId="e2c3892f-17a1-45f4-b1e3-41885cdbdd01" testId="354e8a85-24f7-3da7-4b8c-b9d8edf4b9dd" testName="OpenClawNet.UnitTests.Agent.AgentRuntimeStreamTests.ExecuteStreamAsync_DoesNotEmitToolApprovalRequest_ForNonApprovalTools" computerName="CPC-bruno-U7R9O" duration="00:00:00.7512292" startTime="2026-04-16T07:31:11.7182360-04:00" endTime="2026-04-16T07:31:12.4667195-04:00" testType="13cdc9d9-ddb5-4fa4-a97d-d965ccfc6d4b" outcome="Passed" testListId="8c84fa94-04c1-424b-9868-57a2d4851a1d" relativeResultsDirectory="e2c3892f-17a1-45f4-b1e3-41885cdbdd01" />
    <UnitTestResult executionId="356164f0-c9c0-43aa-8f22-08b697d74908" testId="0f44ed52-fbb7-62f4-e264-03d3ef24d460" testName="OpenClawNet.UnitTests.Storage.JobStatusTransitionsTests.IsAllowed_SameStateToSameState_ReturnsFalse(status: Paused)" computerName="CPC-bruno-U7R9O" duration="00:00:00.0000106" startTime="2026-04-16T07:31:11.5578291-04:00" endTime="2026-04-16T07:31:11.5580001-04:00" testType="13cdc9d9-ddb5-4fa4-a97d-d965ccfc6d4b" outcome="Passed" testListId="8c84fa94-04c1-424b-9868-57a2d4851a1d" relativeResultsDirectory="356164f0-c9c0-43aa-8f22-08b697d74908" />
    <UnitTestResult executionId="69a2dc5a-dada-4b9b-86ec-22747ff11782" testId="65798ed1-a4fb-fea9-486c-bc15847e42df" testName="OpenClawNet.UnitTests.Storage.ModelProviderDefinitionStoreTests.DeleteAsync_RemovesDefinition" computerName="CPC-bruno-U7R9O" duration="00:00:00.0026743" startTime="2026-04-16T07:31:12.4539422-04:00" endTime="2026-04-16T07:31:12.4557192-04:00" testType="13cdc9d9-ddb5-4fa4-a97d-d965ccfc6d4b" outcome="Passed" testListId="8c84fa94-04c1-424b-9868-57a2d4851a1d" relativeResultsDirectory="69a2dc5a-dada-4b9b-86ec-22747ff11782" />
    <UnitTestResult executionId="f42df450-2eca-4ca8-99bd-a19c0fa38ffc" testId="cd761b15-e1ee-8556-8dd8-08440c045107" testName="OpenClawNet.UnitTests.Models.AzureOpenAIAgentProviderTests.IsAvailableAsync_ReturnsTrue_WhenEndpointAndIntegratedAuth" computerName="CPC-bruno-U7R9O" duration="00:00:00.0019296" startTime="2026-04-16T07:31:11.5683227-04:00" endTime="2026-04-16T07:31:11.5700593-04:00" testType="13cdc9d9-ddb5-4fa4-a97d-d965ccfc6d4b" outcome="Passed" testListId="8c84fa94-04c1-424b-9868-57a2d4851a1d" relativeResultsDirectory="f42df450-2eca-4ca8-99bd-a19c0fa38ffc" />
    <UnitTestResult executionId="e64157c1-d8d3-4f24-9d67-c174fb611730" testId="d9289b3e-30b3-b428-47a8-f80dd930c267" testName="OpenClawNet.UnitTests.Skills.FileSkillLoaderTests.EnableSkill_RestoresItToActiveSkills" computerName="CPC-bruno-U7R9O" duration="00:00:00.0246075" startTime="2026-04-16T07:31:11.8424480-04:00" endTime="2026-04-16T07:31:11.8674119-04:00" testType="13cdc9d9-ddb5-4fa4-a97d-d965ccfc6d4b" outcome="Passed" testListId="8c84fa94-04c1-424b-9868-57a2d4851a1d" relativeResultsDirectory="e64157c1-d8d3-4f24-9d67-c174fb611730" />
    <UnitTestResult executionId="99dde0ec-3dab-4dcf-9689-24b0c4c51402" testId="119f9d75-7174-463e-16f2-830ab785e644" testName="OpenClawNet.UnitTests.Storage.JobStatusTransitionsTests.JobStatus_Active_HasValue1" computerName="CPC-bruno-U7R9O" duration="00:00:00.0010561" startTime="2026-04-16T07:31:11.5706605-04:00" endTime="2026-04-16T07:31:11.5707181-04:00" testType="13cdc9d9-ddb5-4fa4-a97d-d965ccfc6d4b" outcome="Passed" testListId="8c84fa94-04c1-424b-9868-57a2d4851a1d" relativeResultsDirectory="99dde0ec-3dab-4dcf-9689-24b0c4c51402" />
    <UnitTestResult executionId="192a6669-415b-402e-be5f-39d6840f13fe" testId="04a66c60-db16-d4a9-7da6-2a36e7fa3912" testName="OpenClawNet.UnitTests.Models.AgentProfileMarkdownParserTests.Parse_HeadingSlugification_ProducesExpectedName(heading: &quot;# My  Agent!&quot;, expectedName: &quot;my-agent&quot;)" computerName="CPC-bruno-U7R9O" duration="00:00:00.0000279" startTime="2026-04-16T07:31:11.7990116-04:00" endTime="2026-04-16T07:31:11.7990712-04:00" testType="13cdc9d9-ddb5-4fa4-a97d-d965ccfc6d4b" outcome="Passed" testListId="8c84fa94-04c1-424b-9868-57a2d4851a1d" relativeResultsDirectory="192a6669-415b-402e-be5f-39d6840f13fe" />
    <UnitTestResult executionId="cea76b11-b229-4170-aa53-13d1b65ac473" testId="3dc4def4-9800-3309-982e-23606ca13af6" testName="OpenClawNet.UnitTests.Gateway.ProviderResolverTests.ResolveAsync_WithTypeName_ReturnsFirstEnabledDefinition" computerName="CPC-bruno-U7R9O" duration="00:00:00.2404864" startTime="2026-04-16T07:31:11.4662128-04:00" endTime="2026-04-16T07:31:11.6651828-04:00" testType="13cdc9d9-ddb5-4fa4-a97d-d965ccfc6d4b" outcome="Passed" testListId="8c84fa94-04c1-424b-9868-57a2d4851a1d" relativeResultsDirectory="cea76b11-b229-4170-aa53-13d1b65ac473" />
    <UnitTestResult executionId="81714a25-d46c-42ae-99d9-fe56cff225a9" testId="4bab55af-6f83-c09b-f76f-41c88878d018" testName="OpenClawNet.UnitTests.Models.AgentProfileMarkdownParserTests.Parse_HeadingSlugification_ProducesExpectedName(heading: &quot;# Hello World&quot;, expectedName: &quot;hello-world&quot;)" computerName="CPC-bruno-U7R9O" duration="00:00:00.0003998" startTime="2026-04-16T07:31:11.7987818-04:00" endTime="2026-04-16T07:31:11.7988682-04:00" testType="13cdc9d9-ddb5-4fa4-a97d-d965ccfc6d4b" outcome="Passed" testListId="8c84fa94-04c1-424b-9868-57a2d4851a1d" relativeResultsDirectory="81714a25-d46c-42ae-99d9-fe56cff225a9" />
    <UnitTestResult executionId="c1d5ae2b-09e3-4b55-b1a3-e63e095450f4" testId="c5247d47-a3ad-1d1c-3eef-9df5cee8a540" testName="OpenClawNet.UnitTests.Gateway.RuntimeModelClientTests.GetOrCreate_ReturnsAzureClient_WhenProviderIsAzureOpenAI" computerName="CPC-bruno-U7R9O" duration="00:00:00.0915926" startTime="2026-04-16T07:31:11.5829191-04:00" endTime="2026-04-16T07:31:11.6442338-04:00" testType="13cdc9d9-ddb5-4fa4-a97d-d965ccfc6d4b" outcome="Passed" testListId="8c84fa94-04c1-424b-9868-57a2d4851a1d" relativeResultsDirectory="c1d5ae2b-09e3-4b55-b1a3-e63e095450f4" />
    <UnitTestResult executionId="4a68173d-ed5a-4beb-8885-91c51aef9364" testId="a130e9d8-bfcc-2515-c3d3-fdfaa8600a64" testName="OpenClawNet.UnitTests.Storage.JobStatusTransitionsTests.IsAllowed_AllInvalidTransitions_ReturnFalse(from: Completed, to: Active)" computerName="CPC-bruno-U7R9O" duration="00:00:00.0000061" startTime="2026-04-16T07:31:11.5615780-04:00" endTime="2026-04-16T07:31:11.5616404-04:00" testType="13cdc9d9-ddb5-4fa4-a97d-d965ccfc6d4b" outcome="Passed" testListId="8c84fa94-04c1-424b-9868-57a2d4851a1d" relativeResultsDirectory="4a68173d-ed5a-4beb-8885-91c51aef9364" />
    <UnitTestResult executionId="939674c8-4c16-45d6-baa0-f4f8e433d8a0" testId="0b67fba2-ffff-6aaa-6233-33a24a34a50f" testName="OpenClawNet.UnitTests.Gateway.ChatStreamEndpointTests.Post_WithNonExistentProfileName_FallsBackToDefault" computerName="CPC-bruno-U7R9O" duration="00:00:00.0126011" startTime="2026-04-16T07:31:11.9366727-04:00" endTime="2026-04-16T07:31:11.9495511-04:00" testType="13cdc9d9-ddb5-4fa4-a97d-d965ccfc6d4b" outcome="Passed" testListId="8c84fa94-04c1-424b-9868-57a2d4851a1d" relativeResultsDirectory="939674c8-4c16-45d6-baa0-f4f8e433d8a0" />
    <UnitTestResult executionId="5929ee03-c3e3-4a88-8b6d-05a7f223dfc2" testId="ea11aebd-d039-ddf2-38d4-3274342c5210" testName="OpenClawNet.UnitTests.Models.AzureOpenAIModelClientTests.DefaultOptions_UseApiKeyAuthMode" computerName="CPC-bruno-U7R9O" duration="00:00:00.0002478" startTime="2026-04-16T07:31:11.6900795-04:00" endTime="2026-04-16T07:31:11.6902247-04:00" testType="13cdc9d9-ddb5-4fa4-a97d-d965ccfc6d4b" outcome="Passed" testListId="8c84fa94-04c1-424b-9868-57a2d4851a1d" relativeResultsDirectory="5929ee03-c3e3-4a88-8b6d-05a7f223dfc2" />
    <UnitTestResult executionId="fb0bba27-c7a7-4273-8710-7f456f277346" testId="e43bd5ff-f955-4a30-dda9-0be94ea0c184" testName="OpenClawNet.UnitTests.Storage.JobStatusTransitionsTests.JobStatus_Paused_HasValue2" computerName="CPC-bruno-U7R9O" duration="00:00:00.0001776" startTime="2026-04-16T07:31:11.5711102-04:00" endTime="2026-04-16T07:31:11.5711731-04:00" testType="13cdc9d9-ddb5-4fa4-a97d-d965ccfc6d4b" outcome="Passed" testListId="8c84fa94-04c1-424b-9868-57a2d4851a1d" relativeResultsDirectory="fb0bba27-c7a7-4273-8710-7f456f277346" />
    <UnitTestResult executionId="42a37f14-9c60-4404-8078-46cd9423ae72" testId="b8d88e73-2ab0-66f5-ba69-46e6dabe6dfd" testName="OpenClawNet.UnitTests.Gateway.ChatStreamEndpointTests.Post_HttpRequestException_YieldsErrorEvent" computerName="CPC-bruno-U7R9O" duration="00:00:00.0255036" startTime="2026-04-16T07:31:11.9000498-04:00" endTime="2026-04-16T07:31:11.9258639-04:00" testType="13cdc9d9-ddb5-4fa4-a97d-d965ccfc6d4b" outcome="Passed" testListId="8c84fa94-04c1-424b-9868-57a2d4851a1d" relativeResultsDirectory="42a37f14-9c60-4404-8078-46cd9423ae72" />
    <UnitTestResult executionId="6cd700a3-56ca-4045-a413-8f0bf38981ff" testId="9974c8b3-d243-8af5-f435-ca783b362a99" testName="OpenClawNet.UnitTests.Skills.FileSkillLoaderTests.DisableSkill_ExcludesItFromActiveSkills" computerName="CPC-bruno-U7R9O" duration="00:00:00.0186782" startTime="2026-04-16T07:31:11.8847512-04:00" endTime="2026-04-16T07:31:11.9038340-04:00" testType="13cdc9d9-ddb5-4fa4-a97d-d965ccfc6d4b" outcome="Passed" testListId="8c84fa94-04c1-424b-9868-57a2d4851a1d" relativeResultsDirectory="6cd700a3-56ca-4045-a413-8f0bf38981ff" />
    <UnitTestResult executionId="bc916f5b-2208-4c7c-b645-a2c990aa8e73" testId="16981949-0233-67eb-f7c1-eae74a0dba89" testName="OpenClawNet.UnitTests.Agent.ModelClientChatClientAdapterTests.GetStreamingResponseAsync_WithToolCalls_YieldsFunctionContent" computerName="CPC-bruno-U7R9O" duration="00:00:00.0286951" startTime="2026-04-16T07:31:11.7850623-04:00" endTime="2026-04-16T07:31:11.8136586-04:00" testType="13cdc9d9-ddb5-4fa4-a97d-d965ccfc6d4b" outcome="Passed" testListId="8c84fa94-04c1-424b-9868-57a2d4851a1d" relativeResultsDirectory="bc916f5b-2208-4c7c-b645-a2c990aa8e73" />
    <UnitTestResult executionId="c6dbc1d5-260d-43e7-8e0c-e1322e204751" testId="654d62a5-00a3-b104-0bda-dbf0b7fef2c0" testName="OpenClawNet.UnitTests.Gateway.ProviderResolverTests.ResolveAsync_WithTypeName_NoEnabledDef_ReturnsFirstDef" computerName="CPC-bruno-U7R9O" duration="00:00:00.0161053" startTime="2026-04-16T07:31:11.7391837-04:00" endTime="2026-04-16T07:31:11.7539459-04:00" testType="13cdc9d9-ddb5-4fa4-a97d-d965ccfc6d4b" outcome="Passed" testListId="8c84fa94-04c1-424b-9868-57a2d4851a1d" relativeResultsDirectory="c6dbc1d5-260d-43e7-8e0c-e1322e204751" />
    <UnitTestResult executionId="8e0ee203-a339-4918-9168-15fafa43084a" testId="b32cceb2-1ff5-8544-3aeb-a5adad999e7d" testName="OpenClawNet.UnitTests.Skills.FileSkillLoaderTests.UninstallSkillAsync_DoesNotThrow_WhenSkillNotFound" computerName="CPC-bruno-U7R9O" duration="00:00:00.0154752" startTime="2026-04-16T07:31:11.7190932-04:00" endTime="2026-04-16T07:31:11.7334242-04:00" testType="13cdc9d9-ddb5-4fa4-a97d-d965ccfc6d4b" outcome="Passed" testListId="8c84fa94-04c1-424b-9868-57a2d4851a1d" relativeResultsDirectory="8e0ee203-a339-4918-9168-15fafa43084a" />
    <UnitTestResult executionId="3ddd3903-593f-407a-81a4-293959d7a72e" testId="e7950b7a-7484-001b-1579-a5a14ea8c26b" testName="OpenClawNet.UnitTests.Gateway.RuntimeModelClientTests.GetOrCreate_RecreatesClient_WhenSettingsChange" computerName="CPC-bruno-U7R9O" duration="00:00:00.0054518" startTime="2026-04-16T07:31:11.6611799-04:00" endTime="2026-04-16T07:31:11.6654749-04:00" testType="13cdc9d9-ddb5-4fa4-a97d-d965ccfc6d4b" outcome="Passed" testListId="8c84fa94-04c1-424b-9868-57a2d4851a1d" relativeResultsDirectory="3ddd3903-593f-407a-81a4-293959d7a72e" />
    <UnitTestResult executionId="d63bc323-8d26-49e9-bb01-e847edce8279" testId="eda4c610-27fe-8230-7711-be84a24fa33d" testName="OpenClawNet.UnitTests.Storage.JobStatusTransitionsTests.IsAllowed_PausedToCancelled_ReturnsTrue" computerName="CPC-bruno-U7R9O" duration="00:00:00.0005997" startTime="2026-04-16T07:31:11.5697426-04:00" endTime="2026-04-16T07:31:11.5698149-04:00" testType="13cdc9d9-ddb5-4fa4-a97d-d965ccfc6d4b" outcome="Passed" testListId="8c84fa94-04c1-424b-9868-57a2d4851a1d" relativeResultsDirectory="d63bc323-8d26-49e9-bb01-e847edce8279" />
    <UnitTestResult executionId="841440d9-db74-4451-a395-0b7376732e25" testId="bff2e89d-e4f8-d32e-1f4b-4af49a004a64" testName="OpenClawNet.UnitTests.Storage.AgentProfileStoreTests.ListAsync_ReturnsAllProfiles_OrderedByName" computerName="CPC-bruno-U7R9O" duration="00:00:00.0030323" startTime="2026-04-16T07:31:12.4525519-04:00" endTime="2026-04-16T07:31:12.4555337-04:00" testType="13cdc9d9-ddb5-4fa4-a97d-d965ccfc6d4b" outcome="Passed" testListId="8c84fa94-04c1-424b-9868-57a2d4851a1d" relativeResultsDirectory="841440d9-db74-4451-a395-0b7376732e25" />
    <UnitTestResult executionId="bd0818e0-4897-4eeb-8626-d224a779314e" testId="81ce6484-0bb8-08fc-c590-671eed04ff3b" testName="OpenClawNet.UnitTests.Storage.JobStatusTransitionsTests.IsEditable_NonEditableStates_ReturnFalse(status: Cancelled)" computerName="CPC-bruno-U7R9O" duration="00:00:00.0017317" startTime="2026-04-16T07:31:11.5590541-04:00" endTime="2026-04-16T07:31:11.5590954-04:00" testType="13cdc9d9-ddb5-4fa4-a97d-d965ccfc6d4b" outcome="Passed" testListId="8c84fa94-04c1-424b-9868-57a2d4851a1d" relativeResultsDirectory="bd0818e0-4897-4eeb-8626-d224a779314e" />
    <UnitTestResult executionId="15d8237b-7508-4a7f-96de-be467275c857" testId="4b9ace43-8211-e6b7-82ff-ba466b5256a4" testName="OpenClawNet.UnitTests.Models.AgentProfileMarkdownParserTests.Parse_FrontMatterWithoutName_FallsBackToHeading" computerName="CPC-bruno-U7R9O" duration="00:00:00.0003271" startTime="2026-04-16T07:31:11.8019398-04:00" endTime="2026-04-16T07:31:11.8021883-04:00" testType="13cdc9d9-ddb5-4fa4-a97d-d965ccfc6d4b" outcome="Passed" testListId="8c84fa94-04c1-424b-9868-57a2d4851a1d" relativeResultsDirectory="15d8237b-7508-4a7f-96de-be467275c857" />
    <UnitTestResult executionId="d2662084-93af-42e9-9328-30801a722349" testId="c53b1e09-6faa-d65c-8155-16049f041d30" testName="OpenClawNet.UnitTests.Gateway.ModelProviderEndpointTests.GetList_ReturnsAllProviders" computerName="CPC-bruno-U7R9O" duration="00:00:00.0186192" startTime="2026-04-16T07:31:12.5599389-04:00" endTime="2026-04-16T07:31:12.5788707-04:00" testType="13cdc9d9-ddb5-4fa4-a97d-d965ccfc6d4b" outcome="Passed" testListId="8c84fa94-04c1-424b-9868-57a2d4851a1d" relativeResultsDirectory="d2662084-93af-42e9-9328-30801a722349" />
    <UnitTestResult executionId="7ef9dc6c-79e7-43a3-9adf-80420feb0c73" testId="8049b1b2-bd29-5029-edff-0158c6014669" testName="OpenClawNet.UnitTests.Storage.AgentProfileStoreDefaultEnforcementTests.GetDefaultAsync_ReturnsExistingDefault_DoesNotSeedNew" computerName="CPC-bruno-U7R9O" duration="00:00:00.0028582" startTime="2026-04-16T07:31:12.4542476-04:00" endTime="2026-04-16T07:31:12.4560145-04:00" testType="13cdc9d9-ddb5-4fa4-a97d-d965ccfc6d4b" outcome="Passed" testListId="8c84fa94-04c1-424b-9868-57a2d4851a1d" relativeResultsDirectory="7ef9dc6c-79e7-43a3-9adf-80420feb0c73" />
    <UnitTestResult executionId="e4a25799-fb83-442d-a82d-f5f2a2a339ba" testId="a84dc42b-d8e9-e178-4fc1-d5fe8f0d1029" testName="OpenClawNet.UnitTests.Storage.JobStatusTransitionsTests.IsAllowed_AllInvalidTransitions_ReturnFalse(from: Cancelled, to: Paused)" computerName="CPC-bruno-U7R9O" duration="00:00:00.0000034" startTime="2026-04-16T07:31:11.5617578-04:00" endTime="2026-04-16T07:31:11.5618165-04:00" testType="13cdc9d9-ddb5-4fa4-a97d-d965ccfc6d4b" outcome="Passed" testListId="8c84fa94-04c1-424b-9868-57a2d4851a1d" relativeResultsDirectory="e4a25799-fb83-442d-a82d-f5f2a2a339ba" />
    <UnitTestResult executionId="a75d2f7a-c5b2-4b93-a947-bf82820ce1ae" testId="63dd56b5-7830-034c-0d04-4f7908f6699b" testName="OpenClawNet.UnitTests.Models.AzureOpenAIModelClientTests.DefaultOptions_HaveGpt5MiniDeployment" computerName="CPC-bruno-U7R9O" duration="00:00:00.0009571" startTime="2026-04-16T07:31:11.6683418-04:00" endTime="2026-04-16T07:31:11.6686701-04:00" testType="13cdc9d9-ddb5-4fa4-a97d-d965ccfc6d4b" outcome="Passed" testListId="8c84fa94-04c1-424b-9868-57a2d4851a1d" relativeResultsDirectory="a75d2f7a-c5b2-4b93-a947-bf82820ce1ae" />
    <UnitTestResult executionId="b8e86ad0-4d10-48d0-a4a1-70d0fffd78f0" testId="f07557fc-15c4-b7c4-1e89-3205c77d3cb6" testName="OpenClawNet.UnitTests.Scheduler.SchedulerSettingsServiceTests.Update_IsThreadSafe_UnderConcurrentWrites" computerName="CPC-bruno-U7R9O" duration="00:00:00.0160327" startTime="2026-04-16T07:31:11.5857064-04:00" endTime="2026-04-16T07:31:11.6029668-04:00" testType="13cdc9d9-ddb5-4fa4-a97d-d965ccfc6d4b" outcome="Passed" testListId="8c84fa94-04c1-424b-9868-57a2d4851a1d" relativeResultsDirectory="b8e86ad0-4d10-48d0-a4a1-70d0fffd78f0" />
    <UnitTestResult executionId="95ccdb23-3829-4aa0-a40c-8ab26537a430" testId="be1e166a-d1b7-c70a-b1c2-06ccc73818c6" testName="OpenClawNet.UnitTests.Models.AzureOpenAIAgentProviderTests.CreateChatClient_Throws_WhenEndpointNotConfigured" computerName="CPC-bruno-U7R9O" duration="00:00:00.0251254" startTime="2026-04-16T07:31:11.5502373-04:00" endTime="2026-04-16T07:31:11.5680564-04:00" testType="13cdc9d9-ddb5-4fa4-a97d-d965ccfc6d4b" outcome="Passed" testListId="8c84fa94-04c1-424b-9868-57a2d4851a1d" relativeResultsDirectory="95ccdb23-3829-4aa0-a40c-8ab26537a430" />
    <UnitTestResult executionId="9130abca-eaef-470b-8787-d99b3c9597dc" testId="dae55759-ebce-bb8a-cb70-1305966ece70" testName="OpenClawNet.UnitTests.Demos.DocumentPipelineTests.SchedulerPollingService_CalculateNextRun_WithSeconds" computerName="CPC-bruno-U7R9O" duration="00:00:00.0246461" startTime="2026-04-16T07:31:11.7203281-04:00" endTime="2026-04-16T07:31:11.7437254-04:00" testType="13cdc9d9-ddb5-4fa4-a97d-d965ccfc6d4b" outcome="Passed" testListId="8c84fa94-04c1-424b-9868-57a2d4851a1d" relativeResultsDirectory="9130abca-eaef-470b-8787-d99b3c9597dc" />
    <UnitTestResult executionId="398e9657-dcf9-4516-9de3-28a7f58e43bd" testId="ba8a8da5-e4c9-47b2-e0b9-2abde5fbcb85" testName="OpenClawNet.UnitTests.Gateway.RuntimeModelSettingsTests.Load_ClearsStaleModelWhenProviderOverriddenButModelNotInConfig" computerName="CPC-bruno-U7R9O" duration="00:00:00.0344063" startTime="2026-04-16T07:31:11.6187990-04:00" endTime="2026-04-16T07:31:11.6512579-04:00" testType="13cdc9d9-ddb5-4fa4-a97d-d965ccfc6d4b" outcome="Passed" testListId="8c84fa94-04c1-424b-9868-57a2d4851a1d" relativeResultsDirectory="398e9657-dcf9-4516-9de3-28a7f58e43bd" />
    <UnitTestResult executionId="f3dd751a-970b-4119-830c-5caafe40217f" testId="9523e067-2a88-a30d-a7b6-d1bdb58ade73" testName="OpenClawNet.UnitTests.Storage.JobStatusTransitionsTests.IsAllowed_PausedToActive_ReturnsTrue" computerName="CPC-bruno-U7R9O" duration="00:00:00.0005953" startTime="2026-04-16T07:31:11.5667234-04:00" endTime="2026-04-16T07:31:11.5667607-04:00" testType="13cdc9d9-ddb5-4fa4-a97d-d965ccfc6d4b" outcome="Passed" testListId="8c84fa94-04c1-424b-9868-57a2d4851a1d" relativeResultsDirectory="f3dd751a-970b-4119-830c-5caafe40217f" />
    <UnitTestResult executionId="7126218f-46bd-417b-8a2e-86e8bfc4f35e" testId="43369b60-671f-d279-56b7-3542a3af4353" testName="OpenClawNet.UnitTests.Tools.ToolRegistryTests.GetTool_ReturnsNull_WhenNotFound" computerName="CPC-bruno-U7R9O" duration="00:00:00.0004407" startTime="2026-04-16T07:31:11.5828913-04:00" endTime="2026-04-16T07:31:11.5829947-04:00" testType="13cdc9d9-ddb5-4fa4-a97d-d965ccfc6d4b" outcome="Passed" testListId="8c84fa94-04c1-424b-9868-57a2d4851a1d" relativeResultsDirectory="7126218f-46bd-417b-8a2e-86e8bfc4f35e" />
    <UnitTestResult executionId="5fe81d10-b421-44cf-b0e6-dcddbf404404" testId="5271e262-f246-9834-be78-2e7f6ac01dd0" testName="OpenClawNet.UnitTests.Tools.FileSystemToolTests.List_RelativePath_ListsWorkspaceDirectory" computerName="CPC-bruno-U7R9O" duration="00:00:00.0063521" startTime="2026-04-16T07:31:11.7830040-04:00" endTime="2026-04-16T07:31:11.7897359-04:00" testType="13cdc9d9-ddb5-4fa4-a97d-d965ccfc6d4b" outcome="Passed" testListId="8c84fa94-04c1-424b-9868-57a2d4851a1d" relativeResultsDirectory="5fe81d10-b421-44cf-b0e6-dcddbf404404" />
    <UnitTestResult executionId="bc80e8f3-d9f3-4109-beb1-ece6c109f9c8" testId="1f93e1e2-6490-fcb6-f221-315fb23c5905" testName="OpenClawNet.UnitTests.Models.OllamaModelClientTests.CompleteAsync_SendsStreamFalse_ForNonStreaming" computerName="CPC-bruno-U7R9O" duration="00:00:00.0307487" startTime="2026-04-16T07:31:11.5931227-04:00" endTime="2026-04-16T07:31:11.6237532-04:00" testType="13cdc9d9-ddb5-4fa4-a97d-d965ccfc6d4b" outcome="Passed" testListId="8c84fa94-04c1-424b-9868-57a2d4851a1d" relativeResultsDirectory="bc80e8f3-d9f3-4109-beb1-ece6c109f9c8" />
    <UnitTestResult executionId="7645dcf6-e052-44ab-a34e-94ed8ac41d17" testId="5b88311c-606d-198c-7863-fc6e08813c00" testName="OpenClawNet.UnitTests.Storage.AgentProfileStoreDefaultEnforcementTests.GetDefaultAsync_SeedsDefault_WhenNoProfilesExist" computerName="CPC-bruno-U7R9O" duration="00:00:00.0025523" startTime="2026-04-16T07:31:12.4298633-04:00" endTime="2026-04-16T07:31:12.4324639-04:00" testType="13cdc9d9-ddb5-4fa4-a97d-d965ccfc6d4b" outcome="Passed" testListId="8c84fa94-04c1-424b-9868-57a2d4851a1d" relativeResultsDirectory="7645dcf6-e052-44ab-a34e-94ed8ac41d17" />
    <UnitTestResult executionId="eeefdb7f-bf3c-4950-87b9-2c662a176fbd" testId="3c89388e-c4aa-7fa3-8f8e-e4c2428876c6" testName="OpenClawNet.UnitTests.Gateway.AgentProfileEndpointTests.GetByName_NonExistent_ReturnsNotFound" computerName="CPC-bruno-U7R9O" duration="00:00:00.0177174" startTime="2026-04-16T07:31:12.5164161-04:00" endTime="2026-04-16T07:31:12.5344062-04:00" testType="13cdc9d9-ddb5-4fa4-a97d-d965ccfc6d4b" outcome="Passed" testListId="8c84fa94-04c1-424b-9868-57a2d4851a1d" relativeResultsDirectory="eeefdb7f-bf3c-4950-87b9-2c662a176fbd" />
    <UnitTestResult executionId="2d1b1c46-f209-458e-a7b6-22841eb58424" testId="d2370a0e-c9bf-b534-54ef-318232d25115" testName="OpenClawNet.UnitTests.Agent.ModelClientChatClientAdapterTests.ToOpenClawMessage_MapsRoles_Correctly(meaiRole: &quot;assistant&quot;, expectedOcRole: Assistant)" computerName="CPC-bruno-U7R9O" duration="00:00:00.0004141" startTime="2026-04-16T07:31:11.8201787-04:00" endTime="2026-04-16T07:31:11.8204411-04:00" testType="13cdc9d9-ddb5-4fa4-a97d-d965ccfc6d4b" outcome="Passed" testListId="8c84fa94-04c1-424b-9868-57a2d4851a1d" relativeResultsDirectory="2d1b1c46-f209-458e-a7b6-22841eb58424" />
    <UnitTestResult executionId="abfcad9f-52f3-461a-a903-0962e8c8c348" testId="480f93a9-5aef-aea4-6679-e2d724273a4c" testName="OpenClawNet.UnitTests.Scheduler.SchedulerSettingsServiceTests.GetSettings_ReturnsDefaults_WhenNoFileOrConfig" computerName="CPC-bruno-U7R9O" duration="00:00:00.0021827" startTime="2026-04-16T07:31:11.6101237-04:00" endTime="2026-04-16T07:31:11.6121582-04:00" testType="13cdc9d9-ddb5-4fa4-a97d-d965ccfc6d4b" outcome="Passed" testListId="8c84fa94-04c1-424b-9868-57a2d4851a1d" relativeResultsDirectory="abfcad9f-52f3-461a-a903-0962e8c8c348" />
    <UnitTestResult executionId="eb85e386-afb5-449b-b6ca-e6416a86ec82" testId="f588e208-dd99-d855-2c75-9e6137d3df86" testName="OpenClawNet.UnitTests.Storage.ConversationStoreTests.UpdateSessionTitle_ChangesTitle" computerName="CPC-bruno-U7R9O" duration="00:00:00.0025131" startTime="2026-04-16T07:31:12.4856801-04:00" endTime="2026-04-16T07:31:12.5142694-04:00" testType="13cdc9d9-ddb5-4fa4-a97d-d965ccfc6d4b" outcome="Passed" testListId="8c84fa94-04c1-424b-9868-57a2d4851a1d" relativeResultsDirectory="eb85e386-afb5-449b-b6ca-e6416a86ec82" />
    <UnitTestResult executionId="deb300c1-9823-4ee4-9673-def5bac3e928" testId="8c093f7f-a912-3f1c-5335-d697f5878d1f" testName="OpenClawNet.UnitTests.Gateway.ChatHubTests.StreamChat_HttpRequestException_YieldsProviderUnavailableError" computerName="CPC-bruno-U7R9O" duration="00:00:00.0090915" startTime="2026-04-16T07:31:11.7031311-04:00" endTime="2026-04-16T07:31:11.7121258-04:00" testType="13cdc9d9-ddb5-4fa4-a97d-d965ccfc6d4b" outcome="Passed" testListId="8c84fa94-04c1-424b-9868-57a2d4851a1d" relativeResultsDirectory="deb300c1-9823-4ee4-9673-def5bac3e928" />
    <UnitTestResult executionId="ac6c3558-b885-451a-bfc5-36c2d171bcc8" testId="9a4cf852-9017-8e96-ea19-e491c50c0dc9" testName="OpenClawNet.UnitTests.Skills.SkillParserTests.Parse_WithoutFrontmatter_UsesFileName" computerName="CPC-bruno-U7R9O" duration="00:00:00.0003695" startTime="2026-04-16T07:31:11.7868616-04:00" endTime="2026-04-16T07:31:11.7869448-04:00" testType="13cdc9d9-ddb5-4fa4-a97d-d965ccfc6d4b" outcome="Passed" testListId="8c84fa94-04c1-424b-9868-57a2d4851a1d" relativeResultsDirectory="ac6c3558-b885-451a-bfc5-36c2d171bcc8" />
    <UnitTestResult executionId="a5355516-bb1a-4ec1-b92b-1da639e4af1d" testId="fff97fa0-b600-340b-0166-cbbe48b98e32" testName="OpenClawNet.UnitTests.Agent.ModelClientChatClientAdapterTests.ToOpenClawMessage_MapsRoles_Correctly(meaiRole: &quot;user&quot;, expectedOcRole: User)" computerName="CPC-bruno-U7R9O" duration="00:00:00.0000145" startTime="2026-04-16T07:31:11.8212091-04:00" endTime="2026-04-16T07:31:11.8212498-04:00" testType="13cdc9d9-ddb5-4fa4-a97d-d965ccfc6d4b" outcome="Passed" testListId="8c84fa94-04c1-424b-9868-57a2d4851a1d" relativeResultsDirectory="a5355516-bb1a-4ec1-b92b-1da639e4af1d" />
    <UnitTestResult executionId="6c69ddf0-288c-4ff4-bda5-e9df19b085c8" testId="c7d85018-b695-5228-b365-26e608cf62b0" testName="OpenClawNet.UnitTests.Models.AzureOpenAIModelClientTests.AddAzureOpenAI_DefaultDeploymentName_IsGpt5Mini" computerName="CPC-bruno-U7R9O" duration="00:00:00.0004901" startTime="2026-04-16T07:31:11.6688630-04:00" endTime="2026-04-16T07:31:11.6689666-04:00" testType="13cdc9d9-ddb5-4fa4-a97d-d965ccfc6d4b" outcome="Passed" testListId="8c84fa94-04c1-424b-9868-57a2d4851a1d" relativeResultsDirectory="6c69ddf0-288c-4ff4-bda5-e9df19b085c8" />
    <UnitTestResult executionId="c32ba0ad-e539-4bc0-8f20-b0fee60fc39a" testId="8f70ed76-57c1-204e-8bbd-b4f97ca4cef7" testName="OpenClawNet.UnitTests.Agent.AgentRuntimeStreamTests.ExecuteStreamAsync_YieldsError_WhenStorageFailsOnUserMessage" computerName="CPC-bruno-U7R9O" duration="00:00:00.0058735" startTime="2026-04-16T07:31:12.4669027-04:00" endTime="2026-04-16T07:31:12.4717845-04:00" testType="13cdc9d9-ddb5-4fa4-a97d-d965ccfc6d4b" outcome="Passed" testListId="8c84fa94-04c1-424b-9868-57a2d4851a1d" relativeResultsDirectory="c32ba0ad-e539-4bc0-8f20-b0fee60fc39a" />
    <UnitTestResult executionId="290a5361-d004-4203-8a6d-dd189ab8a310" testId="c2f944c9-4f28-4de6-9f94-98ae17460131" testName="OpenClawNet.UnitTests.Integration.ChatSmokeTests.Pipeline_SendMessage_ReturnsStreamedTokens" computerName="CPC-bruno-U7R9O" duration="00:00:00.0073073" startTime="2026-04-16T07:31:12.4671333-04:00" endTime="2026-04-16T07:31:12.4739199-04:00" testType="13cdc9d9-ddb5-4fa4-a97d-d965ccfc6d4b" outcome="Passed" testListId="8c84fa94-04c1-424b-9868-57a2d4851a1d" relativeResultsDirectory="290a5361-d004-4203-8a6d-dd189ab8a310" />
    <UnitTestResult executionId="139bdabb-cf1e-4375-a846-c058ecea19fe" testId="8101c329-f816-1b77-6dff-b489ffd749c4" testName="OpenClawNet.UnitTests.Skills.FileSkillLoaderTests.InstallSkillAsync_SetsSourceToInstalled" computerName="CPC-bruno-U7R9O" duration="00:00:00.0268533" startTime="2026-04-16T07:31:11.7749567-04:00" endTime="2026-04-16T07:31:11.8023780-04:00" testType="13cdc9d9-ddb5-4fa4-a97d-d965ccfc6d4b" outcome="Passed" testListId="8c84fa94-04c1-424b-9868-57a2d4851a1d" relativeResultsDirectory="139bdabb-cf1e-4375-a846-c058ecea19fe" />
    <UnitTestResult executionId="12a35f4f-b457-4a62-a4e7-73b049415f78" testId="d1019978-2b1f-a41a-6fc6-4b3ed9e1ae4c" testName="OpenClawNet.UnitTests.Storage.JobStatusTransitionsTests.IsAllowed_AllInvalidTransitions_ReturnFalse(from: Active, to: Draft)" computerName="CPC-bruno-U7R9O" duration="00:00:00.0000053" startTime="2026-04-16T07:31:11.5619373-04:00" endTime="2026-04-16T07:31:11.5619897-04:00" testType="13cdc9d9-ddb5-4fa4-a97d-d965ccfc6d4b" outcome="Passed" testListId="8c84fa94-04c1-424b-9868-57a2d4851a1d" relativeResultsDirectory="12a35f4f-b457-4a62-a4e7-73b049415f78" />
    <UnitTestResult executionId="b3a7272c-2493-4c03-a923-713d296fc53a" testId="4f25f0bb-524f-d762-f4c9-8c56617c2966" testName="OpenClawNet.UnitTests.Gateway.ModelProviderEndpointTests.GetList_MasksApiKey_ReturnsHasApiKeyFlag" computerName="CPC-bruno-U7R9O" duration="00:00:00.0192465" startTime="2026-04-16T07:31:12.5402506-04:00" endTime="2026-04-16T07:31:12.5597681-04:00" testType="13cdc9d9-ddb5-4fa4-a97d-d965ccfc6d4b" outcome="Passed" testListId="8c84fa94-04c1-424b-9868-57a2d4851a1d" relativeResultsDirectory="b3a7272c-2493-4c03-a923-713d296fc53a" />
    <UnitTestResult executionId="f6c450b9-ee0a-43b9-a625-111d192ac03b" testId="3be3c9d3-ccdf-d76f-480a-5a1061227c01" testName="OpenClawNet.UnitTests.Storage.ModelProviderDefinitionStoreTests.ListByTypeAsync_ReturnsOnlyMatchingType" computerName="CPC-bruno-U7R9O" duration="00:00:00.9316598" startTime="2026-04-16T07:31:11.4599469-04:00" endTime="2026-04-16T07:31:12.4256875-04:00" testType="13cdc9d9-ddb5-4fa4-a97d-d965ccfc6d4b" outcome="Passed" testListId="8c84fa94-04c1-424b-9868-57a2d4851a1d" relativeResultsDirectory="f6c450b9-ee0a-43b9-a625-111d192ac03b" />
    <UnitTestResult executionId="173a40a9-268e-4f27-bdf6-7ad0bf469303" testId="213b1533-7798-95cd-3125-9e72d916d53a" testName="OpenClawNet.UnitTests.Storage.ConversationStoreTests.CreateSession_ReturnsNewSession" computerName="CPC-bruno-U7R9O" duration="00:00:00.0011407" startTime="2026-04-16T07:31:12.5239991-04:00" endTime="2026-04-16T07:31:12.5250433-04:00" testType="13cdc9d9-ddb5-4fa4-a97d-d965ccfc6d4b" outcome="Passed" testListId="8c84fa94-04c1-424b-9868-57a2d4851a1d" relativeResultsDirectory="173a40a9-268e-4f27-bdf6-7ad0bf469303" />
    <UnitTestResult executionId="8982b730-fc39-4556-ac8b-a570e5f2c299" testId="0b6b4ac7-5e3b-1b06-9b52-604edfdfa722" testName="OpenClawNet.UnitTests.Skills.FileSkillLoaderTests.InstallSkillAsync_SkillAppearsInListAfterInstall" computerName="CPC-bruno-U7R9O" duration="00:00:00.0158972" startTime="2026-04-16T07:31:11.9253666-04:00" endTime="2026-04-16T07:31:11.9407679-04:00" testType="13cdc9d9-ddb5-4fa4-a97d-d965ccfc6d4b" outcome="Passed" testListId="8c84fa94-04c1-424b-9868-57a2d4851a1d" relativeResultsDirectory="8982b730-fc39-4556-ac8b-a570e5f2c299" />
    <UnitTestResult executionId="e01ff4b6-346f-435d-b214-a2455d120109" testId="1ddb9f9e-996a-3884-a535-e139f13b4f95" testName="OpenClawNet.UnitTests.Services.RuntimeAgentProviderTests.CreateChatClient_UsesProfileProvider_WhenSpecified" computerName="CPC-bruno-U7R9O" duration="00:00:00.1275380" startTime="2026-04-16T07:31:11.5792353-04:00" endTime="2026-04-16T07:31:11.6507724-04:00" testType="13cdc9d9-ddb5-4fa4-a97d-d965ccfc6d4b" outcome="Passed" testListId="8c84fa94-04c1-424b-9868-57a2d4851a1d" relativeResultsDirectory="e01ff4b6-346f-435d-b214-a2455d120109" />
    <UnitTestResult executionId="3fbe6934-2bff-4a35-9e53-946410b4bd7f" testId="0c46f93b-30c8-c1e0-368d-b65f4a5aa3f7" testName="OpenClawNet.UnitTests.Storage.ConversationStoreTests.DeleteSession_RemovesSession" computerName="CPC-bruno-U7R9O" duration="00:00:00.0043406" startTime="2026-04-16T07:31:12.5202811-04:00" endTime="2026-04-16T07:31:12.5238615-04:00" testType="13cdc9d9-ddb5-4fa4-a97d-d965ccfc6d4b" outcome="Passed" testListId="8c84fa94-04c1-424b-9868-57a2d4851a1d" relativeResultsDirectory="3fbe6934-2bff-4a35-9e53-946410b4bd7f" />
    <UnitTestResult executionId="87cb4280-ce34-4d59-86f4-687b68452a3f" testId="ae6e04aa-32cf-17ed-76ff-307d5ecdd96c" testName="OpenClawNet.UnitTests.Models.OllamaModelClientTests.StreamAsync_ExtractsToolCalls_FromDoneFalseChunk" computerName="CPC-bruno-U7R9O" duration="00:00:00.0037070" startTime="2026-04-16T07:31:11.6605404-04:00" endTime="2026-04-16T07:31:11.6631076-04:00" testType="13cdc9d9-ddb5-4fa4-a97d-d965ccfc6d4b" outcome="Passed" testListId="8c84fa94-04c1-424b-9868-57a2d4851a1d" relativeResultsDirectory="87cb4280-ce34-4d59-86f4-687b68452a3f" />
    <UnitTestResult executionId="b8608577-b1f2-467d-b3cf-0b99ccd6f115" testId="0e795916-b631-1efc-b9e8-eb753b78e740" testName="OpenClawNet.UnitTests.Storage.JobStatusTransitionsTests.IsAllowed_SameStateToSameState_ReturnsFalse(status: Active)" computerName="CPC-bruno-U7R9O" duration="00:00:00.0000022" startTime="2026-04-16T07:31:11.5584144-04:00" endTime="2026-04-16T07:31:11.5584785-04:00" testType="13cdc9d9-ddb5-4fa4-a97d-d965ccfc6d4b" outcome="Passed" testListId="8c84fa94-04c1-424b-9868-57a2d4851a1d" relativeResultsDirectory="b8608577-b1f2-467d-b3cf-0b99ccd6f115" />
    <UnitTestResult executionId="2ab83165-6bac-43ab-9885-88556eb2db02" testId="639b077a-8218-c685-59a1-a9a35e8d5d9a" testName="OpenClawNet.UnitTests.Gateway.RuntimeModelClientTests.CreateAzureOpenAI_ThrowsWhenApiKeyMissing" computerName="CPC-bruno-U7R9O" duration="00:00:00.0051541" startTime="2026-04-16T07:31:11.6547592-04:00" endTime="2026-04-16T07:31:11.6609735-04:00" testType="13cdc9d9-ddb5-4fa4-a97d-d965ccfc6d4b" outcome="Passed" testListId="8c84fa94-04c1-424b-9868-57a2d4851a1d" relativeResultsDirectory="2ab83165-6bac-43ab-9885-88556eb2db02" />
    <UnitTestResult executionId="c9889b8f-511f-473a-8bc5-3ef456fd095d" testId="4c777fe8-5ab1-b155-3cbf-45dd7fa1f8e5" testName="OpenClawNet.UnitTests.Agent.PromptComposerTests.ComposeAsync_FallbackPrompt_ContainsWorkspacePath" computerName="CPC-bruno-U7R9O" duration="00:00:00.0032485" startTime="2026-04-16T07:31:11.7180814-04:00" endTime="2026-04-16T07:31:11.7188541-04:00" testType="13cdc9d9-ddb5-4fa4-a97d-d965ccfc6d4b" outcome="Passed" testListId="8c84fa94-04c1-424b-9868-57a2d4851a1d" relativeResultsDirectory="c9889b8f-511f-473a-8bc5-3ef456fd095d" />
    <UnitTestResult executionId="a592570b-93a1-48bb-8983-626004b68a75" testId="7d23ce64-b136-85d7-6c99-088ed6406cae" testName="OpenClawNet.UnitTests.Storage.JobStatusTransitionsTests.IsAllowed_DraftToPaused_ReturnsFalse" computerName="CPC-bruno-U7R9O" duration="00:00:00.0004405" startTime="2026-04-16T07:31:11.5655701-04:00" endTime="2026-04-16T07:31:11.5656387-04:00" testType="13cdc9d9-ddb5-4fa4-a97d-d965ccfc6d4b" outcome="Passed" testListId="8c84fa94-04c1-424b-9868-57a2d4851a1d" relativeResultsDirectory="a592570b-93a1-48bb-8983-626004b68a75" />
    <UnitTestResult executionId="6ed6b8ca-1247-409f-bf69-4febb30b2a98" testId="4f989a93-b48d-e94a-5514-84de8a1e4a76" testName="OpenClawNet.UnitTests.Storage.JobStatusTransitionsTests.IsAllowed_CancelledToDraft_ReturnsFalse" computerName="CPC-bruno-U7R9O" duration="00:00:00.0001471" startTime="2026-04-16T07:31:11.5586309-04:00" endTime="2026-04-16T07:31:11.5586739-04:00" testType="13cdc9d9-ddb5-4fa4-a97d-d965ccfc6d4b" outcome="Passed" testListId="8c84fa94-04c1-424b-9868-57a2d4851a1d" relativeResultsDirectory="6ed6b8ca-1247-409f-bf69-4febb30b2a98" />
    <UnitTestResult executionId="b56b2e62-575c-4ec4-8fbc-777565f3a6a8" testId="29a341e2-1954-0bfd-e163-360c32326b3f" testName="OpenClawNet.UnitTests.Integration.ChatSmokeTests.Pipeline_EmptyMessage_DoesNotThrow" computerName="CPC-bruno-U7R9O" duration="00:00:00.8005212" startTime="2026-04-16T07:31:11.6656792-04:00" endTime="2026-04-16T07:31:12.4669637-04:00" testType="13cdc9d9-ddb5-4fa4-a97d-d965ccfc6d4b" outcome="Passed" testListId="8c84fa94-04c1-424b-9868-57a2d4851a1d" relativeResultsDirectory="b56b2e62-575c-4ec4-8fbc-777565f3a6a8" />
    <UnitTestResult executionId="e029b6af-f20a-41a1-902e-fdb6619433da" testId="3d46914d-9c90-a159-2135-11cdb6778fd5" testName="OpenClawNet.UnitTests.Gateway.ChatStreamEndpointTests.Post_ModelProviderUnavailable_YieldsErrorEvent" computerName="CPC-bruno-U7R9O" duration="00:00:00.0115506" startTime="2026-04-16T07:31:11.9593797-04:00" endTime="2026-04-16T07:31:11.9713231-04:00" testType="13cdc9d9-ddb5-4fa4-a97d-d965ccfc6d4b" outcome="Passed" testListId="8c84fa94-04c1-424b-9868-57a2d4851a1d" relativeResultsDirectory="e029b6af-f20a-41a1-902e-fdb6619433da" />
    <UnitTestResult executionId="a327379c-8d7e-40eb-a507-112ef245f5a2" testId="7279ff54-dbce-8625-8b98-fde8ad4e867c" testName="OpenClawNet.UnitTests.Gateway.RuntimeModelSettingsTests.Update_PreservesApiKey_InMemory" computerName="CPC-bruno-U7R9O" duration="00:00:00.0121615" startTime="2026-04-16T07:31:11.6047966-04:00" endTime="2026-04-16T07:31:11.6174095-04:00" testType="13cdc9d9-ddb5-4fa4-a97d-d965ccfc6d4b" outcome="Passed" testListId="8c84fa94-04c1-424b-9868-57a2d4851a1d" relativeResultsDirectory="a327379c-8d7e-40eb-a507-112ef245f5a2" />
    <UnitTestResult executionId="0a302b2c-be07-4124-a02a-843d94624246" testId="0aeea800-2c6f-2da6-19ba-d2fad9bce49d" testName="OpenClawNet.UnitTests.Models.AzureOpenAIModelClientTests.AddAzureOpenAI_ReadsEndpointFromAzureOpenAISection_TakingPrecedence" computerName="CPC-bruno-U7R9O" duration="00:00:00.0025515" startTime="2026-04-16T07:31:11.6486669-04:00" endTime="2026-04-16T07:31:11.6501833-04:00" testType="13cdc9d9-ddb5-4fa4-a97d-d965ccfc6d4b" outcome="Passed" testListId="8c84fa94-04c1-424b-9868-57a2d4851a1d" relativeResultsDirectory="0a302b2c-be07-4124-a02a-843d94624246" />
    <UnitTestResult executionId="01096327-2293-498a-bae6-88e6c5ee37d8" testId="ce5f4b3a-ea41-88ed-d508-1792b4e2614e" testName="OpenClawNet.UnitTests.Storage.JobStatusTransitionsTests.IsAllowed_PausedToDraft_ReturnsFalse" computerName="CPC-bruno-U7R9O" duration="00:00:00.0007998" startTime="2026-04-16T07:31:11.5702964-04:00" endTime="2026-04-16T07:31:11.5704669-04:00" testType="13cdc9d9-ddb5-4fa4-a97d-d965ccfc6d4b" outcome="Passed" testListId="8c84fa94-04c1-424b-9868-57a2d4851a1d" relativeResultsDirectory="01096327-2293-498a-bae6-88e6c5ee37d8" />
    <UnitTestResult executionId="9a194caa-c51c-41ba-86a3-c649b40108e5" testId="c0e325ce-d341-ab13-d1e9-32337153d42e" testName="OpenClawNet.UnitTests.Storage.JobStatusTransitionsTests.IsEditable_Paused_ReturnsTrue" computerName="CPC-bruno-U7R9O" duration="00:00:00.0001568" startTime="2026-04-16T07:31:11.5668612-04:00" endTime="2026-04-16T07:31:11.5668973-04:00" testType="13cdc9d9-ddb5-4fa4-a97d-d965ccfc6d4b" outcome="Passed" testListId="8c84fa94-04c1-424b-9868-57a2d4851a1d" relativeResultsDirectory="9a194caa-c51c-41ba-86a3-c649b40108e5" />
    <UnitTestResult executionId="bcbd0741-bc05-4770-b475-0c858dd233a5" testId="3f2d8fc8-18b6-0882-3367-0abd3b92f98d" testName="OpenClawNet.UnitTests.Skills.FileSkillLoaderTests.BuiltInSkills_HaveSourceBuiltIn" computerName="CPC-bruno-U7R9O" duration="00:00:00.0399295" startTime="2026-04-16T07:31:11.7336527-04:00" endTime="2026-04-16T07:31:11.7747166-04:00" testType="13cdc9d9-ddb5-4fa4-a97d-d965ccfc6d4b" outcome="Passed" testListId="8c84fa94-04c1-424b-9868-57a2d4851a1d" relativeResultsDirectory="bcbd0741-bc05-4770-b475-0c858dd233a5" />
    <UnitTestResult executionId="623b36d5-6989-43db-8999-9d54688badb3" testId="69320bc1-1978-8c87-3da8-75819b24acb3" testName="OpenClawNet.UnitTests.Gateway.ProviderResolverTests.ResolveAsync_DefinitionFields_MappedCorrectly" computerName="CPC-bruno-U7R9O" duration="00:00:00.0197704" startTime="2026-04-16T07:31:11.7002065-04:00" endTime="2026-04-16T07:31:11.7203906-04:00" testType="13cdc9d9-ddb5-4fa4-a97d-d965ccfc6d4b" outcome="Passed" testListId="8c84fa94-04c1-424b-9868-57a2d4851a1d" relativeResultsDirectory="623b36d5-6989-43db-8999-9d54688badb3" />
    <UnitTestResult executionId="587545f6-3621-4dd6-a3d4-5c8850e5bddd" testId="85f7c49b-1f51-bcc2-902f-f4b51fd8c08b" testName="OpenClawNet.UnitTests.Gateway.AgentProfileEndpointTests.DeleteProfile_RemovesProfile" computerName="CPC-bruno-U7R9O" duration="00:00:00.0193674" startTime="2026-04-16T07:31:12.5696074-04:00" endTime="2026-04-16T07:31:12.5892964-04:00" testType="13cdc9d9-ddb5-4fa4-a97d-d965ccfc6d4b" outcome="Passed" testListId="8c84fa94-04c1-424b-9868-57a2d4851a1d" relativeResultsDirectory="587545f6-3621-4dd6-a3d4-5c8850e5bddd" />
    <UnitTestResult executionId="5006f788-3cd2-4a4b-b30c-a305fff3f400" testId="c13b62d4-f769-342d-787f-07efb58a3f89" testName="OpenClawNet.UnitTests.Models.AzureOpenAIModelClientTests.ProviderName_IsAzureOpenAI" computerName="CPC-bruno-U7R9O" duration="00:00:00.0003293" startTime="2026-04-16T07:31:11.6608765-04:00" endTime="2026-04-16T07:31:11.6612315-04:00" testType="13cdc9d9-ddb5-4fa4-a97d-d965ccfc6d4b" outcome="Passed" testListId="8c84fa94-04c1-424b-9868-57a2d4851a1d" relativeResultsDirectory="5006f788-3cd2-4a4b-b30c-a305fff3f400" />
    <UnitTestResult executionId="921ebc9f-9fba-43a6-8026-06b9a1643916" testId="86395317-0cca-af2f-03a4-8909d57420f8" testName="OpenClawNet.UnitTests.Agent.AgentRuntimeStreamTests.ExecuteStreamAsync_YieldsError_WhenPromptComposeThrows" computerName="CPC-bruno-U7R9O" duration="00:00:00.0317146" startTime="2026-04-16T07:31:12.4835163-04:00" endTime="2026-04-16T07:31:12.5145243-04:00" testType="13cdc9d9-ddb5-4fa4-a97d-d965ccfc6d4b" outcome="Passed" testListId="8c84fa94-04c1-424b-9868-57a2d4851a1d" relativeResultsDirectory="921ebc9f-9fba-43a6-8026-06b9a1643916" />
    <UnitTestResult executionId="39df1b7b-f55a-4776-b7d1-0f929f771172" testId="44c38ae1-e745-0b1e-c388-bae5ef9f22f9" testName="OpenClawNet.UnitTests.Models.AzureOpenAIModelClientTests.CompleteAsync_Throws_WhenNotConfigured" computerName="CPC-bruno-U7R9O" duration="00:00:00.0816581" startTime="2026-04-16T07:31:11.4642648-04:00" endTime="2026-04-16T07:31:11.5681358-04:00" testType="13cdc9d9-ddb5-4fa4-a97d-d965ccfc6d4b" outcome="Passed" testListId="8c84fa94-04c1-424b-9868-57a2d4851a1d" relativeResultsDirectory="39df1b7b-f55a-4776-b7d1-0f929f771172" />
    <UnitTestResult executionId="a377c61f-847f-42fd-a718-3cb85b6d2f38" testId="12a40b4f-fbf3-69b7-1ea0-26749e334902" testName="OpenClawNet.UnitTests.Gateway.ChatEndpointProfileTests.Post_WithoutAgentProfileName_UsesDefault" computerName="CPC-bruno-U7R9O" duration="00:00:00.4432596" startTime="2026-04-16T07:31:11.4661794-04:00" endTime="2026-04-16T07:31:11.8738085-04:00" testType="13cdc9d9-ddb5-4fa4-a97d-d965ccfc6d4b" outcome="Passed" testListId="8c84fa94-04c1-424b-9868-57a2d4851a1d" relativeResultsDirectory="a377c61f-847f-42fd-a718-3cb85b6d2f38" />
    <UnitTestResult executionId="0ece8dfc-2f13-4573-a13d-39c5b86782cd" testId="3c7bef25-7167-f04b-f5dc-6dd51ff7a167" testName="OpenClawNet.UnitTests.Scheduler.SchedulerSettingsServiceTests.Update_PersistsToFile" computerName="CPC-bruno-U7R9O" duration="00:00:00.0282155" startTime="2026-04-16T07:31:11.6124439-04:00" endTime="2026-04-16T07:31:11.6405295-04:00" testType="13cdc9d9-ddb5-4fa4-a97d-d965ccfc6d4b" outcome="Passed" testListId="8c84fa94-04c1-424b-9868-57a2d4851a1d" relativeResultsDirectory="0ece8dfc-2f13-4573-a13d-39c5b86782cd" />
    <UnitTestResult executionId="e9b8b712-0b57-4693-b118-983b8bc75707" testId="6aed574b-9838-3e67-c37f-179f30d9bfe6" testName="OpenClawNet.UnitTests.Models.AgentProfileMarkdownParserTests.Parse_YamlFrontMatter_AllFieldsParsed" computerName="CPC-bruno-U7R9O" duration="00:00:00.0006633" startTime="2026-04-16T07:31:11.8023092-04:00" endTime="2026-04-16T07:31:11.8025419-04:00" testType="13cdc9d9-ddb5-4fa4-a97d-d965ccfc6d4b" outcome="Passed" testListId="8c84fa94-04c1-424b-9868-57a2d4851a1d" relativeResultsDirectory="e9b8b712-0b57-4693-b118-983b8bc75707" />
    <UnitTestResult executionId="95769baf-9759-4fca-a2dd-c437e92cd869" testId="61b7fe3b-84cb-36ec-b834-01f0cb94f791" testName="OpenClawNet.UnitTests.Agent.PromptComposerTests.ComposeAsync_IncludesSessionSummary" computerName="CPC-bruno-U7R9O" duration="00:00:00.0020791" startTime="2026-04-16T07:31:11.6951626-04:00" endTime="2026-04-16T07:31:11.6960658-04:00" testType="13cdc9d9-ddb5-4fa4-a97d-d965ccfc6d4b" outcome="Passed" testListId="8c84fa94-04c1-424b-9868-57a2d4851a1d" relativeResultsDirectory="95769baf-9759-4fca-a2dd-c437e92cd869" />
    <UnitTestResult executionId="99c4b249-d2c1-4f95-a113-fb85a558d2a1" testId="40ce3de5-b1ee-48b7-fda5-919d5ecb43de" testName="OpenClawNet.UnitTests.Storage.JobStatusTransitionsTests.IsTerminal_NonTerminalStates_ReturnFalse(status: Paused)" computerName="CPC-bruno-U7R9O" duration="00:00:00.0000149" startTime="2026-04-16T07:31:11.5436317-04:00" endTime="2026-04-16T07:31:11.5437491-04:00" testType="13cdc9d9-ddb5-4fa4-a97d-d965ccfc6d4b" outcome="Passed" testListId="8c84fa94-04c1-424b-9868-57a2d4851a1d" relativeResultsDirectory="99c4b249-d2c1-4f95-a113-fb85a558d2a1" />
    <UnitTestResult executionId="6e9fd666-d318-4a8c-a66c-9122d6278077" testId="4b6dcde4-e3f2-af38-4208-c520bfa1215c" testName="OpenClawNet.UnitTests.Demos.DocumentPipelineTests.SchedulerPollingService_ProcessDueJobs_WithConcurrencyDisabled_SkipsRunningJob" computerName="CPC-bruno-U7R9O" duration="00:00:00.0032837" startTime="2026-04-16T07:31:11.7489000-04:00" endTime="2026-04-16T07:31:11.7520766-04:00" testType="13cdc9d9-ddb5-4fa4-a97d-d965ccfc6d4b" outcome="Passed" testListId="8c84fa94-04c1-424b-9868-57a2d4851a1d" relativeResultsDirectory="6e9fd666-d318-4a8c-a66c-9122d6278077" />
    <UnitTestResult executionId="bb4e9afe-11d2-48f3-ad64-5c08dcfe0f44" testId="8f25d0b9-acaf-1ee1-6207-a9c8722b3fde" testName="OpenClawNet.UnitTests.Gateway.ChatHubTests.StreamChat_CatchesProviderException_YieldsError" computerName="CPC-bruno-U7R9O" duration="00:00:00.0067360" startTime="2026-04-16T07:31:11.7208460-04:00" endTime="2026-04-16T07:31:11.7267842-04:00" testType="13cdc9d9-ddb5-4fa4-a97d-d965ccfc6d4b" outcome="Passed" testListId="8c84fa94-04c1-424b-9868-57a2d4851a1d" relativeResultsDirectory="bb4e9afe-11d2-48f3-ad64-5c08dcfe0f44" />
    <UnitTestResult executionId="79f10ef4-4b70-4ba1-9eb6-9fb79d285b67" testId="2b22e5e6-5b56-6787-3c5a-248486677a22" testName="OpenClawNet.UnitTests.Models.AzureOpenAIModelClientTests.AddAzureOpenAI_RegistersIModelClient" computerName="CPC-bruno-U7R9O" duration="00:00:00.0091889" startTime="2026-04-16T07:31:11.6503919-04:00" endTime="2026-04-16T07:31:11.6606277-04:00" testType="13cdc9d9-ddb5-4fa4-a97d-d965ccfc6d4b" outcome="Passed" testListId="8c84fa94-04c1-424b-9868-57a2d4851a1d" relativeResultsDirectory="79f10ef4-4b70-4ba1-9eb6-9fb79d285b67" />
    <UnitTestResult executionId="05fb7b34-d6fd-4499-92b3-060a10a43608" testId="5707192c-af11-466d-de2e-a9a49151eb97" testName="OpenClawNet.UnitTests.Skills.FileSkillLoaderTests.ReloadAsync_LoadsFlatMdFiles" computerName="CPC-bruno-U7R9O" duration="00:00:00.0156244" startTime="2026-04-16T07:31:11.9083271-04:00" endTime="2026-04-16T07:31:11.9243050-04:00" testType="13cdc9d9-ddb5-4fa4-a97d-d965ccfc6d4b" outcome="Passed" testListId="8c84fa94-04c1-424b-9868-57a2d4851a1d" relativeResultsDirectory="05fb7b34-d6fd-4499-92b3-060a10a43608" />
    <UnitTestResult executionId="966c9863-ada3-4f87-aab3-521682262bd9" testId="20d19faa-40d2-0341-ec1b-f6472ec71204" testName="OpenClawNet.UnitTests.Skills.FileSkillLoaderTests.InstallSkillAsync_CreatesSkillMdInInstalledDirectory" computerName="CPC-bruno-U7R9O" duration="00:00:00.0208945" startTime="2026-04-16T07:31:11.8025056-04:00" endTime="2026-04-16T07:31:11.8237703-04:00" testType="13cdc9d9-ddb5-4fa4-a97d-d965ccfc6d4b" outcome="Passed" testListId="8c84fa94-04c1-424b-9868-57a2d4851a1d" relativeResultsDirectory="966c9863-ada3-4f87-aab3-521682262bd9" />
    <UnitTestResult executionId="0d5a3d16-c8ec-4f31-854c-f714a0b91327" testId="9724e57e-4033-84cf-5401-4b55797d4c00" testName="OpenClawNet.UnitTests.Agent.ModelClientChatClientAdapterTests.ToOpenClawMessage_MapsRoles_Correctly(meaiRole: &quot;tool&quot;, expectedOcRole: Tool)" computerName="CPC-bruno-U7R9O" duration="00:00:00.0004348" startTime="2026-04-16T07:31:11.8206624-04:00" endTime="2026-04-16T07:31:11.8209152-04:00" testType="13cdc9d9-ddb5-4fa4-a97d-d965ccfc6d4b" outcome="Passed" testListId="8c84fa94-04c1-424b-9868-57a2d4851a1d" relativeResultsDirectory="0d5a3d16-c8ec-4f31-854c-f714a0b91327" />
    <UnitTestResult executionId="6669e232-f6b4-4347-be61-7e42658aa5a7" testId="55aeae58-1439-7f4d-dbae-ecceeee1838d" testName="OpenClawNet.UnitTests.Agent.ModelClientChatClientAdapterTests.GetResponseAsync_ConvertsMessages_Correctly" computerName="CPC-bruno-U7R9O" duration="00:00:00.0074692" startTime="2026-04-16T07:31:11.8218498-04:00" endTime="2026-04-16T07:31:11.8292238-04:00" testType="13cdc9d9-ddb5-4fa4-a97d-d965ccfc6d4b" outcome="Passed" testListId="8c84fa94-04c1-424b-9868-57a2d4851a1d" relativeResultsDirectory="6669e232-f6b4-4347-be61-7e42658aa5a7" />
    <UnitTestResult executionId="e609fe29-d33e-4073-b2e4-31b2ad3b1a7e" testId="bd279178-1063-fbae-4a66-bc9268a06d30" testName="OpenClawNet.UnitTests.Gateway.ChatHubTests.StreamChat_EmptyQuestion_StillProcesses" computerName="CPC-bruno-U7R9O" duration="00:00:00.0077073" startTime="2026-04-16T07:31:11.7123408-04:00" endTime="2026-04-16T07:31:11.7206615-04:00" testType="13cdc9d9-ddb5-4fa4-a97d-d965ccfc6d4b" outcome="Passed" testListId="8c84fa94-04c1-424b-9868-57a2d4851a1d" relativeResultsDirectory="e609fe29-d33e-4073-b2e4-31b2ad3b1a7e" />
    <UnitTestResult executionId="c6726a25-9cfc-4b8f-8ad6-472b4f350734" testId="b101d931-6746-04c9-1a5f-23874973b5da" testName="OpenClawNet.UnitTests.Services.RuntimeAgentProviderTests.IsAvailableAsync_DelegatesToActiveProvider" computerName="CPC-bruno-U7R9O" duration="00:00:00.0074613" startTime="2026-04-16T07:31:11.6509531-04:00" endTime="2026-04-16T07:31:11.6579414-04:00" testType="13cdc9d9-ddb5-4fa4-a97d-d965ccfc6d4b" outcome="Passed" testListId="8c84fa94-04c1-424b-9868-57a2d4851a1d" relativeResultsDirectory="c6726a25-9cfc-4b8f-8ad6-472b4f350734" />
    <UnitTestResult executionId="6c6ec8b2-5d39-4680-acd9-26208ea1a63d" testId="57a4f184-7d57-e2ff-4a98-f0540883c92b" testName="OpenClawNet.UnitTests.Models.AzureOpenAIAgentProviderTests.IsAvailableAsync_ReturnsFalse_WhenNoEndpoint" computerName="CPC-bruno-U7R9O" duration="00:00:00.0011465" startTime="2026-04-16T07:31:11.5500852-04:00" endTime="2026-04-16T07:31:11.5501312-04:00" testType="13cdc9d9-ddb5-4fa4-a97d-d965ccfc6d4b" outcome="Passed" testListId="8c84fa94-04c1-424b-9868-57a2d4851a1d" relativeResultsDirectory="6c6ec8b2-5d39-4680-acd9-26208ea1a63d" />
    <UnitTestResult executionId="71d8346a-d462-4124-831e-a33c10c55f8d" testId="2706c4d1-835e-84c8-4732-0377b07eee79" testName="OpenClawNet.UnitTests.Gateway.ModelProviderEndpointTests.DeleteProvider_NonExistent_ReturnsNoContent" computerName="CPC-bruno-U7R9O" duration="00:00:00.0218050" startTime="2026-04-16T07:31:12.4326052-04:00" endTime="2026-04-16T07:31:12.4546541-04:00" testType="13cdc9d9-ddb5-4fa4-a97d-d965ccfc6d4b" outcome="Passed" testListId="8c84fa94-04c1-424b-9868-57a2d4851a1d" relativeResultsDirectory="71d8346a-d462-4124-831e-a33c10c55f8d" />
    <UnitTestResult executionId="da37c1ec-3853-4288-b5f5-663e53f2feb6" testId="1a2452f2-bcf9-8117-46e3-1e9e2d276005" testName="OpenClawNet.UnitTests.Storage.JobStatusTransitionsTests.IsAllowed_AllInvalidTransitions_ReturnFalse(from: Completed, to: Draft)" computerName="CPC-bruno-U7R9O" duration="00:00:00.0000047" startTime="2026-04-16T07:31:11.5635200-04:00" endTime="2026-04-16T07:31:11.5635872-04:00" testType="13cdc9d9-ddb5-4fa4-a97d-d965ccfc6d4b" outcome="Passed" testListId="8c84fa94-04c1-424b-9868-57a2d4851a1d" relativeResultsDirectory="da37c1ec-3853-4288-b5f5-663e53f2feb6" />
    <UnitTestResult executionId="a8aed092-443e-42ac-be76-f8e76ea390cb" testId="c829b81e-82b2-51e1-da0d-7fddcf5cb35f" testName="OpenClawNet.UnitTests.Tools.ToolRegistryTests.Register_AddsToolToRegistry" computerName="CPC-bruno-U7R9O" duration="00:00:00.0009404" startTime="2026-04-16T07:31:11.5823245-04:00" endTime="2026-04-16T07:31:11.5823872-04:00" testType="13cdc9d9-ddb5-4fa4-a97d-d965ccfc6d4b" outcome="Passed" testListId="8c84fa94-04c1-424b-9868-57a2d4851a1d" relativeResultsDirectory="a8aed092-443e-42ac-be76-f8e76ea390cb" />
    <UnitTestResult executionId="6c3b8f8c-fc2e-453a-b667-5b51a208fb44" testId="f61dbf3d-af4a-96cc-321a-163e0d18ed39" testName="OpenClawNet.UnitTests.Storage.JobStatusTransitionsTests.IsAllowed_AllValidTransitions_ReturnTrue(from: Active, to: Completed)" computerName="CPC-bruno-U7R9O" duration="00:00:00.0000025" startTime="2026-04-16T07:31:11.5561051-04:00" endTime="2026-04-16T07:31:11.5561678-04:00" testType="13cdc9d9-ddb5-4fa4-a97d-d965ccfc6d4b" outcome="Passed" testListId="8c84fa94-04c1-424b-9868-57a2d4851a1d" relativeResultsDirectory="6c3b8f8c-fc2e-453a-b667-5b51a208fb44" />
    <UnitTestResult executionId="04a86ac0-41bf-4bdd-aa98-92e2f8afcd3f" testId="b9afa542-4cbc-b961-5e1c-d641f81863d2" testName="OpenClawNet.UnitTests.Agent.AgentRuntimeStreamTests.ExecuteStreamAsync_EmitsToolApprovalRequest_BeforeToolCallStart_ForApprovalRequiredTools" computerName="CPC-bruno-U7R9O" duration="00:00:00.0095032" startTime="2026-04-16T07:31:12.4719700-04:00" endTime="2026-04-16T07:31:12.4818677-04:00" testType="13cdc9d9-ddb5-4fa4-a97d-d965ccfc6d4b" outcome="Passed" testListId="8c84fa94-04c1-424b-9868-57a2d4851a1d" relativeResultsDirectory="04a86ac0-41bf-4bdd-aa98-92e2f8afcd3f" />
    <UnitTestResult executionId="5d8360d6-d269-4627-bffd-fd8888490f13" testId="399edbb7-2e5f-2a5c-1b12-b6b010dd8206" testName="OpenClawNet.UnitTests.Models.OllamaModelClientTests.StreamAsync_SendsStreamTrue_InRequest" computerName="CPC-bruno-U7R9O" duration="00:00:00.0022280" startTime="2026-04-16T07:31:11.6441329-04:00" endTime="2026-04-16T07:31:11.6451961-04:00" testType="13cdc9d9-ddb5-4fa4-a97d-d965ccfc6d4b" outcome="Passed" testListId="8c84fa94-04c1-424b-9868-57a2d4851a1d" relativeResultsDirectory="5d8360d6-d269-4627-bffd-fd8888490f13" />
    <UnitTestResult executionId="33b089c0-5863-430f-8410-55220a531b11" testId="3f64a7a1-eef4-5310-50b9-eb2dfa8e0517" testName="OpenClawNet.UnitTests.Storage.JobStatusTransitionsTests.IsAllowed_CancelledToActive_ReturnsFalse" computerName="CPC-bruno-U7R9O" duration="00:00:00.0006232" startTime="2026-04-16T07:31:11.5795147-04:00" endTime="2026-04-16T07:31:11.5795876-04:00" testType="13cdc9d9-ddb5-4fa4-a97d-d965ccfc6d4b" outcome="Passed" testListId="8c84fa94-04c1-424b-9868-57a2d4851a1d" relativeResultsDirectory="33b089c0-5863-430f-8410-55220a531b11" />
    <UnitTestResult executionId="a114b26c-d396-442e-aaae-971170eb97ea" testId="ab184bec-244b-c8e3-c8ab-9ca53253757c" testName="OpenClawNet.UnitTests.Storage.JobStatusTransitionsTests.IsAllowed_AllValidTransitions_ReturnTrue(from: Paused, to: Active)" computerName="CPC-bruno-U7R9O" duration="00:00:00.0000031" startTime="2026-04-16T07:31:11.5558711-04:00" endTime="2026-04-16T07:31:11.5559374-04:00" testType="13cdc9d9-ddb5-4fa4-a97d-d965ccfc6d4b" outcome="Passed" testListId="8c84fa94-04c1-424b-9868-57a2d4851a1d" relativeResultsDirectory="a114b26c-d396-442e-aaae-971170eb97ea" />
    <UnitTestResult executionId="c80010bd-8e96-4464-855a-1ad34a786f08" testId="99fa6024-cda9-5655-11c1-b3480a8af763" testName="OpenClawNet.UnitTests.Tools.FileSystemToolTests.List_WithAbsolutePath_ListsDirectory" computerName="CPC-bruno-U7R9O" duration="00:00:00.0098265" startTime="2026-04-16T07:31:11.7465384-04:00" endTime="2026-04-16T07:31:11.7569131-04:00" testType="13cdc9d9-ddb5-4fa4-a97d-d965ccfc6d4b" outcome="Passed" testListId="8c84fa94-04c1-424b-9868-57a2d4851a1d" relativeResultsDirectory="c80010bd-8e96-4464-855a-1ad34a786f08" />
    <UnitTestResult executionId="7b3b8cbe-e391-4fe6-8932-739b57855e77" testId="69e69b57-a1ec-a94e-8c06-545f3e7ce305" testName="OpenClawNet.UnitTests.Storage.JobStatusTransitionsTests.IsAllowed_SameStateToSameState_ReturnsFalse(status: Completed)" computerName="CPC-bruno-U7R9O" duration="00:00:00.0007284" startTime="2026-04-16T07:31:11.5565506-04:00" endTime="2026-04-16T07:31:11.5566119-04:00" testType="13cdc9d9-ddb5-4fa4-a97d-d965ccfc6d4b" outcome="Passed" testListId="8c84fa94-04c1-424b-9868-57a2d4851a1d" relativeResultsDirectory="7b3b8cbe-e391-4fe6-8932-739b57855e77" />
    <UnitTestResult executionId="bb3f3f4f-2f52-4fe6-9ebd-438dc65aec66" testId="467d1807-2572-c40c-50c5-c9562236cd46" testName="OpenClawNet.UnitTests.Storage.AgentProfileStoreTests.GetAsync_ReturnsNull_WhenNotFound" computerName="CPC-bruno-U7R9O" duration="00:00:00.0012087" startTime="2026-04-16T07:31:12.4513507-04:00" endTime="2026-04-16T07:31:12.4524083-04:00" testType="13cdc9d9-ddb5-4fa4-a97d-d965ccfc6d4b" outcome="Passed" testListId="8c84fa94-04c1-424b-9868-57a2d4851a1d" relativeResultsDirectory="bb3f3f4f-2f52-4fe6-9ebd-438dc65aec66" />
    <UnitTestResult executionId="4de3dc2e-acfa-4f0f-97b0-8b7f5b2667ce" testId="b1749646-c960-58aa-946b-405aeedd2205" testName="OpenClawNet.UnitTests.Storage.JobStatusTransitionsTests.IsAllowed_DraftToActive_ReturnsTrue" computerName="CPC-bruno-U7R9O" duration="00:00:00.0002174" startTime="2026-04-16T07:31:11.5660254-04:00" endTime="2026-04-16T07:31:11.5660831-04:00" testType="13cdc9d9-ddb5-4fa4-a97d-d965ccfc6d4b" outcome="Passed" testListId="8c84fa94-04c1-424b-9868-57a2d4851a1d" relativeResultsDirectory="4de3dc2e-acfa-4f0f-97b0-8b7f5b2667ce" />
    <UnitTestResult executionId="cd2f0a1c-f842-4824-85a4-fe90025dbe5e" testId="fe51e4f0-dbb1-99f4-94fa-37bb63d45727" testName="OpenClawNet.UnitTests.Integration.ChatSmokeTests.Pipeline_WithProviderError_YieldsErrorEvent" computerName="CPC-bruno-U7R9O" duration="00:00:00.0097026" startTime="2026-04-16T07:31:12.4741664-04:00" endTime="2026-04-16T07:31:12.4836820-04:00" testType="13cdc9d9-ddb5-4fa4-a97d-d965ccfc6d4b" outcome="Passed" testListId="8c84fa94-04c1-424b-9868-57a2d4851a1d" relativeResultsDirectory="cd2f0a1c-f842-4824-85a4-fe90025dbe5e" />
    <UnitTestResult executionId="3e8f716b-8c7a-4f30-99a3-8cd4e61ff881" testId="71c87400-600d-2d4d-e3cb-add9d3ec4fc4" testName="OpenClawNet.UnitTests.Storage.JobStatusTransitionsTests.IsAllowed_AllValidTransitions_ReturnTrue(from: Draft, to: Active)" computerName="CPC-bruno-U7R9O" duration="00:00:00.0062061" startTime="2026-04-16T07:31:11.5503815-04:00" endTime="2026-04-16T07:31:11.5550887-04:00" testType="13cdc9d9-ddb5-4fa4-a97d-d965ccfc6d4b" outcome="Passed" testListId="8c84fa94-04c1-424b-9868-57a2d4851a1d" relativeResultsDirectory="3e8f716b-8c7a-4f30-99a3-8cd4e61ff881" />
    <UnitTestResult executionId="e2feb1a2-42ec-4874-a391-96b7b365ed71" testId="a5393ffa-9126-a4ab-39be-516adbc87e3b" testName="OpenClawNet.UnitTests.Tools.ToolExecutorTests.ExecuteAsync_CallsTool_WhenFound" computerName="CPC-bruno-U7R9O" duration="00:00:00.0361752" startTime="2026-04-16T07:31:11.4662470-04:00" endTime="2026-04-16T07:31:11.4943966-04:00" testType="13cdc9d9-ddb5-4fa4-a97d-d965ccfc6d4b" outcome="Passed" testListId="8c84fa94-04c1-424b-9868-57a2d4851a1d" relativeResultsDirectory="e2feb1a2-42ec-4874-a391-96b7b365ed71" />
    <UnitTestResult executionId="9eeafd4e-6a60-4663-9c03-b4519f3a3107" testId="850bfec7-c153-d323-c687-444f3b037742" testName="OpenClawNet.UnitTests.Gateway.ChatStreamEndpointTests.Post_SessionIdPassedThrough_AppearsInEvents" computerName="CPC-bruno-U7R9O" duration="00:00:00.0093055" startTime="2026-04-16T07:31:11.9806877-04:00" endTime="2026-04-16T07:31:11.9903115-04:00" testType="13cdc9d9-ddb5-4fa4-a97d-d965ccfc6d4b" outcome="Passed" testListId="8c84fa94-04c1-424b-9868-57a2d4851a1d" relativeResultsDirectory="9eeafd4e-6a60-4663-9c03-b4519f3a3107" />
    <UnitTestResult executionId="8e06bce8-cf60-4c77-8b86-d7af388864ef" testId="e54699cd-9090-7ce7-3370-1b95d7d47846" testName="OpenClawNet.UnitTests.Demos.DocumentPipelineTests.FileSystemTool_ListDirectory_ReturnsDirectoriesAndFiles" computerName="CPC-bruno-U7R9O" duration="00:00:00.0073084" startTime="2026-04-16T07:31:11.7547718-04:00" endTime="2026-04-16T07:31:11.7631193-04:00" testType="13cdc9d9-ddb5-4fa4-a97d-d965ccfc6d4b" outcome="Passed" testListId="8c84fa94-04c1-424b-9868-57a2d4851a1d" relativeResultsDirectory="8e06bce8-cf60-4c77-8b86-d7af388864ef" />
    <UnitTestResult executionId="9e5dfe07-2dd7-4549-bcb7-5e4926bcf0fa" testId="06addaf4-dec0-97fa-ac7a-cdcdd515e323" testName="OpenClawNet.UnitTests.Storage.AgentProfileStoreTests.GetDefaultAsync_ReturnsExistingDefault" computerName="CPC-bruno-U7R9O" duration="00:00:00.9007406" startTime="2026-04-16T07:31:11.5816323-04:00" endTime="2026-04-16T07:31:12.4277581-04:00" testType="13cdc9d9-ddb5-4fa4-a97d-d965ccfc6d4b" outcome="Passed" testListId="8c84fa94-04c1-424b-9868-57a2d4851a1d" relativeResultsDirectory="9e5dfe07-2dd7-4549-bcb7-5e4926bcf0fa" />
    <UnitTestResult executionId="41ec2370-0ee7-43f2-906b-4152822f4194" testId="7ea7d5b7-d455-2c3d-3b5e-973d3489f886" testName="OpenClawNet.UnitTests.Storage.JobStatusTransitionsTests.IsAllowed_CompletedToAnyState_ReturnsFalse(to: Cancelled)" computerName="CPC-bruno-U7R9O" duration="00:00:00.0000041" startTime="2026-04-16T07:31:11.5686130-04:00" endTime="2026-04-16T07:31:11.5686505-04:00" testType="13cdc9d9-ddb5-4fa4-a97d-d965ccfc6d4b" outcome="Passed" testListId="8c84fa94-04c1-424b-9868-57a2d4851a1d" relativeResultsDirectory="41ec2370-0ee7-43f2-906b-4152822f4194" />
    <UnitTestResult executionId="e89fe2c9-9b4b-42f4-9a46-273e25f35f54" testId="d6b6a51c-9094-e3d6-1c6a-4e56a6e0264c" testName="OpenClawNet.UnitTests.Storage.AgentProfileStoreTests.SaveAsync_UpdatesExistingProfile" computerName="CPC-bruno-U7R9O" duration="00:00:00.0028586" startTime="2026-04-16T07:31:12.4442063-04:00" endTime="2026-04-16T07:31:12.4469273-04:00" testType="13cdc9d9-ddb5-4fa4-a97d-d965ccfc6d4b" outcome="Passed" testListId="8c84fa94-04c1-424b-9868-57a2d4851a1d" relativeResultsDirectory="e89fe2c9-9b4b-42f4-9a46-273e25f35f54" />
    <UnitTestResult executionId="3b513a93-5e46-4a9d-90ac-1d702408b0b6" testId="0e5386f7-b954-965a-9e89-af9f20a557d5" testName="OpenClawNet.UnitTests.Storage.AgentProfileStoreDefaultEnforcementTests.GetDefaultAsync_SeededDefault_HasOllamaDefaultProvider" computerName="CPC-bruno-U7R9O" duration="00:00:00.0015872" startTime="2026-04-16T07:31:12.4293442-04:00" endTime="2026-04-16T07:31:12.4297059-04:00" testType="13cdc9d9-ddb5-4fa4-a97d-d965ccfc6d4b" outcome="Passed" testListId="8c84fa94-04c1-424b-9868-57a2d4851a1d" relativeResultsDirectory="3b513a93-5e46-4a9d-90ac-1d702408b0b6" />
    <UnitTestResult executionId="2ff9f6bd-5d07-40a3-bc8a-163a413c46e7" testId="b3224345-8f72-e5a5-4173-2d6e0f65a58c" testName="OpenClawNet.UnitTests.Models.AgentProfileMarkdownParserTests.Parse_EmptyContent_UsesFallbackName" computerName="CPC-bruno-U7R9O" duration="00:00:00.0002420" startTime="2026-04-16T07:31:11.7992204-04:00" endTime="2026-04-16T07:31:11.7992782-04:00" testType="13cdc9d9-ddb5-4fa4-a97d-d965ccfc6d4b" outcome="Passed" testListId="8c84fa94-04c1-424b-9868-57a2d4851a1d" relativeResultsDirectory="2ff9f6bd-5d07-40a3-bc8a-163a413c46e7" />
    <UnitTestResult executionId="65373da3-c2f8-4771-8014-7ef0fe823a4e" testId="c3bc089d-e034-5b3f-b118-0d44419d4f8a" testName="OpenClawNet.UnitTests.Tools.FileSystemToolTests.FindProjects_ReturnsFailure_WhenDirectoryNotFound" computerName="CPC-bruno-U7R9O" duration="00:00:00.0028909" startTime="2026-04-16T07:31:11.7996874-04:00" endTime="2026-04-16T07:31:11.8020090-04:00" testType="13cdc9d9-ddb5-4fa4-a97d-d965ccfc6d4b" outcome="Passed" testListId="8c84fa94-04c1-424b-9868-57a2d4851a1d" relativeResultsDirectory="65373da3-c2f8-4771-8014-7ef0fe823a4e" />
    <UnitTestResult executionId="ce660675-97af-4dfa-884b-866c3039ffd2" testId="14e47f9b-10aa-7314-69d2-05a768093351" testName="OpenClawNet.UnitTests.Agent.PromptComposerTests.ComposeAsync_FallbackPrompt_InstructsFileSystemToolUsage" computerName="CPC-bruno-U7R9O" duration="00:00:00.0025409" startTime="2026-04-16T07:31:11.6963462-04:00" endTime="2026-04-16T07:31:11.6986428-04:00" testType="13cdc9d9-ddb5-4fa4-a97d-d965ccfc6d4b" outcome="Passed" testListId="8c84fa94-04c1-424b-9868-57a2d4851a1d" relativeResultsDirectory="ce660675-97af-4dfa-884b-866c3039ffd2" />
    <UnitTestResult executionId="88c01846-367e-488c-99d4-35ab03799981" testId="89637bb0-d0d0-35f0-b98e-61a0dbbf3a19" testName="OpenClawNet.UnitTests.Storage.JobStatusTransitionsTests.IsAllowed_CompletedToDraft_ReturnsFalse" computerName="CPC-bruno-U7R9O" duration="00:00:00.0001851" startTime="2026-04-16T07:31:11.5797738-04:00" endTime="2026-04-16T07:31:11.5798407-04:00" testType="13cdc9d9-ddb5-4fa4-a97d-d965ccfc6d4b" outcome="Passed" testListId="8c84fa94-04c1-424b-9868-57a2d4851a1d" relativeResultsDirectory="88c01846-367e-488c-99d4-35ab03799981" />
    <UnitTestResult executionId="cc9a72ee-7bb1-4e40-a9f2-40ec0f2f413b" testId="d8f17ee7-bc6a-d72f-275c-84234a03c68a" testName="OpenClawNet.UnitTests.Services.RuntimeAgentProviderTests.CreateChatClient_Throws_WhenUnknownProviderName" computerName="CPC-bruno-U7R9O" duration="00:00:00.0031264" startTime="2026-04-16T07:31:11.6581675-04:00" endTime="2026-04-16T07:31:11.6617797-04:00" testType="13cdc9d9-ddb5-4fa4-a97d-d965ccfc6d4b" outcome="Passed" testListId="8c84fa94-04c1-424b-9868-57a2d4851a1d" relativeResultsDirectory="cc9a72ee-7bb1-4e40-a9f2-40ec0f2f413b" />
    <UnitTestResult executionId="4546dc64-1787-46d3-af9c-14d75d126d8f" testId="8593e7ed-d8bf-04ef-d1f8-16fa050507e8" testName="OpenClawNet.UnitTests.Demos.DocumentPipelineTests.FileSystemTool_ListDirectory_ReturnsSampleDocs" computerName="CPC-bruno-U7R9O" duration="00:00:00.0075195" startTime="2026-04-16T07:31:11.7643836-04:00" endTime="2026-04-16T07:31:11.7707959-04:00" testType="13cdc9d9-ddb5-4fa4-a97d-d965ccfc6d4b" outcome="Passed" testListId="8c84fa94-04c1-424b-9868-57a2d4851a1d" relativeResultsDirectory="4546dc64-1787-46d3-af9c-14d75d126d8f" />
[...]
    <TestEntry testId="0b3b164e-34de-1450-8896-d0cd9e4a005d" executionId="5be3238b-9f76-4b77-b5b2-f98eebddca1e" testListId="8c84fa94-04c1-424b-9868-57a2d4851a1d" />
    <TestEntry testId="2f35f5fc-d763-87a1-1a00-596bef95bf96" executionId="d7ab71ea-0d4c-446b-b9a6-99fa68c23847" testListId="8c84fa94-04c1-424b-9868-57a2d4851a1d" />
    <TestEntry testId="319c335b-cdba-aaa5-ec80-c2d2854912a6" executionId="9ce92170-aace-45ef-b421-d32155ce91cc" testListId="8c84fa94-04c1-424b-9868-57a2d4851a1d" />
    <TestEntry testId="d162d6f7-2eb7-ec82-e785-2fcff3ba0621" executionId="4f7551d1-57a3-4168-a2e1-cee419bf4f1a" testListId="8c84fa94-04c1-424b-9868-57a2d4851a1d" />
    <TestEntry testId="165b6536-3550-f546-274b-fbafc6d3cc16" executionId="1935c412-e225-484d-a342-3715ec7d792c" testListId="8c84fa94-04c1-424b-9868-57a2d4851a1d" />
    <TestEntry testId="e63e1739-8dee-bdec-a7cb-4f9c4f9133ba" executionId="4636ba93-b315-4b6d-9814-18dc4f7a3d18" testListId="8c84fa94-04c1-424b-9868-57a2d4851a1d" />
    <TestEntry testId="0e5fd5aa-d822-d931-f324-55c722c537ec" executionId="045e15e7-96ac-4291-be07-993169a053a9" testListId="8c84fa94-04c1-424b-9868-57a2d4851a1d" />
    <TestEntry testId="aad1bcf0-27d1-1495-1fde-236ff659db85" executionId="0d813853-a602-4633-b04f-9c8cc4952f6a" testListId="8c84fa94-04c1-424b-9868-57a2d4851a1d" />
    <TestEntry testId="caeb629f-da31-44a8-890c-ddbf33c84195" executionId="f2bc69ea-098f-4a6e-9936-57589639a4b1" testListId="8c84fa94-04c1-424b-9868-57a2d4851a1d" />
    <TestEntry testId="3739ab94-8db8-b8f4-468d-8d44a5fc2c27" executionId="5f576e4d-4f16-4b45-9da9-049053936ce0" testListId="8c84fa94-04c1-424b-9868-57a2d4851a1d" />
    <TestEntry testId="f1da1c30-12e5-a48d-0f91-16ee0002d734" executionId="e2b6840e-90f1-4bf5-bdf9-49ae5db8c265" testListId="8c84fa94-04c1-424b-9868-57a2d4851a1d" />
    <TestEntry testId="3bcbfa74-2db3-c281-99d2-8823a1213ded" executionId="587be50a-1c0e-40ac-8694-94f102c548ed" testListId="8c84fa94-04c1-424b-9868-57a2d4851a1d" />
    <TestEntry testId="60dbfdfc-5601-ed0a-4935-ae2f1e86ff33" executionId="f9786400-e9e3-4de6-87b3-106446a12837" testListId="8c84fa94-04c1-424b-9868-57a2d4851a1d" />
    <TestEntry testId="ab722cc1-2c82-8490-9e00-84e8c65d9076" executionId="6fd9eb3f-6e4d-44c7-b663-695968984db3" testListId="8c84fa94-04c1-424b-9868-57a2d4851a1d" />
    <TestEntry testId="d8d3ddaf-fbf2-df56-cb8e-fdc11e6019dd" executionId="db3ddd27-ef05-4099-adc5-bb8472de64ab" testListId="8c84fa94-04c1-424b-9868-57a2d4851a1d" />
    <TestEntry testId="8d8cfe4a-884d-f273-ce95-75973f48baf5" executionId="860e09f9-c52e-4ab0-beda-0586ebb0e929" testListId="8c84fa94-04c1-424b-9868-57a2d4851a1d" />
    <TestEntry testId="f4c8dc88-c616-1d9e-8077-68503f9a8bb0" executionId="3520ea07-e2cd-4afa-8c2c-fc55eb740796" testListId="8c84fa94-04c1-424b-9868-57a2d4851a1d" />
    <TestEntry testId="5fec1456-830e-4825-a4be-a6019ddd0ab4" executionId="cd820362-1042-4e38-aeae-d1571cd33118" testListId="8c84fa94-04c1-424b-9868-57a2d4851a1d" />
    <TestEntry testId="d9fd0b28-f8e2-7f5a-bf6e-42bd2005a1e5" executionId="3c93eca4-e6cd-4ec1-91a4-4039297b42d1" testListId="8c84fa94-04c1-424b-9868-57a2d4851a1d" />
    <TestEntry testId="d4c9663a-a77a-780b-3e9d-187e5a30af51" executionId="74c38cb0-08c1-4a03-b6b4-be5184da572f" testListId="8c84fa94-04c1-424b-9868-57a2d4851a1d" />
    <TestEntry testId="343d66e3-9131-bc03-53f6-bb4a7e565e21" executionId="bf328e9d-a94c-46be-ab42-a3b3b1aa393c" testListId="8c84fa94-04c1-424b-9868-57a2d4851a1d" />
    <TestEntry testId="fce0aec6-2c16-ee0b-c33c-a6c213ef4cc6" executionId="3b0a3425-fcc8-4654-b032-eeeced9353e2" testListId="8c84fa94-04c1-424b-9868-57a2d4851a1d" />
    <TestEntry testId="2b6ec70d-7e41-1241-08a1-2b78f6cd080d" executionId="948d6968-6f3e-4242-af72-0cea4e88f2df" testListId="8c84fa94-04c1-424b-9868-57a2d4851a1d" />
    <TestEntry testId="b3fc2d88-7375-146e-3d96-81ac44f5acc9" executionId="74323158-9057-419c-8175-4ac127018149" testListId="8c84fa94-04c1-424b-9868-57a2d4851a1d" />
    <TestEntry testId="b97cf9f0-5513-5846-2210-540664a29469" executionId="70d0db36-bbbd-4b5c-81b5-9cfa8caaae24" testListId="8c84fa94-04c1-424b-9868-57a2d4851a1d" />
    <TestEntry testId="534f504e-2dfa-c521-f9f3-bd84a1ade487" executionId="6b78a244-678d-49dc-bbfd-07d1ef5b9d5e" testListId="8c84fa94-04c1-424b-9868-57a2d4851a1d" />
    <TestEntry testId="e597e929-6ec4-e6b5-77ab-47ee49e76c21" executionId="8f08fa98-911c-4ef3-9cea-9379d1cb3814" testListId="8c84fa94-04c1-424b-9868-57a2d4851a1d" />
    <TestEntry testId="108566ed-134e-a3ff-231c-5160f7054931" executionId="0e452c61-d788-4544-9030-9a1e89475b22" testListId="8c84fa94-04c1-424b-9868-57a2d4851a1d" />
    <TestEntry testId="cc1d161f-4779-8129-c448-8d1cb2cad91b" executionId="fa71b781-e7b2-44c1-82ac-c40bbb331379" testListId="8c84fa94-04c1-424b-9868-57a2d4851a1d" />
    <TestEntry testId="d1d83992-d07c-178b-17d5-b5ecb4ac053f" executionId="5194a361-e210-46c2-a71b-b4686d2c0824" testListId="8c84fa94-04c1-424b-9868-57a2d4851a1d" />
    <TestEntry testId="8e7ffb49-9b16-e2c4-c73c-c5a2aeffff97" executionId="307624c8-ff82-46d5-b513-7624a96d68cb" testListId="8c84fa94-04c1-424b-9868-57a2d4851a1d" />
    <TestEntry testId="3bf6af53-a392-79e8-e848-3dc6db1d5311" executionId="03467192-0aea-4bcc-bc7a-bebe28428c12" testListId="8c84fa94-04c1-424b-9868-57a2d4851a1d" />
    <TestEntry testId="91f2ed92-8de3-a1ad-0393-3ef744b5bc71" executionId="68b7845a-c012-4a09-a785-72812d9e3c34" testListId="8c84fa94-04c1-424b-9868-57a2d4851a1d" />
    <TestEntry testId="6d1d1c6c-6715-ba1a-cd1a-ce168432feb7" executionId="a480977b-5143-46af-80ed-6af350f61655" testListId="8c84fa94-04c1-424b-9868-57a2d4851a1d" />
    <TestEntry testId="49d14b29-4fab-8c53-27d2-77b3134b575d" executionId="5306e239-7d3b-4a0c-a2b8-a066f5e26ea1" testListId="8c84fa94-04c1-424b-9868-57a2d4851a1d" />
    <TestEntry testId="ba1a7136-3d49-f428-5695-78371ba37ce5" executionId="123488e6-f670-4a97-8332-43f937e58fbd" testListId="8c84fa94-04c1-424b-9868-57a2d4851a1d" />
    <TestEntry testId="61da13bc-a05b-de54-acb3-572ba02a9fb1" executionId="2edd3409-94d7-4134-a5fc-196b0da465db" testListId="8c84fa94-04c1-424b-9868-57a2d4851a1d" />
    <TestEntry testId="90927d24-1a39-e1d6-2845-09bcd17eb047" executionId="2658e202-cf42-481e-a20b-01f51c3a9398" testListId="8c84fa94-04c1-424b-9868-57a2d4851a1d" />
    <TestEntry testId="19e13355-b5b9-0baa-4f2b-52c75cca29d0" executionId="cf897b74-1e6b-424d-afbb-e056de9e2b8e" testListId="8c84fa94-04c1-424b-9868-57a2d4851a1d" />
    <TestEntry testId="de6aa845-3b86-0fa9-8e95-ff855302fb13" executionId="239850c4-daa2-4a9a-a90b-7937c4d5cde1" testListId="8c84fa94-04c1-424b-9868-57a2d4851a1d" />
    <TestEntry testId="e39bbe75-d6f7-5c7f-7c86-6842febcdd6c" executionId="763d7ef2-6720-472f-ae40-c1fd3697ef2f" testListId="8c84fa94-04c1-424b-9868-57a2d4851a1d" />
    <TestEntry testId="7cf8f240-421e-6cba-cc96-36c94bcd7d67" executionId="5be270e7-f467-49a1-9e98-913152fa9b04" testListId="8c84fa94-04c1-424b-9868-57a2d4851a1d" />
    <TestEntry testId="b1fffb79-4963-2113-58c1-eacbebbd1896" executionId="628b700e-8f57-4c87-906c-2436297466f6" testListId="8c84fa94-04c1-424b-9868-57a2d4851a1d" />
    <TestEntry testId="f108cbae-633d-eaa3-44df-a30f69082d96" executionId="699f13a8-a090-47c6-869f-abcc2dcc278e" testListId="8c84fa94-04c1-424b-9868-57a2d4851a1d" />
    <TestEntry testId="5729c58e-9e61-c304-d166-a8be765eedfa" executionId="f54c6050-c192-463b-8475-aa5475c68373" testListId="8c84fa94-04c1-424b-9868-57a2d4851a1d" />
    <TestEntry testId="22d148ee-676c-d57f-6de6-03d32a31182b" executionId="c490ad05-cb74-444b-8b7f-ba7e75f0f497" testListId="8c84fa94-04c1-424b-9868-57a2d4851a1d" />
    <TestEntry testId="9ee0e585-b5b8-0857-1c04-24769b53da62" executionId="216ba18c-970e-4a82-8a8f-4a5b3a8a485f" testListId="8c84fa94-04c1-424b-9868-57a2d4851a1d" />
    <TestEntry testId="0fde683e-9801-ee37-a2c4-10c2ffe235aa" executionId="188a9689-2369-40f2-bfeb-79864a2447a1" testListId="8c84fa94-04c1-424b-9868-57a2d4851a1d" />
    <TestEntry testId="7947d578-4749-901d-c483-81caefde8397" executionId="e90ab4a1-0d2f-4d55-b95e-c7fb1dbc4fe8" testListId="8c84fa94-04c1-424b-9868-57a2d4851a1d" />
    <TestEntry testId="201fb038-8dd7-531a-4636-b167acbc7d26" executionId="a935397e-f089-4e2c-aff3-fe0158fc3e9c" testListId="8c84fa94-04c1-424b-9868-57a2d4851a1d" />
    <TestEntry testId="a7102902-b46f-9832-3a5d-1385d5ca30f1" executionId="4a8d4252-7508-48ee-88ce-2e27ceac0f86" testListId="8c84fa94-04c1-424b-9868-57a2d4851a1d" />
    <TestEntry testId="c0436c66-2dd9-b60f-7157-2dcf9b49aa4f" executionId="017c7547-db68-432e-b101-3a3b150fa1e3" testListId="8c84fa94-04c1-424b-9868-57a2d4851a1d" />
    <TestEntry testId="1878b8f5-e8b2-2eb7-20dc-330485843247" executionId="d2b0f1c6-6a0c-4c1e-b544-28cb884c6701" testListId="8c84fa94-04c1-424b-9868-57a2d4851a1d" />
    <TestEntry testId="cc89ff91-c38a-b30c-2cbc-e4cbc097b80d" executionId="d85810f3-a5e0-4a5d-ad0d-61342eae64fe" testListId="8c84fa94-04c1-424b-9868-57a2d4851a1d" />
    <TestEntry testId="b198bf6a-5bbb-bb78-4a56-3812034aab77" executionId="455d86fd-3015-441c-aa0a-0148af1eb4b8" testListId="8c84fa94-04c1-424b-9868-57a2d4851a1d" />
    <TestEntry testId="31591d78-5244-1585-656d-52693c42a67e" executionId="b8c792dc-56e5-4e2d-a3cc-b20cd3935dbe" testListId="8c84fa94-04c1-424b-9868-57a2d4851a1d" />
    <TestEntry testId="2955d837-2d44-9c67-24c2-c795f2d28cf6" executionId="39af5237-5559-418b-a5fb-cd6e982e124c" testListId="8c84fa94-04c1-424b-9868-57a2d4851a1d" />
    <TestEntry testId="1960449a-1528-315c-9cea-a3368afb3b22" executionId="4decff33-63a9-431b-9677-c176a06ee974" testListId="8c84fa94-04c1-424b-9868-57a2d4851a1d" />
    <TestEntry testId="b6159835-5829-a9d3-b225-360e61458367" executionId="103465b0-2514-4958-85d4-ed77402c43b5" testListId="8c84fa94-04c1-424b-9868-57a2d4851a1d" />
    <TestEntry testId="717d024a-f89d-e9b7-1643-2891a166046f" executionId="82c5014f-d8f2-48d3-9138-4e41c0e29211" testListId="8c84fa94-04c1-424b-9868-57a2d4851a1d" />
    <TestEntry testId="05e6364c-06de-5fc1-b59f-1ee255c13984" executionId="fb929c34-5132-4eb8-b425-452835e2c8f2" testListId="8c84fa94-04c1-424b-9868-57a2d4851a1d" />
    <TestEntry testId="ab20ef3c-9bb8-4c80-4a1a-9c26a2fb4629" executionId="eec96605-0a59-4b2f-b082-9542db266389" testListId="8c84fa94-04c1-424b-9868-57a2d4851a1d" />
    <TestEntry testId="1471139a-d1bb-3178-5f55-f3e00265a58e" executionId="13fe834a-092a-4bc9-a3f5-8ed51a46bf38" testListId="8c84fa94-04c1-424b-9868-57a2d4851a1d" />
    <TestEntry testId="09dfc599-7d60-1da2-85ae-3fbd22d6aaa9" executionId="c9e42343-5751-465b-a4ad-b12ee720935a" testListId="8c84fa94-04c1-424b-9868-57a2d4851a1d" />
    <TestEntry testId="e003a7b4-b721-e696-0b5f-a027020a5e9f" executionId="6428b4dc-d010-4342-a35c-fe3d859f6473" testListId="8c84fa94-04c1-424b-9868-57a2d4851a1d" />
    <TestEntry testId="699c4466-5232-2c77-701d-01328db3b0e1" executionId="a817f41c-90e6-4809-a805-a47a9f55ccc0" testListId="8c84fa94-04c1-424b-9868-57a2d4851a1d" />
    <TestEntry testId="68dfde8b-8a1e-d917-38a6-3992ab19aa23" executionId="e8314300-d752-46fc-992b-155350c4f1aa" testListId="8c84fa94-04c1-424b-9868-57a2d4851a1d" />
    <TestEntry testId="cce98007-2b67-1f18-b299-7857aef49dd8" executionId="b735436a-fa8e-47a0-a4db-911e620940c3" testListId="8c84fa94-04c1-424b-9868-57a2d4851a1d" />
    <TestEntry testId="231c9955-c1e3-ca62-639c-ef04dc710ab1" executionId="f59a92a8-27f2-48c2-b829-0db077dff2b7" testListId="8c84fa94-04c1-424b-9868-57a2d4851a1d" />
    <TestEntry testId="dea1035b-e4ea-f627-8534-bdb00a818e27" executionId="79289dbe-ba93-4276-9a1e-27f9f360ec10" testListId="8c84fa94-04c1-424b-9868-57a2d4851a1d" />
    <TestEntry testId="fe30a9eb-7c83-db39-67aa-093995cc4857" executionId="f26eba19-2454-4014-8504-06d3678c503f" testListId="8c84fa94-04c1-424b-9868-57a2d4851a1d" />
    <TestEntry testId="d76ccb04-1ca4-5a38-87f3-bd862733e7ba" executionId="50cd1953-ced7-404d-b25f-331694545add" testListId="8c84fa94-04c1-424b-9868-57a2d4851a1d" />
    <TestEntry testId="fea2d782-2b4a-6ede-c1c9-bc275fb7d068" executionId="4133ec4e-3d47-4b62-b534-e54d798e27ad" testListId="8c84fa94-04c1-424b-9868-57a2d4851a1d" />
    <TestEntry testId="32275570-5379-b6cb-2c09-4d52793ea9a7" executionId="7668a3f4-6923-407c-8599-2a5fee3e9dc6" testListId="8c84fa94-04c1-424b-9868-57a2d4851a1d" />
    <TestEntry testId="a9500391-6fc2-ec4f-4d7b-c90ebf5bb24a" executionId="8bd3e31c-9b67-4755-8049-e58041bb7ae5" testListId="8c84fa94-04c1-424b-9868-57a2d4851a1d" />
    <TestEntry testId="6cf66091-2356-197c-79a8-f1b210620ca9" executionId="56601e02-8def-41a9-af4f-911ee3a497b6" testListId="8c84fa94-04c1-424b-9868-57a2d4851a1d" />
    <TestEntry testId="28c31f3b-de6a-6f8c-16bb-60f795ef6478" executionId="b7b96a46-22ff-49ed-bd59-55d00ca84227" testListId="8c84fa94-04c1-424b-9868-57a2d4851a1d" />
    <TestEntry testId="b911718f-1eb6-6a75-e692-010a7f970b4b" executionId="1bcb8881-4691-4cb8-bafc-cb28a99478a5" testListId="8c84fa94-04c1-424b-9868-57a2d4851a1d" />
    <TestEntry testId="c8cc1d23-4245-b55e-033e-23b747b6eb83" executionId="4a212934-fe6d-43ff-9098-5ba2cb0ea5c3" testListId="8c84fa94-04c1-424b-9868-57a2d4851a1d" />
    <TestEntry testId="b0577359-fb9f-9b84-635d-29b1e97afb2c" executionId="fa11d47b-d178-4daf-8c49-4bd722c726dd" testListId="8c84fa94-04c1-424b-9868-57a2d4851a1d" />
    <TestEntry testId="ea84d2d3-4dc3-afb8-5f88-32941d11b46b" executionId="83aee515-0178-4aed-8ded-5993b7e901ef" testListId="8c84fa94-04c1-424b-9868-57a2d4851a1d" />
    <TestEntry testId="6fc4f5dd-2266-6ac0-3ef0-e41eaa1eddfe" executionId="f448cbc8-7c25-4ef5-b5f5-f2b422f377bc" testListId="8c84fa94-04c1-424b-9868-57a2d4851a1d" />
    <TestEntry testId="f6dfc493-5cd0-e217-0cda-c695df2b09b1" executionId="57bce517-2b73-4dbe-b785-f53e2eea5471" testListId="8c84fa94-04c1-424b-9868-57a2d4851a1d" />
    <TestEntry testId="7f31ab2a-c9ec-725d-0966-e158ccb8ab16" executionId="554af070-0641-4cc1-ae09-b381e6b6bf97" testListId="8c84fa94-04c1-424b-9868-57a2d4851a1d" />
    <TestEntry testId="69dd78fb-904c-96a9-7d92-0fd3fedfeca7" executionId="6bcab170-876c-4174-b0c9-6c14faf1b670" testListId="8c84fa94-04c1-424b-9868-57a2d4851a1d" />
    <TestEntry testId="510357b2-14ad-9654-8756-c5f23e27aba6" executionId="ce874d26-214a-4ab6-8877-be246d1ef8b0" testListId="8c84fa94-04c1-424b-9868-57a2d4851a1d" />
    <TestEntry testId="490c24ba-c760-a85f-5bc3-6eeb7890365b" executionId="01f6ff06-619c-486d-a634-b4721a0b0d91" testListId="8c84fa94-04c1-424b-9868-57a2d4851a1d" />
  </TestEntries>
  <TestLists>
    <TestList name="Results Not in a List" id="8c84fa94-04c1-424b-9868-57a2d4851a1d" />
    <TestList name="All Loaded Results" id="19431567-8539-422a-85d7-44ee4e166bda" />
  </TestLists>
  <ResultSummary outcome="Completed">
    <Counters total="314" executed="314" passed="314" failed="0" error="0" timeout="0" aborted="0" inconclusive="0" passedButRunAborted="0" notRunnable="0" notExecuted="0" disconnected="0" warning="0" completed="0" inProgress="0" pending="0" />
    <Output>
      <StdOut>[xUnit.net 00:00:00.00] xUnit.net VSTest Adapter v3.1.5+1b188a7b0a (64-bit .NET 10.0.6)&#xD;
[xUnit.net 00:00:00.11]   Discovering: OpenClawNet.UnitTests&#xD;
[xUnit.net 00:00:00.21]   Discovered:  OpenClawNet.UnitTests&#xD;
[xUnit.net 00:00:00.27]   Starting:    OpenClawNet.UnitTests&#xD;
     Warning:&#xD;
     The component "Fluent Assertions" is governed by the rules defined in the Xceed License Agreement and&#xD;
     the Xceed Fluent Assertions Community License. You may use Fluent Assertions free of charge for&#xD;
     non-commercial use only. An active subscription is required to use Fluent Assertions for commercial use.&#xD;
     Please contact Xceed Sales mailto:sales@xceed.com to acquire a subscription at a very low cost.&#xD;
     A paid commercial license supports the development and continued increasing support of&#xD;
     Fluent Assertions users under both commercial and community licenses. Help us&#xD;
     keep Fluent Assertions at the forefront of unit testing.&#xD;
     For more information, visit https://xceed.com/products/unit-testing/fluent-assertions/&#xD;
fail: Program[0]&#xD;
      HTTP error during chat stream&#xD;
      System.Net.Http.HttpRequestException: Connection refused&#xD;
         at OpenClawNet.UnitTests.Gateway.ChatStreamEndpointTests.ThrowAfterYield[T](Exception ex, CancellationToken ct)+MoveNext() in C:\src\openclawnet-plan\tests\OpenClawNet.UnitTests\Gateway\ChatStreamEndpointTests.cs:line 334&#xD;
         at OpenClawNet.UnitTests.Gateway.ChatStreamEndpointTests.ThrowAfterYield[T](Exception ex, CancellationToken ct)+System.Threading.Tasks.Sources.IValueTaskSource&lt;System.Boolean&gt;.GetResult()&#xD;
         at OpenClawNet.Gateway.Endpoints.ChatStreamEndpoints.StreamViaOrchestratorAsync(AgentRequest agentRequest, IAgentOrchestrator orchestrator, Guid sessionId, HttpContext httpContext, ILogger logger, CancellationToken cancellationToken) in C:\src\openclawnet-plan\src\OpenClawNet.Gateway\Endpoints\ChatStreamEndpoints.cs:line 126&#xD;
         at OpenClawNet.Gateway.Endpoints.ChatStreamEndpoints.StreamViaOrchestratorAsync(AgentRequest agentRequest, IAgentOrchestrator orchestrator, Guid sessionId, HttpContext httpContext, ILogger logger, CancellationToken cancellationToken) in C:\src\openclawnet-plan\src\OpenClawNet.Gateway\Endpoints\ChatStreamEndpoints.cs:line 126&#xD;
fail: Program[0]&#xD;
      Model provider 'ollama' unavailable during chat stream&#xD;
      OpenClawNet.Models.Abstractions.ModelProviderUnavailableException: Connection refused&#xD;
         at OpenClawNet.UnitTests.Gateway.ChatStreamEndpointTests.ThrowAfterYield[T](Exception ex, CancellationToken ct)+MoveNext() in C:\src\openclawnet-plan\tests\OpenClawNet.UnitTests\Gateway\ChatStreamEndpointTests.cs:line 334&#xD;
         at OpenClawNet.UnitTests.Gateway.ChatStreamEndpointTests.ThrowAfterYield[T](Exception ex, CancellationToken ct)+System.Threading.Tasks.Sources.IValueTaskSource&lt;System.Boolean&gt;.GetResult()&#xD;
         at OpenClawNet.Gateway.Endpoints.ChatStreamEndpoints.StreamViaOrchestratorAsync(AgentRequest agentRequest, IAgentOrchestrator orchestrator, Guid sessionId, HttpContext httpContext, ILogger logger, CancellationToken cancellationToken) in C:\src\openclawnet-plan\src\OpenClawNet.Gateway\Endpoints\ChatStreamEndpoints.cs:line 126&#xD;
         at OpenClawNet.Gateway.Endpoints.ChatStreamEndpoints.StreamViaOrchestratorAsync(AgentRequest agentRequest, IAgentOrchestrator orchestrator, Guid sessionId, HttpContext httpContext, ILogger logger, CancellationToken cancellationToken) in C:\src\openclawnet-plan\src\OpenClawNet.Gateway\Endpoints\ChatStreamEndpoints.cs:line 126&#xD;
fail: Program[0]&#xD;
      Unexpected error during chat stream&#xD;
      System.InvalidOperationException: Something broke&#xD;
         at OpenClawNet.UnitTests.Gateway.ChatStreamEndpointTests.ThrowAfterYield[T](Exception ex, CancellationToken ct)+MoveNext() in C:\src\openclawnet-plan\tests\OpenClawNet.UnitTests\Gateway\ChatStreamEndpointTests.cs:line 334&#xD;
         at OpenClawNet.UnitTests.Gateway.ChatStreamEndpointTests.ThrowAfterYield[T](Exception ex, CancellationToken ct)+System.Threading.Tasks.Sources.IValueTaskSource&lt;System.Boolean&gt;.GetResult()&#xD;
         at OpenClawNet.Gateway.Endpoints.ChatStreamEndpoints.StreamViaOrchestratorAsync(AgentRequest agentRequest, IAgentOrchestrator orchestrator, Guid sessionId, HttpContext httpContext, ILogger logger, CancellationToken cancellationToken) in C:\src\openclawnet-plan\src\OpenClawNet.Gateway\Endpoints\ChatStreamEndpoints.cs:line 126&#xD;
         at OpenClawNet.Gateway.Endpoints.ChatStreamEndpoints.StreamViaOrchestratorAsync(AgentRequest agentRequest, IAgentOrchestrator orchestrator, Guid sessionId, HttpContext httpContext, ILogger logger, CancellationToken cancellationToken) in C:\src\openclawnet-plan\src\OpenClawNet.Gateway\Endpoints\ChatStreamEndpoints.cs:line 126&#xD;
[xUnit.net 00:00:04.51]   Finished:    OpenClawNet.UnitTests&#xD;
</StdOut>
    </Output>
  </ResultSummary>
</TestRun>