<?xml version="1.0" encoding="utf-8"?>
<TestRun id="1f8cc6c2-d38f-4763-8e7a-591ec71efa43" name="brunocapuano@CPC-bruno-U7R9O 2026-05-25 12:05:35" runUser="NORTHAMERICA\brunocapuano" xmlns="http://microsoft.com/schemas/VisualStudio/TeamTest/2010">
  <Times creation="2026-05-25T12:05:35.7997835-04:00" queuing="2026-05-25T12:05:35.7997838-04:00" start="2026-05-25T12:05:31.4099241-04:00" finish="2026-05-25T12:14:12.5324199-04:00" />
  <TestSettings name="default" id="bc12a2f4-8f79-4497-be87-46f02383f3c2">
    <Deployment runDeploymentRoot="brunocapuano_CPC-bruno-U7R9O_2026-05-25_12_05_35" />
  </TestSettings>
  <Results>
    <UnitTestResult executionId="bdc649a2-6a4e-427f-83de-c29826cc1746" testId="aed327e9-3d59-f2a4-83f1-145029af527b" testName="OpenClawNet.IntegrationTests.JobStreamEndpointsTests.GetJobStream_ReturnsNdjsonContentType" computerName="CPC-bruno-U7R9O" duration="00:00:02.1225231" startTime="2026-05-25T12:05:35.7815340-04:00" endTime="2026-05-25T12:05:37.9052923-04:00" testType="13cdc9d9-ddb5-4fa4-a97d-d965ccfc6d4b" outcome="Passed" testListId="8c84fa94-04c1-424b-9868-57a2d4851a1d" relativeResultsDirectory="bdc649a2-6a4e-427f-83de-c29826cc1746" />
    <UnitTestResult executionId="8bf26b81-29b5-46f7-9d11-5a94275f0ecc" testId="c27f58c3-1d8f-7a01-6d7e-292bf6a6dd37" testName="OpenClawNet.IntegrationTests.Jobs.LiveEmbeddingsToolSearchE2ETests.Job_UsesEmbeddingsTool_Search_RanksCorrectCandidate" computerName="CPC-bruno-U7R9O" duration="00:00:00.0010000" startTime="2026-05-25T12:11:06.6756044-04:00" endTime="2026-05-25T12:13:40.4038614-04:00" testType="13cdc9d9-ddb5-4fa4-a97d-d965ccfc6d4b" outcome="NotExecuted" testListId="8c84fa94-04c1-424b-9868-57a2d4851a1d" relativeResultsDirectory="8bf26b81-29b5-46f7-9d11-5a94275f0ecc">
      <Output>
        <ErrorInfo>
          <Message>Live job execution timed out before completion (environment-dependent): A task was canceled.</Message>
        </ErrorInfo>
      </Output>
    </UnitTestResult>
    <UnitTestResult executionId="9791c4bc-e07f-42ab-85a3-723bfbf87545" testId="4d8eb28a-f2cd-94be-662a-c092cc8487ec" testName="OpenClawNet.IntegrationTests.FakeAssertingToolCallingModelClientTests.CompleteAsync_SecondCall_WithWhitespaceToolContent_ThrowsException" computerName="CPC-bruno-U7R9O" duration="00:00:00.0015365" startTime="2026-05-25T12:10:36.0133674-04:00" endTime="2026-05-25T12:10:36.0149637-04:00" testType="13cdc9d9-ddb5-4fa4-a97d-d965ccfc6d4b" outcome="Passed" testListId="8c84fa94-04c1-424b-9868-57a2d4851a1d" relativeResultsDirectory="9791c4bc-e07f-42ab-85a3-723bfbf87545" />
    <UnitTestResult executionId="b8a3ba4c-e212-423f-825f-4244ae211e7c" testId="268f4f80-9213-cd6a-b1d5-28441ff85bb0" testName="OpenClawNet.IntegrationTests.JobScheduleEndpointsTests.GetJobNextRun_ReturnsNextRunAtWhenScheduled" computerName="CPC-bruno-U7R9O" duration="00:00:01.6714877" startTime="2026-05-25T12:10:30.2043599-04:00" endTime="2026-05-25T12:10:31.8766023-04:00" testType="13cdc9d9-ddb5-4fa4-a97d-d965ccfc6d4b" outcome="Passed" testListId="8c84fa94-04c1-424b-9868-57a2d4851a1d" relativeResultsDirectory="b8a3ba4c-e212-423f-825f-4244ae211e7c" />
    <UnitTestResult executionId="a35dca5b-e055-4fe5-a726-d909670cbb93" testId="6734514b-0b16-f95a-baa0-72a7c94288de" testName="OpenClawNet.IntegrationTests.Gateway.UserFolderEndpointTests.Delete_EmitsAuditJsonl" computerName="CPC-bruno-U7R9O" duration="00:00:00.0390488" startTime="2026-05-25T12:06:59.7762770-04:00" endTime="2026-05-25T12:06:59.8160933-04:00" testType="13cdc9d9-ddb5-4fa4-a97d-d965ccfc6d4b" outcome="Passed" testListId="8c84fa94-04c1-424b-9868-57a2d4851a1d" relativeResultsDirectory="a35dca5b-e055-4fe5-a726-d909670cbb93" />
    <UnitTestResult executionId="68cc9dab-7717-4f40-aba9-2bfd84e75137" testId="9beffc52-6f2c-3059-0703-cf951d46e627" testName="OpenClawNet.IntegrationTests.ToolApprovalEndpointTests.PostApproval_EmptyRequestId_Returns400" computerName="CPC-bruno-U7R9O" duration="00:00:00.0048851" startTime="2026-05-25T12:11:02.6600659-04:00" endTime="2026-05-25T12:11:02.6655084-04:00" testType="13cdc9d9-ddb5-4fa4-a97d-d965ccfc6d4b" outcome="Passed" testListId="8c84fa94-04c1-424b-9868-57a2d4851a1d" relativeResultsDirectory="68cc9dab-7717-4f40-aba9-2bfd84e75137" />
    <UnitTestResult executionId="77e2ae5b-695a-445c-b70e-1fe05b7ddf75" testId="baaf534a-2c3f-5779-585b-23a165f1024f" testName="OpenClawNet.IntegrationTests.ToolApprovalEndpointTests.PostApproval_UnknownRequestId_Returns404" computerName="CPC-bruno-U7R9O" duration="00:00:00.0055731" startTime="2026-05-25T12:11:02.6535482-04:00" endTime="2026-05-25T12:11:02.6597950-04:00" testType="13cdc9d9-ddb5-4fa4-a97d-d965ccfc6d4b" outcome="Passed" testListId="8c84fa94-04c1-424b-9868-57a2d4851a1d" relativeResultsDirectory="77e2ae5b-695a-445c-b70e-1fe05b7ddf75" />
    <UnitTestResult executionId="74e645f2-f8db-4ce1-9541-c6f5653dc2fc" testId="b3463353-b4d2-ab09-cec1-32b814b519b7" testName="OpenClawNet.IntegrationTests.RestCoverageEndpointsTests.GetToolApprovals_FiltersBySessionId" computerName="CPC-bruno-U7R9O" duration="00:00:01.6067300" startTime="2026-05-25T12:10:54.7770815-04:00" endTime="2026-05-25T12:10:56.3845567-04:00" testType="13cdc9d9-ddb5-4fa4-a97d-d965ccfc6d4b" outcome="Passed" testListId="8c84fa94-04c1-424b-9868-57a2d4851a1d" relativeResultsDirectory="74e645f2-f8db-4ce1-9541-c6f5653dc2fc" />
    <UnitTestResult executionId="8ed11945-7cae-4c48-95d2-bbe2298c356c" testId="76864359-704d-0f2c-6c53-6ffcff60ac40" testName="OpenClawNet.IntegrationTests.Tools.JobToolE2ETests.Job_WhenLLMCallsUnknownTool_FailureIsRecordedOnRun" computerName="CPC-bruno-U7R9O" duration="00:00:00.0488839" startTime="2026-05-25T12:09:59.5814447-04:00" endTime="2026-05-25T12:09:59.6313066-04:00" testType="13cdc9d9-ddb5-4fa4-a97d-d965ccfc6d4b" outcome="Passed" testListId="8c84fa94-04c1-424b-9868-57a2d4851a1d" relativeResultsDirectory="8ed11945-7cae-4c48-95d2-bbe2298c356c" />
    <UnitTestResult executionId="e1f59ac4-3fb8-40d5-a285-e719f860d306" testId="0f976570-9fce-6acd-880a-950814acfc8c" testName="OpenClawNet.IntegrationTests.JobStreamEndpointsTests.GetJobStream_StreamsNoRunsEvent_WhenJobHasNoRuns" computerName="CPC-bruno-U7R9O" duration="00:00:02.0112840" startTime="2026-05-25T12:05:37.9094770-04:00" endTime="2026-05-25T12:05:39.9216892-04:00" testType="13cdc9d9-ddb5-4fa4-a97d-d965ccfc6d4b" outcome="Passed" testListId="8c84fa94-04c1-424b-9868-57a2d4851a1d" relativeResultsDirectory="e1f59ac4-3fb8-40d5-a285-e719f860d306" />
    <UnitTestResult executionId="72b2335e-cf00-4c2e-a7d5-3c52b084eacc" testId="5350c979-275c-cf5f-70f8-6ac6570053d4" testName="OpenClawNet.IntegrationTests.RestCoverageEndpointsTests.GetDefaultAgentProfile_ReturnsNotFound_WhenNoDefaultExists" computerName="CPC-bruno-U7R9O" duration="00:00:00.0036795" startTime="2026-05-25T12:10:56.7219882-04:00" endTime="2026-05-25T12:10:56.7264508-04:00" testType="13cdc9d9-ddb5-4fa4-a97d-d965ccfc6d4b" outcome="Passed" testListId="8c84fa94-04c1-424b-9868-57a2d4851a1d" relativeResultsDirectory="72b2335e-cf00-4c2e-a7d5-3c52b084eacc" />
    <UnitTestResult executionId="ff8ee034-2ec8-4fc2-8957-f77263abd27b" testId="55a74ab2-c092-a978-2b1b-d65b0685df00" testName="OpenClawNet.IntegrationTests.SecondPassEndpointsEdgeCasesTests.ClearChannel_DeletesAllRunsAndArtifacts_WhenInvoked" computerName="CPC-bruno-U7R9O" duration="00:00:00.0010000" startTime="2026-05-25T12:09:53.5767325-04:00" endTime="2026-05-25T12:09:53.5767544-04:00" testType="13cdc9d9-ddb5-4fa4-a97d-d965ccfc6d4b" outcome="NotExecuted" testListId="8c84fa94-04c1-424b-9868-57a2d4851a1d" relativeResultsDirectory="ff8ee034-2ec8-4fc2-8957-f77263abd27b">
      <Output>
        <ErrorInfo>
          <Message>Clear endpoint uses ExecuteDeleteAsync not supported by InMemory provider. Production uses SQLite.</Message>
        </ErrorInfo>
      </Output>
    </UnitTestResult>
    <UnitTestResult executionId="ceee6bd8-2450-4c13-ab33-b1cd31428b6f" testId="3cda2636-afd0-c74c-bab7-7fe5b1388785" testName="OpenClawNet.IntegrationTests.Azure.LiveAzureKeyVaultTests.LiveAKV_ListVersions_ReturnsIntegerVersions" computerName="CPC-bruno-U7R9O" duration="00:00:00.0010000" startTime="2026-05-25T12:09:37.7157404-04:00" endTime="2026-05-25T12:09:37.7161360-04:00" testType="13cdc9d9-ddb5-4fa4-a97d-d965ccfc6d4b" outcome="NotExecuted" testListId="8c84fa94-04c1-424b-9868-57a2d4851a1d" relativeResultsDirectory="ceee6bd8-2450-4c13-ab33-b1cd31428b6f">
      <Output>
        <ErrorInfo>
          <Message>AZURE_KEYVAULT_URI environment variable not set or Azure credentials not available. Run 'az login' first.</Message>
        </ErrorInfo>
      </Output>
    </UnitTestResult>
    <UnitTestResult executionId="f84bc83a-ab5e-4e16-a4d4-62977f7bfb9a" testId="62525bfa-b166-a9cb-4f6e-62378ece1931" testName="OpenClawNet.IntegrationTests.RestCoverageEndpointsTests.GetToolApprovals_ReturnsEmptyList_WhenNoApprovals" computerName="CPC-bruno-U7R9O" duration="00:00:00.0049522" startTime="2026-05-25T12:10:56.7266288-04:00" endTime="2026-05-25T12:10:56.7322719-04:00" testType="13cdc9d9-ddb5-4fa4-a97d-d965ccfc6d4b" outcome="Passed" testListId="8c84fa94-04c1-424b-9868-57a2d4851a1d" relativeResultsDirectory="f84bc83a-ab5e-4e16-a4d4-62977f7bfb9a" />
    <UnitTestResult executionId="59736435-f5ae-4b3c-8711-e31f821d571c" testId="85e5dc3e-3bad-7882-1ab8-65a86a325f94" testName="OpenClawNet.IntegrationTests.Azure.LiveAzureKeyVaultTests.LiveAKV_GetSpecificVersion_ReturnsCorrectValue" computerName="CPC-bruno-U7R9O" duration="00:00:00.0010000" startTime="2026-05-25T12:09:37.7074667-04:00" endTime="2026-05-25T12:09:37.7138231-04:00" testType="13cdc9d9-ddb5-4fa4-a97d-d965ccfc6d4b" outcome="NotExecuted" testListId="8c84fa94-04c1-424b-9868-57a2d4851a1d" relativeResultsDirectory="59736435-f5ae-4b3c-8711-e31f821d571c">
      <Output>
        <ErrorInfo>
          <Message>AZURE_KEYVAULT_URI environment variable not set or Azure credentials not available. Run 'az login' first.</Message>
        </ErrorInfo>
      </Output>
    </UnitTestResult>
    <UnitTestResult executionId="7f21a343-e603-480b-bc5f-4cce92a84c3e" testId="d785d3ce-01d0-fef2-9349-a6a22a748ad8" testName="OpenClawNet.IntegrationTests.Audit.JobStateChangeTests.StateChangeRecords_ContainTimestamps" computerName="CPC-bruno-U7R9O" duration="00:00:00.0142610" startTime="2026-05-25T12:10:37.6542523-04:00" endTime="2026-05-25T12:10:37.6691911-04:00" testType="13cdc9d9-ddb5-4fa4-a97d-d965ccfc6d4b" outcome="Passed" testListId="8c84fa94-04c1-424b-9868-57a2d4851a1d" relativeResultsDirectory="7f21a343-e603-480b-bc5f-4cce92a84c3e" />
    <UnitTestResult executionId="7efe04bd-8913-4f5f-b988-bb0c5554760c" testId="fb0cf6ae-076f-22f3-d8e1-24965c06e5d4" testName="OpenClawNet.IntegrationTests.ChatApiTests.PostChat_AutoCreatesSession_WhenSessionIdUnknown" computerName="CPC-bruno-U7R9O" duration="00:00:00.0426848" startTime="2026-05-25T12:09:39.6752262-04:00" endTime="2026-05-25T12:09:39.7189478-04:00" testType="13cdc9d9-ddb5-4fa4-a97d-d965ccfc6d4b" outcome="Passed" testListId="8c84fa94-04c1-424b-9868-57a2d4851a1d" relativeResultsDirectory="7efe04bd-8913-4f5f-b988-bb0c5554760c" />
    <UnitTestResult executionId="838b4a47-6a6f-407a-b94b-22e51e49adb6" testId="2fa91f18-c4bd-7b9b-b679-93efea948b2b" testName="OpenClawNet.IntegrationTests.Audit.ToolApprovalLogTests.UserDenial_WritesLogRecord_WithApprovedFalse" computerName="CPC-bruno-U7R9O" duration="00:00:05.3587131" startTime="2026-05-25T12:13:51.0317874-04:00" endTime="2026-05-25T12:13:56.3907271-04:00" testType="13cdc9d9-ddb5-4fa4-a97d-d965ccfc6d4b" outcome="Passed" testListId="8c84fa94-04c1-424b-9868-57a2d4851a1d" relativeResultsDirectory="838b4a47-6a6f-407a-b94b-22e51e49adb6" />
    <UnitTestResult executionId="0359af04-9595-4ecc-b677-390154b387c0" testId="16166bfe-77ef-797b-264f-6a4539195c74" testName="OpenClawNet.IntegrationTests.Gateway.UserFolderEndpointTests.ConcurrentUploads_SameFolder_DontCorruptQuotaCache" computerName="CPC-bruno-U7R9O" duration="00:00:00.0415752" startTime="2026-05-25T12:06:59.6950824-04:00" endTime="2026-05-25T12:06:59.7374075-04:00" testType="13cdc9d9-ddb5-4fa4-a97d-d965ccfc6d4b" outcome="Passed" testListId="8c84fa94-04c1-424b-9868-57a2d4851a1d" relativeResultsDirectory="0359af04-9595-4ecc-b677-390154b387c0" />
    <UnitTestResult executionId="5eb34750-1da3-476f-b924-5669981b825c" testId="3f1899e2-e77d-98c3-6ca0-df8704d17e05" testName="OpenClawNet.IntegrationTests.AgentProfilesBulkDeleteTests.BulkDelete_DeletesNonDefault_AndSkipsDefaultAndMissing" computerName="CPC-bruno-U7R9O" duration="00:00:01.6311272" startTime="2026-05-25T12:10:41.7263904-04:00" endTime="2026-05-25T12:10:43.3583179-04:00" testType="13cdc9d9-ddb5-4fa4-a97d-d965ccfc6d4b" outcome="Passed" testListId="8c84fa94-04c1-424b-9868-57a2d4851a1d" relativeResultsDirectory="5eb34750-1da3-476f-b924-5669981b825c" />
    <UnitTestResult executionId="386b288f-e6da-460a-ab3b-de450b8ca2a5" testId="7627f18d-5ff2-3f26-31e6-5f5befc73984" testName="OpenClawNet.IntegrationTests.FakeAssertingToolCallingModelClientTests.CompleteAsync_FirstCall_ReturnsToolCallRequest" computerName="CPC-bruno-U7R9O" duration="00:00:00.0038879" startTime="2026-05-25T12:10:35.9778193-04:00" endTime="2026-05-25T12:10:35.9818634-04:00" testType="13cdc9d9-ddb5-4fa4-a97d-d965ccfc6d4b" outcome="Passed" testListId="8c84fa94-04c1-424b-9868-57a2d4851a1d" relativeResultsDirectory="386b288f-e6da-460a-ab3b-de450b8ca2a5" />
    <UnitTestResult executionId="00bd3e79-d678-4e2a-8cab-f05588d98c04" testId="f84636e2-6fae-821f-465a-e711e20299a2" testName="OpenClawNet.IntegrationTests.Azure.LiveAzureKeyVaultTests.LiveAKV_CacheInvalidation_AfterRotate" computerName="CPC-bruno-U7R9O" duration="00:00:00.0010000" startTime="2026-05-25T12:09:37.7201578-04:00" endTime="2026-05-25T12:09:37.7204689-04:00" testType="13cdc9d9-ddb5-4fa4-a97d-d965ccfc6d4b" outcome="NotExecuted" testListId="8c84fa94-04c1-424b-9868-57a2d4851a1d" relativeResultsDirectory="00bd3e79-d678-4e2a-8cab-f05588d98c04">
      <Output>
        <ErrorInfo>
          <Message>AZURE_KEYVAULT_URI environment variable not set or Azure credentials not available. Run 'az login' first.</Message>
        </ErrorInfo>
      </Output>
    </UnitTestResult>
    <UnitTestResult executionId="7ccc884d-0ae6-4db0-b0cb-b259131eede4" testId="3b2d1ed7-2520-cf64-81c1-209db4f96247" testName="OpenClawNet.IntegrationTests.RestCoverageEndpointsTests.GetToolApprovals_FiltersByApprovedStatus" computerName="CPC-bruno-U7R9O" duration="00:00:00.0177686" startTime="2026-05-25T12:10:56.6166403-04:00" endTime="2026-05-25T12:10:56.6352679-04:00" testType="13cdc9d9-ddb5-4fa4-a97d-d965ccfc6d4b" outcome="Passed" testListId="8c84fa94-04c1-424b-9868-57a2d4851a1d" relativeResultsDirectory="7ccc884d-0ae6-4db0-b0cb-b259131eede4" />
    <UnitTestResult executionId="5587eb6f-a023-4cc0-a6bc-b7c04b32a26a" testId="4f692385-ce2d-c735-f000-dc3a31ffa89b" testName="OpenClawNet.IntegrationTests.FakeAssertingToolCallingModelClientTests.StreamAsync_FirstCall_ReturnsToolCallChunks" computerName="CPC-bruno-U7R9O" duration="00:00:00.0046629" startTime="2026-05-25T12:10:35.9822334-04:00" endTime="2026-05-25T12:10:35.9876067-04:00" testType="13cdc9d9-ddb5-4fa4-a97d-d965ccfc6d4b" outcome="Passed" testListId="8c84fa94-04c1-424b-9868-57a2d4851a1d" relativeResultsDirectory="5587eb6f-a023-4cc0-a6bc-b7c04b32a26a" />
    <UnitTestResult executionId="5b11d3e5-c702-4e1d-86b2-99def162e16c" testId="5e4ccdf2-8887-ba01-e08f-979a2ae4bd6f" testName="OpenClawNet.IntegrationTests.McpServerToolsEndpointsTests.GetMcpServerTools_ReturnsEmptyList_WhenServerNotRunning" computerName="CPC-bruno-U7R9O" duration="00:00:00.0183689" startTime="2026-05-25T12:10:26.1607635-04:00" endTime="2026-05-25T12:10:26.1797807-04:00" testType="13cdc9d9-ddb5-4fa4-a97d-d965ccfc6d4b" outcome="Passed" testListId="8c84fa94-04c1-424b-9868-57a2d4851a1d" relativeResultsDirectory="5b11d3e5-c702-4e1d-86b2-99def162e16c" />
    <UnitTestResult executionId="7c81e473-d5a5-4710-a6a0-25cac31773d6" testId="d1714012-c0ba-518e-975f-974cda2a732b" testName="OpenClawNet.IntegrationTests.Azure.LiveAzureKeyVaultTests.LiveAKV_Recover_RestoresAccess" computerName="CPC-bruno-U7R9O" duration="00:00:00.0010000" startTime="2026-05-25T12:09:37.7144589-04:00" endTime="2026-05-25T12:09:37.7151161-04:00" testType="13cdc9d9-ddb5-4fa4-a97d-d965ccfc6d4b" outcome="NotExecuted" testListId="8c84fa94-04c1-424b-9868-57a2d4851a1d" relativeResultsDirectory="7c81e473-d5a5-4710-a6a0-25cac31773d6">
      <Output>
        <ErrorInfo>
          <Message>AZURE_KEYVAULT_URI environment variable not set or Azure credentials not available. Run 'az login' first.</Message>
        </ErrorInfo>
      </Output>
    </UnitTestResult>
    <UnitTestResult executionId="b71d2f0c-414f-45dc-b783-2c6712ee7ced" testId="ff948446-aaf1-043b-cfa2-aa9f38303957" testName="OpenClawNet.IntegrationTests.Gateway.UserFolderEndpointTests.GetEmpty_ReturnsEmptyList" computerName="CPC-bruno-U7R9O" duration="00:00:00.0039505" startTime="2026-05-25T12:06:59.9168043-04:00" endTime="2026-05-25T12:06:59.9213110-04:00" testType="13cdc9d9-ddb5-4fa4-a97d-d965ccfc6d4b" outcome="Passed" testListId="8c84fa94-04c1-424b-9868-57a2d4851a1d" relativeResultsDirectory="b71d2f0c-414f-45dc-b783-2c6712ee7ced" />
    <UnitTestResult executionId="6ef84c75-2647-4ca2-b3ba-90fd6da748ea" testId="5359a862-ab16-347e-4f62-04cc670b86e8" testName="OpenClawNet.IntegrationTests.Azure.LiveAzureKeyVaultTests.LiveAKV_Connect_AuthenticatesSuccessfully" computerName="CPC-bruno-U7R9O" duration="00:00:00.0010000" startTime="2026-05-25T12:09:37.7167102-04:00" endTime="2026-05-25T12:09:37.7171333-04:00" testType="13cdc9d9-ddb5-4fa4-a97d-d965ccfc6d4b" outcome="NotExecuted" testListId="8c84fa94-04c1-424b-9868-57a2d4851a1d" relativeResultsDirectory="6ef84c75-2647-4ca2-b3ba-90fd6da748ea">
      <Output>
        <ErrorInfo>
          <Message>AZURE_KEYVAULT_URI environment variable not set or Azure credentials not available. Run 'az login' first.</Message>
        </ErrorInfo>
      </Output>
    </UnitTestResult>
    <UnitTestResult executionId="d8de9af8-1b82-46e1-a2ad-9246f07ee11e" testId="05ab9dfc-b623-d27f-3053-16c4e6dfd8f3" testName="OpenClawNet.IntegrationTests.SecondPassEndpointsEdgeCasesTests.BySchedule_RequiresExpressionParam_With400" computerName="CPC-bruno-U7R9O" duration="00:00:00.0099174" startTime="2026-05-25T12:09:53.3128686-04:00" endTime="2026-05-25T12:09:53.3237073-04:00" testType="13cdc9d9-ddb5-4fa4-a97d-d965ccfc6d4b" outcome="Passed" testListId="8c84fa94-04c1-424b-9868-57a2d4851a1d" relativeResultsDirectory="d8de9af8-1b82-46e1-a2ad-9246f07ee11e" />
    <UnitTestResult executionId="5e0ea1ae-23d9-4b75-a09d-403a8390b174" testId="78fbc2a3-d02f-8981-7a50-96956dfa2730" testName="OpenClawNet.IntegrationTests.RestCoverageEndpointsTests.GetJobRunArtifacts_ReturnsArtifactsList_WithCorrectOrdering" computerName="CPC-bruno-U7R9O" duration="00:00:00.0087998" startTime="2026-05-25T12:10:56.7360924-04:00" endTime="2026-05-25T12:10:56.7454860-04:00" testType="13cdc9d9-ddb5-4fa4-a97d-d965ccfc6d4b" outcome="Passed" testListId="8c84fa94-04c1-424b-9868-57a2d4851a1d" relativeResultsDirectory="5e0ea1ae-23d9-4b75-a09d-403a8390b174" />
    <UnitTestResult executionId="2dd94c07-2c2f-448f-8368-554352c3e9d4" testId="2317c90b-65e2-5233-7839-14435bb93a68" testName="OpenClawNet.IntegrationTests.Gateway.UserFolderEndpointTests.UploadFile_OverQuota_Returns413" computerName="CPC-bruno-U7R9O" duration="00:00:00.0338036" startTime="2026-05-25T12:06:59.6601013-04:00" endTime="2026-05-25T12:06:59.6947976-04:00" testType="13cdc9d9-ddb5-4fa4-a97d-d965ccfc6d4b" outcome="Passed" testListId="8c84fa94-04c1-424b-9868-57a2d4851a1d" relativeResultsDirectory="2dd94c07-2c2f-448f-8368-554352c3e9d4" />
    <UnitTestResult executionId="8b3c05c9-ac62-437e-b9b2-74da5bc16342" testId="9367d699-265f-259b-668f-f3fb3ee33bd8" testName="OpenClawNet.IntegrationTests.RestCoverageEndpointsTests.GetTool_ReturnsToolDetail_WithoutTestData" computerName="CPC-bruno-U7R9O" duration="00:00:00.0224189" startTime="2026-05-25T12:10:56.6777632-04:00" endTime="2026-05-25T12:10:56.7007658-04:00" testType="13cdc9d9-ddb5-4fa4-a97d-d965ccfc6d4b" outcome="Passed" testListId="8c84fa94-04c1-424b-9868-57a2d4851a1d" relativeResultsDirectory="8b3c05c9-ac62-437e-b9b2-74da5bc16342" />
    <UnitTestResult executionId="bb94bc9c-23f4-4f3a-a5d9-362bb7d9d6bc" testId="0413bd58-0195-0bd2-266f-62caaea483f0" testName="OpenClawNet.IntegrationTests.ToolApprovalEndpointTests.PostApproval_Approved_ResolvesPendingRequest" computerName="CPC-bruno-U7R9O" duration="00:00:01.7707689" startTime="2026-05-25T12:11:00.8724463-04:00" endTime="2026-05-25T12:11:02.6440007-04:00" testType="13cdc9d9-ddb5-4fa4-a97d-d965ccfc6d4b" outcome="Passed" testListId="8c84fa94-04c1-424b-9868-57a2d4851a1d" relativeResultsDirectory="bb94bc9c-23f4-4f3a-a5d9-362bb7d9d6bc" />
    <UnitTestResult executionId="df45a7a1-3bae-42ca-92ed-091ac15aaabc" testId="0afe4063-e7e4-e16a-8f0c-d7a93a56c049" testName="OpenClawNet.IntegrationTests.JobScheduleEndpointsTests.GetJobsBySchedule_ReturnsMatchingJobs" computerName="CPC-bruno-U7R9O" duration="00:00:00.0160910" startTime="2026-05-25T12:10:31.9088149-04:00" endTime="2026-05-25T12:10:31.9255814-04:00" testType="13cdc9d9-ddb5-4fa4-a97d-d965ccfc6d4b" outcome="Passed" testListId="8c84fa94-04c1-424b-9868-57a2d4851a1d" relativeResultsDirectory="df45a7a1-3bae-42ca-92ed-091ac15aaabc" />
    <UnitTestResult executionId="4283ccad-6f62-4a68-8af5-e841c2826724" testId="ed6d0a09-cd47-67fa-d71f-b59fe5cef600" testName="OpenClawNet.IntegrationTests.SecondPassEndpointsEdgeCasesTests.NextRun_ReturnsNull_WhenJobIsPaused" computerName="CPC-bruno-U7R9O" duration="00:00:01.7982831" startTime="2026-05-25T12:09:49.4395294-04:00" endTime="2026-05-25T12:09:51.2386425-04:00" testType="13cdc9d9-ddb5-4fa4-a97d-d965ccfc6d4b" outcome="Passed" testListId="8c84fa94-04c1-424b-9868-57a2d4851a1d" relativeResultsDirectory="4283ccad-6f62-4a68-8af5-e841c2826724" />
    <UnitTestResult executionId="ef7afd98-3c81-42e5-9baf-b6acf835466a" testId="e69ec014-416b-5331-c2e7-6ebf2d0c9828" testName="OpenClawNet.IntegrationTests.ChatApiTests.PostChat_ReturnsContentFromFakeModel" computerName="CPC-bruno-U7R9O" duration="00:00:00.0219211" startTime="2026-05-25T12:09:39.7397677-04:00" endTime="2026-05-25T12:09:39.7630256-04:00" testType="13cdc9d9-ddb5-4fa4-a97d-d965ccfc6d4b" outcome="Passed" testListId="8c84fa94-04c1-424b-9868-57a2d4851a1d" relativeResultsDirectory="ef7afd98-3c81-42e5-9baf-b6acf835466a" />
    <UnitTestResult executionId="09728465-9344-45f0-8995-435c43611512" testId="8e19ef11-804c-1a3e-cb72-82912f4d2390" testName="OpenClawNet.IntegrationTests.RestCoverageEndpointsTests.GetJobRunToolCalls_ReturnsToolCallsWithSuccessAndFailure" computerName="CPC-bruno-U7R9O" duration="00:00:00.0070959" startTime="2026-05-25T12:10:56.8056363-04:00" endTime="2026-05-25T12:10:56.8133582-04:00" testType="13cdc9d9-ddb5-4fa4-a97d-d965ccfc6d4b" outcome="Passed" testListId="8c84fa94-04c1-424b-9868-57a2d4851a1d" relativeResultsDirectory="09728465-9344-45f0-8995-435c43611512" />
    <UnitTestResult executionId="f59d5cbf-4414-4926-810c-adf72c0364ec" testId="a6b31185-998a-fcc2-e002-7cba6d4b1018" testName="OpenClawNet.IntegrationTests.Tools.JobToolE2ETests.Job_UsingCalculator_InvokesTool_AndCompletesSuccessfully" computerName="CPC-bruno-U7R9O" duration="00:00:00.2005627" startTime="2026-05-25T12:10:02.2800636-04:00" endTime="2026-05-25T12:10:02.4814223-04:00" testType="13cdc9d9-ddb5-4fa4-a97d-d965ccfc6d4b" outcome="Passed" testListId="8c84fa94-04c1-424b-9868-57a2d4851a1d" relativeResultsDirectory="f59d5cbf-4414-4926-810c-adf72c0364ec" />
    <UnitTestResult executionId="93aecf04-c2a2-4472-99a0-175aabc531b7" testId="e750cd7f-7cd5-6328-0405-055193aeb5ff" testName="OpenClawNet.IntegrationTests.RestCoverageEndpointsTests.GetToolCallHistory_FiltersBySuccess" computerName="CPC-bruno-U7R9O" duration="00:00:00.0106756" startTime="2026-05-25T12:10:56.7942336-04:00" endTime="2026-05-25T12:10:56.8054626-04:00" testType="13cdc9d9-ddb5-4fa4-a97d-d965ccfc6d4b" outcome="Passed" testListId="8c84fa94-04c1-424b-9868-57a2d4851a1d" relativeResultsDirectory="93aecf04-c2a2-4472-99a0-175aabc531b7" />
    <UnitTestResult executionId="de435b37-7678-4b2a-8a8b-0375f7c7cd29" testId="a17bb114-ba0d-148e-ec5f-a61eb0d0131a" testName="OpenClawNet.IntegrationTests.Jobs.LiveWebToolE2ETests.Job_UsesWebTool_FetchesUrl_ReturnsContent" computerName="CPC-bruno-U7R9O" duration="00:00:00.0010000" startTime="2026-05-25T12:07:03.9454222-04:00" endTime="2026-05-25T12:09:37.7055043-04:00" testType="13cdc9d9-ddb5-4fa4-a97d-d965ccfc6d4b" outcome="NotExecuted" testListId="8c84fa94-04c1-424b-9868-57a2d4851a1d" relativeResultsDirectory="de435b37-7678-4b2a-8a8b-0375f7c7cd29">
      <Output>
        <ErrorInfo>
          <Message>Live job execution timed out before completion (environment-dependent): A task was canceled.</Message>
        </ErrorInfo>
      </Output>
    </UnitTestResult>
    <UnitTestResult executionId="880a80d8-8a10-412f-9dd4-c288e3d5e07a" testId="1509f632-70f2-66c2-e3bc-79efc123ebc6" testName="OpenClawNet.IntegrationTests.Demos.WatchedFolderSummarizerLiveE2ETests.WatchedFolderTemplate_AcceptedByGateway_AndJobIsExecutable" computerName="CPC-bruno-U7R9O" duration="00:00:00.0010000" startTime="2026-05-25T12:09:43.7750740-04:00" endTime="2026-05-25T12:09:45.4084373-04:00" testType="13cdc9d9-ddb5-4fa4-a97d-d965ccfc6d4b" outcome="NotExecuted" testListId="8c84fa94-04c1-424b-9868-57a2d4851a1d" relativeResultsDirectory="880a80d8-8a10-412f-9dd4-c288e3d5e07a">
      <Output>
        <ErrorInfo>
          <Message>Live demo execution skipped. Set OPENCLAWNET_LIVE_DEMOS=1 and run aspire+Ollama, then run with --filter "Category=Live" to exercise the full demo against a real model.</Message>
        </ErrorInfo>
      </Output>
    </UnitTestResult>
    <UnitTestResult executionId="06a3e64c-83a6-4682-9fef-18c9dcd7fdbe" testId="82a0973d-0217-a1ef-f8ca-ede03842c59c" testName="OpenClawNet.IntegrationTests.ChatApiTests.PostChat_StoresMessagesInHistory" computerName="CPC-bruno-U7R9O" duration="00:00:01.9504369" startTime="2026-05-25T12:09:37.7235012-04:00" endTime="2026-05-25T12:09:39.6748412-04:00" testType="13cdc9d9-ddb5-4fa4-a97d-d965ccfc6d4b" outcome="Passed" testListId="8c84fa94-04c1-424b-9868-57a2d4851a1d" relativeResultsDirectory="06a3e64c-83a6-4682-9fef-18c9dcd7fdbe" />
    <UnitTestResult executionId="48dbacee-e16c-4e38-a2d6-5b7b2a9434da" testId="580fbe8b-80b6-0cd6-ea94-d1df8710c991" testName="OpenClawNet.IntegrationTests.ToolLoggingSettingsEndpointsTests.GetToolLoggingSettings_ReturnsExpectedPayload" computerName="CPC-bruno-U7R9O" duration="00:00:01.6295424" startTime="2026-05-25T12:10:49.1203937-04:00" endTime="2026-05-25T12:10:50.7506596-04:00" testType="13cdc9d9-ddb5-4fa4-a97d-d965ccfc6d4b" outcome="Passed" testListId="8c84fa94-04c1-424b-9868-57a2d4851a1d" relativeResultsDirectory="48dbacee-e16c-4e38-a2d6-5b7b2a9434da" />
    <UnitTestResult executionId="8351bf25-7815-4d74-85be-3a4aa0f80c01" testId="1137287f-d840-95fc-c2b6-20243e416203" testName="OpenClawNet.IntegrationTests.Gateway.UserFolderEndpointTests.Create_EmitsAuditJsonl" computerName="CPC-bruno-U7R9O" duration="00:00:00.0258834" startTime="2026-05-25T12:06:59.7380214-04:00" endTime="2026-05-25T12:06:59.7645699-04:00" testType="13cdc9d9-ddb5-4fa4-a97d-d965ccfc6d4b" outcome="Passed" testListId="8c84fa94-04c1-424b-9868-57a2d4851a1d" relativeResultsDirectory="8351bf25-7815-4d74-85be-3a4aa0f80c01" />
    <UnitTestResult executionId="13b410c6-cc31-440b-9be3-55b435ca8d25" testId="180d0229-c857-50f5-010c-d11c48267886" testName="OpenClawNet.IntegrationTests.SecondPassEndpointsEdgeCasesTests.Stats_ReturnsZeros_WhenChannelHasNoActivity" computerName="CPC-bruno-U7R9O" duration="00:00:00.1186287" startTime="2026-05-25T12:09:53.4497420-04:00" endTime="2026-05-25T12:09:53.5700945-04:00" testType="13cdc9d9-ddb5-4fa4-a97d-d965ccfc6d4b" outcome="Passed" testListId="8c84fa94-04c1-424b-9868-57a2d4851a1d" relativeResultsDirectory="13b410c6-cc31-440b-9be3-55b435ca8d25" />
    <UnitTestResult executionId="3fbca786-8910-402a-b349-98b6c3b01329" testId="f95869fc-ea19-3bf4-d18a-177d286962d2" testName="OpenClawNet.IntegrationTests.McpServerToolsEndpointsTests.GetMcpServerTools_ReturnsNotFound_WhenServerDoesNotExist" computerName="CPC-bruno-U7R9O" duration="00:00:01.5905996" startTime="2026-05-25T12:10:24.5683964-04:00" endTime="2026-05-25T12:10:26.1597668-04:00" testType="13cdc9d9-ddb5-4fa4-a97d-d965ccfc6d4b" outcome="Passed" testListId="8c84fa94-04c1-424b-9868-57a2d4851a1d" relativeResultsDirectory="3fbca786-8910-402a-b349-98b6c3b01329" />
    <UnitTestResult executionId="1ffeb53d-1a21-41cc-b86f-97336aac5bd2" testId="5bf44e4f-9872-6636-76d9-aeb3ed5fb3b9" testName="OpenClawNet.IntegrationTests.Audit.ToolApprovalLogTests.ApprovalLog_ContainsAllRequiredFields" computerName="CPC-bruno-U7R9O" duration="00:00:05.2366384" startTime="2026-05-25T12:13:45.7944519-04:00" endTime="2026-05-25T12:13:51.0312745-04:00" testType="13cdc9d9-ddb5-4fa4-a97d-d965ccfc6d4b" outcome="Passed" testListId="8c84fa94-04c1-424b-9868-57a2d4851a1d" relativeResultsDirectory="1ffeb53d-1a21-41cc-b86f-97336aac5bd2" />
    <UnitTestResult executionId="4f8fa673-504a-4754-9f52-1982e0390cb6" testId="fdad43a6-8d7a-9432-5749-ada50f987b67" testName="OpenClawNet.IntegrationTests.RestCoverageEndpointsTests.GetJobRunArtifacts_ReturnsNotFound_WhenRunDoesNotExist" computerName="CPC-bruno-U7R9O" duration="00:00:00.0028957" startTime="2026-05-25T12:10:56.7324352-04:00" endTime="2026-05-25T12:10:56.7359129-04:00" testType="13cdc9d9-ddb5-4fa4-a97d-d965ccfc6d4b" outcome="Passed" testListId="8c84fa94-04c1-424b-9868-57a2d4851a1d" relativeResultsDirectory="4f8fa673-504a-4754-9f52-1982e0390cb6" />
    <UnitTestResult executionId="754afb15-5559-44e0-b39e-e429ba942be2" testId="e396d07b-96d8-34b9-f712-752b1e4ba127" testName="OpenClawNet.IntegrationTests.AgentProfilesBulkDeleteTests.BulkDelete_NoBody_Returns400" computerName="CPC-bruno-U7R9O" duration="00:00:00.0028443" startTime="2026-05-25T12:10:43.3587206-04:00" endTime="2026-05-25T12:10:43.3622381-04:00" testType="13cdc9d9-ddb5-4fa4-a97d-d965ccfc6d4b" outcome="Passed" testListId="8c84fa94-04c1-424b-9868-57a2d4851a1d" relativeResultsDirectory="754afb15-5559-44e0-b39e-e429ba942be2" />
    <UnitTestResult executionId="fa684c08-3d49-4033-8098-2c9d202171e7" testId="c3568477-512d-a680-805e-9b56b1d723b3" testName="OpenClawNet.IntegrationTests.FakeAssertingToolCallingModelClientTests.CompleteAsync_SecondCall_WithValidToolMessage_ReturnsFinalAnswer" computerName="CPC-bruno-U7R9O" duration="00:00:00.0009178" startTime="2026-05-25T12:10:36.0150857-04:00" endTime="2026-05-25T12:10:36.0160506-04:00" testType="13cdc9d9-ddb5-4fa4-a97d-d965ccfc6d4b" outcome="Passed" testListId="8c84fa94-04c1-424b-9868-57a2d4851a1d" relativeResultsDirectory="fa684c08-3d49-4033-8098-2c9d202171e7" />
    <UnitTestResult executionId="67cc7ad4-bf28-46c0-8cf5-133102c12349" testId="35ebf839-68c2-e48a-4410-fdeb46461e9d" testName="OpenClawNet.IntegrationTests.FakeAssertingToolCallingModelClientTests.CompleteAsync_SecondCall_WithEmptyToolContent_ThrowsException" computerName="CPC-bruno-U7R9O" duration="00:00:00.0102332" startTime="2026-05-25T12:10:35.9939941-04:00" endTime="2026-05-25T12:10:36.0043152-04:00" testType="13cdc9d9-ddb5-4fa4-a97d-d965ccfc6d4b" outcome="Passed" testListId="8c84fa94-04c1-424b-9868-57a2d4851a1d" relativeResultsDirectory="67cc7ad4-bf28-46c0-8cf5-133102c12349" />
    <UnitTestResult executionId="a2967103-15da-42be-b1dc-ebdc26b094c0" testId="4dc91e84-49ba-6e8f-26f1-3d9eb456238c" testName="OpenClawNet.IntegrationTests.Audit.ToolApprovalLogTests.SessionMemoryApproval_WritesLogRecord_WithSourceSessionMemory" computerName="CPC-bruno-U7R9O" duration="00:00:05.3877657" startTime="2026-05-25T12:13:40.4058084-04:00" endTime="2026-05-25T12:13:45.7938973-04:00" testType="13cdc9d9-ddb5-4fa4-a97d-d965ccfc6d4b" outcome="Passed" testListId="8c84fa94-04c1-424b-9868-57a2d4851a1d" relativeResultsDirectory="a2967103-15da-42be-b1dc-ebdc26b094c0" />
    <UnitTestResult executionId="2994468d-77f0-4e8f-914d-a381d91211bc" testId="44980ff1-9814-e09f-c24a-b805d8001be0" testName="OpenClawNet.IntegrationTests.Gateway.UserFolderEndpointTests.DeleteWithMismatchedConfirmHeader_Returns400_ConfirmationRequired" computerName="CPC-bruno-U7R9O" duration="00:00:00.0090386" startTime="2026-05-25T12:06:59.8164617-04:00" endTime="2026-05-25T12:06:59.8261943-04:00" testType="13cdc9d9-ddb5-4fa4-a97d-d965ccfc6d4b" outcome="Passed" testListId="8c84fa94-04c1-424b-9868-57a2d4851a1d" relativeResultsDirectory="2994468d-77f0-4e8f-914d-a381d91211bc" />
    <UnitTestResult executionId="7feb490d-4b2f-4a27-98ba-ced1b208f99d" testId="23663459-26f1-53b7-0786-8c57eed724ec" testName="OpenClawNet.IntegrationTests.Tools.JobToolE2ETests.Job_WhenLLMNeverCallsTool_RunCompletesWithoutToolEvents" computerName="CPC-bruno-U7R9O" duration="00:00:00.0138993" startTime="2026-05-25T12:10:02.4819881-04:00" endTime="2026-05-25T12:10:02.4966268-04:00" testType="13cdc9d9-ddb5-4fa4-a97d-d965ccfc6d4b" outcome="Passed" testListId="8c84fa94-04c1-424b-9868-57a2d4851a1d" relativeResultsDirectory="7feb490d-4b2f-4a27-98ba-ced1b208f99d" />
    <UnitTestResult executionId="19ac5b3b-d58a-4d60-927d-be4bd3e51c34" testId="bf25c23d-5a86-373f-098b-627783afbf4f" testName="OpenClawNet.IntegrationTests.JobScheduleEndpointsTests.GetJobSchedule_ReturnsScheduleConfig" computerName="CPC-bruno-U7R9O" duration="00:00:00.0131654" startTime="2026-05-25T12:10:31.8772345-04:00" endTime="2026-05-25T12:10:31.8910646-04:00" testType="13cdc9d9-ddb5-4fa4-a97d-d965ccfc6d4b" outcome="Passed" testListId="8c84fa94-04c1-424b-9868-57a2d4851a1d" relativeResultsDirectory="19ac5b3b-d58a-4d60-927d-be4bd3e51c34" />
    <UnitTestResult executionId="587bc129-1422-437a-ba6a-02b81938fc21" testId="0d343d89-2f0d-e238-6397-0ba7dc0fb055" testName="OpenClawNet.IntegrationTests.RestCoverageEndpointsTests.GetRunDetail_ReturnsFullDetail_WithEventStats" computerName="CPC-bruno-U7R9O" duration="00:00:00.0232220" startTime="2026-05-25T12:10:56.4742547-04:00" endTime="2026-05-25T12:10:56.4981553-04:00" testType="13cdc9d9-ddb5-4fa4-a97d-d965ccfc6d4b" outcome="Passed" testListId="8c84fa94-04c1-424b-9868-57a2d4851a1d" relativeResultsDirectory="587bc129-1422-437a-ba6a-02b81938fc21" />
    <UnitTestResult executionId="795d9ae9-165d-4507-be26-52bac02be046" testId="196531a1-5ec7-4e95-a566-831e08ce2033" testName="OpenClawNet.IntegrationTests.Gateway.UserFolderEndpointTests.DeleteWithoutConfirmHeader_Returns400_ConfirmationRequired" computerName="CPC-bruno-U7R9O" duration="00:00:00.0091592" startTime="2026-05-25T12:06:59.9010366-04:00" endTime="2026-05-25T12:06:59.9110366-04:00" testType="13cdc9d9-ddb5-4fa4-a97d-d965ccfc6d4b" outcome="Passed" testListId="8c84fa94-04c1-424b-9868-57a2d4851a1d" relativeResultsDirectory="795d9ae9-165d-4507-be26-52bac02be046" />
    <UnitTestResult executionId="00135d7c-ed55-467d-b73d-b94aa779db41" testId="3feb60af-fd70-75b5-84cf-9d589283ccd1" testName="OpenClawNet.IntegrationTests.Azure.LiveAzureKeyVaultTests.LiveAKV_Delete_SoftDeletes" computerName="CPC-bruno-U7R9O" duration="00:00:00.0010000" startTime="2026-05-25T12:09:37.7175744-04:00" endTime="2026-05-25T12:09:37.7179125-04:00" testType="13cdc9d9-ddb5-4fa4-a97d-d965ccfc6d4b" outcome="NotExecuted" testListId="8c84fa94-04c1-424b-9868-57a2d4851a1d" relativeResultsDirectory="00135d7c-ed55-467d-b73d-b94aa779db41">
      <Output>
        <ErrorInfo>
          <Message>AZURE_KEYVAULT_URI environment variable not set or Azure credentials not available. Run 'az login' first.</Message>
        </ErrorInfo>
      </Output>
    </UnitTestResult>
    <UnitTestResult executionId="5c15ecfb-f810-4411-bc0c-f6b5d99670c0" testId="02729667-38a5-44e9-17bc-c45ad467915d" testName="OpenClawNet.IntegrationTests.RestCoverageEndpointsTests.GetToolCallHistory_FiltersBySessionId" computerName="CPC-bruno-U7R9O" duration="00:00:00.0045956" startTime="2026-05-25T12:10:56.8371923-04:00" endTime="2026-05-25T12:10:56.8423975-04:00" testType="13cdc9d9-ddb5-4fa4-a97d-d965ccfc6d4b" outcome="Passed" testListId="8c84fa94-04c1-424b-9868-57a2d4851a1d" relativeResultsDirectory="5c15ecfb-f810-4411-bc0c-f6b5d99670c0" />
    <UnitTestResult executionId="3554cd15-6cb3-4f26-bfce-6205a060186b" testId="04a67b51-9672-6294-370c-7737a25273ba" testName="OpenClawNet.IntegrationTests.Gateway.UserFolderEndpointTests.PostValidName_Returns201_AndCreatesFolderOnDisk" computerName="CPC-bruno-U7R9O" duration="00:00:01.5444502" startTime="2026-05-25T12:06:58.1133293-04:00" endTime="2026-05-25T12:06:59.6593438-04:00" testType="13cdc9d9-ddb5-4fa4-a97d-d965ccfc6d4b" outcome="Passed" testListId="8c84fa94-04c1-424b-9868-57a2d4851a1d" relativeResultsDirectory="3554cd15-6cb3-4f26-bfce-6205a060186b" />
    <UnitTestResult executionId="ce39c84c-d243-4b72-8713-9eda71400883" testId="61d05acb-762c-6a3b-ceee-d276f5c750d6" testName="OpenClawNet.IntegrationTests.Audit.JobStateChangeTests.StateChangeRecords_ContainCorrectForeignKey" computerName="CPC-bruno-U7R9O" duration="00:00:00.0331932" startTime="2026-05-25T12:10:37.6201792-04:00" endTime="2026-05-25T12:10:37.6540554-04:00" testType="13cdc9d9-ddb5-4fa4-a97d-d965ccfc6d4b" outcome="Passed" testListId="8c84fa94-04c1-424b-9868-57a2d4851a1d" relativeResultsDirectory="ce39c84c-d243-4b72-8713-9eda71400883" />
    <UnitTestResult executionId="30aba74a-6dac-4673-b6ae-c2ac20a77613" testId="dafdf27a-8811-36e5-b4df-2d1fd636aaaa" testName="OpenClawNet.IntegrationTests.SecondPassEndpointsEdgeCasesTests.PutSchedule_RejectsInvalidCron_With400" computerName="CPC-bruno-U7R9O" duration="00:00:00.0190883" startTime="2026-05-25T12:09:51.2392827-04:00" endTime="2026-05-25T12:09:51.2591987-04:00" testType="13cdc9d9-ddb5-4fa4-a97d-d965ccfc6d4b" outcome="Passed" testListId="8c84fa94-04c1-424b-9868-57a2d4851a1d" relativeResultsDirectory="30aba74a-6dac-4673-b6ae-c2ac20a77613" />
    <UnitTestResult executionId="439ec1d2-1ad9-4b7d-b14a-973228c77e95" testId="b0a119fc-67d3-0207-6f1c-452304ae4a89" testName="OpenClawNet.IntegrationTests.Audit.ToolApprovalLogTests.UserApproval_WritesLogRecord_WithSourceUser" computerName="CPC-bruno-U7R9O" duration="00:00:05.3315656" startTime="2026-05-25T12:14:01.6471867-04:00" endTime="2026-05-25T12:14:06.9789975-04:00" testType="13cdc9d9-ddb5-4fa4-a97d-d965ccfc6d4b" outcome="Passed" testListId="8c84fa94-04c1-424b-9868-57a2d4851a1d" relativeResultsDirectory="439ec1d2-1ad9-4b7d-b14a-973228c77e95" />
    <UnitTestResult executionId="79d36a58-0eac-4e5d-a5c6-0821a6a7f035" testId="c82cdf69-2a6a-9bf7-6ff5-f0573516ee35" testName="OpenClawNet.IntegrationTests.ToolLoggingSettingsEndpointsTests.PutToolLoggingSettings_UpdatesEnabledFlag_AndRoundTrips" computerName="CPC-bruno-U7R9O" duration="00:00:00.0212317" startTime="2026-05-25T12:10:50.7511868-04:00" endTime="2026-05-25T12:10:50.7731276-04:00" testType="13cdc9d9-ddb5-4fa4-a97d-d965ccfc6d4b" outcome="Passed" testListId="8c84fa94-04c1-424b-9868-57a2d4851a1d" relativeResultsDirectory="79d36a58-0eac-4e5d-a5c6-0821a6a7f035" />
    <UnitTestResult executionId="662578fc-f327-4cb4-ad1b-6016b2291755" testId="d586c1f9-53cf-665e-d733-8799318c62a7" testName="OpenClawNet.IntegrationTests.RestCoverageEndpointsTests.GetToolCallHistory_SurfacesFailedToolCallWithError" computerName="CPC-bruno-U7R9O" duration="00:00:00.0797447" startTime="2026-05-25T12:10:56.5067659-04:00" endTime="2026-05-25T12:10:56.5871320-04:00" testType="13cdc9d9-ddb5-4fa4-a97d-d965ccfc6d4b" outcome="Passed" testListId="8c84fa94-04c1-424b-9868-57a2d4851a1d" relativeResultsDirectory="662578fc-f327-4cb4-ad1b-6016b2291755" />
    <UnitTestResult executionId="f6038091-38b3-4ad5-94fd-71be8188f0e6" testId="dd1e7c18-2dde-fe1a-6a2c-ea120314253b" testName="OpenClawNet.IntegrationTests.SecondPassEndpointsEdgeCasesTests.Diagnostics_Info_ContainsVersionAndUptime" computerName="CPC-bruno-U7R9O" duration="00:00:00.0058792" startTime="2026-05-25T12:09:53.2927969-04:00" endTime="2026-05-25T12:09:53.2993484-04:00" testType="13cdc9d9-ddb5-4fa4-a97d-d965ccfc6d4b" outcome="Passed" testListId="8c84fa94-04c1-424b-9868-57a2d4851a1d" relativeResultsDirectory="f6038091-38b3-4ad5-94fd-71be8188f0e6" />
    <UnitTestResult executionId="b570fd56-63df-401a-8529-45db13bb57aa" testId="49f61a7f-2938-9850-cadb-4f28d5ddb040" testName="OpenClawNet.IntegrationTests.RestCoverageEndpointsTests.GetDefaultAgentProfile_ReturnsDefaultProfile_WhenExists" computerName="CPC-bruno-U7R9O" duration="00:00:00.0182906" startTime="2026-05-25T12:10:56.3851172-04:00" endTime="2026-05-25T12:10:56.4040969-04:00" testType="13cdc9d9-ddb5-4fa4-a97d-d965ccfc6d4b" outcome="Passed" testListId="8c84fa94-04c1-424b-9868-57a2d4851a1d" relativeResultsDirectory="b570fd56-63df-401a-8529-45db13bb57aa" />
    <UnitTestResult executionId="a19b0f30-f2a3-4b9a-b7db-19a9f4db4300" testId="d66c2580-f468-34fe-7be4-bc681eb172af" testName="OpenClawNet.IntegrationTests.SecondPassEndpointsEdgeCasesTests.ChannelAdapterHealth_ReportsDisabled_WhenAdapterDisabled" computerName="CPC-bruno-U7R9O" duration="00:00:00.0053272" startTime="2026-05-25T12:09:53.5704093-04:00" endTime="2026-05-25T12:09:53.5764385-04:00" testType="13cdc9d9-ddb5-4fa4-a97d-d965ccfc6d4b" outcome="Passed" testListId="8c84fa94-04c1-424b-9868-57a2d4851a1d" relativeResultsDirectory="a19b0f30-f2a3-4b9a-b7db-19a9f4db4300" />
    <UnitTestResult executionId="5bddb3f3-d27a-4608-8703-0ea8fe33b4b0" testId="207b3ca2-79e1-d489-0c95-3e8c3ea7f18c" testName="OpenClawNet.IntegrationTests.RestCoverageEndpointsTests.GetToolApprovals_FiltersByToolName" computerName="CPC-bruno-U7R9O" duration="00:00:00.0131840" startTime="2026-05-25T12:10:56.8135403-04:00" endTime="2026-05-25T12:10:56.8273915-04:00" testType="13cdc9d9-ddb5-4fa4-a97d-d965ccfc6d4b" outcome="Passed" testListId="8c84fa94-04c1-424b-9868-57a2d4851a1d" relativeResultsDirectory="5bddb3f3-d27a-4608-8703-0ea8fe33b4b0" />
    <UnitTestResult executionId="38d24c20-6d98-4226-b0f2-1a4ff85cbf33" testId="e103f962-37d7-4204-3bda-523049242bdb" testName="OpenClawNet.IntegrationTests.RestCoverageEndpointsTests.GetJobStateHistory_ReturnsNotFound_WhenJobDoesNotExist" computerName="CPC-bruno-U7R9O" duration="00:00:00.0029313" startTime="2026-05-25T12:10:56.7872159-04:00" endTime="2026-05-25T12:10:56.7908004-04:00" testType="13cdc9d9-ddb5-4fa4-a97d-d965ccfc6d4b" outcome="Passed" testListId="8c84fa94-04c1-424b-9868-57a2d4851a1d" relativeResultsDirectory="38d24c20-6d98-4226-b0f2-1a4ff85cbf33" />
    <UnitTestResult executionId="7c67a3f4-1e95-4516-aa8e-841c0111ac55" testId="44689811-ddca-b7b5-9a58-b31d1ea81d1a" testName="OpenClawNet.IntegrationTests.FakeAssertingToolCallingModelClientTests.StreamAsync_SecondCall_WithoutToolMessage_ThrowsException" computerName="CPC-bruno-U7R9O" duration="00:00:00.0080433" startTime="2026-05-25T12:10:36.0045341-04:00" endTime="2026-05-25T12:10:36.0131711-04:00" testType="13cdc9d9-ddb5-4fa4-a97d-d965ccfc6d4b" outcome="Passed" testListId="8c84fa94-04c1-424b-9868-57a2d4851a1d" relativeResultsDirectory="7c67a3f4-1e95-4516-aa8e-841c0111ac55" />
    <UnitTestResult executionId="58d4e62a-7134-4dc9-bd50-2ca09fa68f16" testId="66bb7ad8-00b0-875b-42cc-17db9119c3df" testName="OpenClawNet.IntegrationTests.Audit.JobStateChangeTests.PauseJob_WritesStateChangeRecord_FromActiveToPaused" computerName="CPC-bruno-U7R9O" duration="00:00:00.0071685" startTime="2026-05-25T12:10:37.6693748-04:00" endTime="2026-05-25T12:10:37.6770603-04:00" testType="13cdc9d9-ddb5-4fa4-a97d-d965ccfc6d4b" outcome="Passed" testListId="8c84fa94-04c1-424b-9868-57a2d4851a1d" relativeResultsDirectory="58d4e62a-7134-4dc9-bd50-2ca09fa68f16" />
    <UnitTestResult executionId="86c95d08-dfae-497a-8c41-65e074bfa293" testId="c7111ce9-21ec-1960-ba3a-146e34e6a8e3" testName="OpenClawNet.IntegrationTests.Gateway.UserFolderEndpointTests.GetWithTwoFolders_ListsBothWithSizeAndLastWriteTime" computerName="CPC-bruno-U7R9O" duration="00:00:00.0524568" startTime="2026-05-25T12:06:59.8265019-04:00" endTime="2026-05-25T12:06:59.8796908-04:00" testType="13cdc9d9-ddb5-4fa4-a97d-d965ccfc6d4b" outcome="Passed" testListId="8c84fa94-04c1-424b-9868-57a2d4851a1d" relativeResultsDirectory="86c95d08-dfae-497a-8c41-65e074bfa293" />
    <UnitTestResult executionId="7a1a6903-257e-4fca-98f6-ab82aeebd76e" testId="a8c0a981-d3d1-c4d1-94c5-4d2532d6ee19" testName="OpenClawNet.IntegrationTests.JobScheduleEndpointsTests.GetJobNextRun_ReturnsErrorWhenNoCronExpression" computerName="CPC-bruno-U7R9O" duration="00:00:00.0049844" startTime="2026-05-25T12:10:31.9346215-04:00" endTime="2026-05-25T12:10:31.9402257-04:00" testType="13cdc9d9-ddb5-4fa4-a97d-d965ccfc6d4b" outcome="Passed" testListId="8c84fa94-04c1-424b-9868-57a2d4851a1d" relativeResultsDirectory="7a1a6903-257e-4fca-98f6-ab82aeebd76e" />
    <UnitTestResult executionId="cdaaea10-5c4c-461a-a5db-a15ca5600262" testId="fb34efaf-c34f-5984-0b0d-b1b77909928e" testName="OpenClawNet.IntegrationTests.FakeAssertingToolCallingModelClientTests.StreamAsync_SecondCall_WithValidToolMessage_ReturnsFinalAnswer" computerName="CPC-bruno-U7R9O" duration="00:00:00.0052854" startTime="2026-05-25T12:10:35.9878448-04:00" endTime="2026-05-25T12:10:35.9937936-04:00" testType="13cdc9d9-ddb5-4fa4-a97d-d965ccfc6d4b" outcome="Passed" testListId="8c84fa94-04c1-424b-9868-57a2d4851a1d" relativeResultsDirectory="cdaaea10-5c4c-461a-a5db-a15ca5600262" />
    <UnitTestResult executionId="0ed7ca3d-8bfd-415b-9202-d3e33170c515" testId="94df0669-234e-42d9-ef32-78ef1cfea9d4" testName="OpenClawNet.IntegrationTests.ChatHubStreamTests.StreamChat_WithThreeArgs_DoesNotThrowArgumentCountError" computerName="CPC-bruno-U7R9O" duration="00:00:00.0116099" startTime="2026-05-25T12:10:16.4510826-04:00" endTime="2026-05-25T12:10:20.5200490-04:00" testType="13cdc9d9-ddb5-4fa4-a97d-d965ccfc6d4b" outcome="Passed" testListId="8c84fa94-04c1-424b-9868-57a2d4851a1d" relativeResultsDirectory="0ed7ca3d-8bfd-415b-9202-d3e33170c515" />
    <UnitTestResult executionId="ee6185c1-6a91-475d-90d3-c854cdefd572" testId="c48e1494-173b-3ea5-2756-87b3ff9afd0c" testName="OpenClawNet.IntegrationTests.RestCoverageEndpointsTests.SearchRuns_FiltersByStatus" computerName="CPC-bruno-U7R9O" duration="00:00:00.0282878" startTime="2026-05-25T12:10:56.5873384-04:00" endTime="2026-05-25T12:10:56.6163597-04:00" testType="13cdc9d9-ddb5-4fa4-a97d-d965ccfc6d4b" outcome="Passed" testListId="8c84fa94-04c1-424b-9868-57a2d4851a1d" relativeResultsDirectory="ee6185c1-6a91-475d-90d3-c854cdefd572" />
    <UnitTestResult executionId="f7680408-e682-4b27-874d-7f3482fd6933" testId="9bfc9d9e-3247-ff61-802e-db2913939445" testName="OpenClawNet.IntegrationTests.SecondPassEndpointsEdgeCasesTests.ChannelArtifacts_RespectsLimitParam" computerName="CPC-bruno-U7R9O" duration="00:00:00.0946509" startTime="2026-05-25T12:09:53.3239894-04:00" endTime="2026-05-25T12:09:53.4193338-04:00" testType="13cdc9d9-ddb5-4fa4-a97d-d965ccfc6d4b" outcome="Passed" testListId="8c84fa94-04c1-424b-9868-57a2d4851a1d" relativeResultsDirectory="f7680408-e682-4b27-874d-7f3482fd6933" />
    <UnitTestResult executionId="9fea9e6f-6002-4288-9196-39627e6abae2" testId="0e5e941a-2329-f597-a114-52f7805c1447" testName="OpenClawNet.IntegrationTests.SecondPassEndpointsEdgeCasesTests.Diagnostics_DbInfo_ContainsTableCounts" computerName="CPC-bruno-U7R9O" duration="00:00:00.0010000" startTime="2026-05-25T12:09:53.3117506-04:00" endTime="2026-05-25T12:09:53.3117715-04:00" testType="13cdc9d9-ddb5-4fa4-a97d-d965ccfc6d4b" outcome="NotExecuted" testListId="8c84fa94-04c1-424b-9868-57a2d4851a1d" relativeResultsDirectory="9fea9e6f-6002-4288-9196-39627e6abae2">
      <Output>
        <ErrorInfo>
          <Message>Diagnostics endpoint fails with InMemory provider (GetConnectionString not supported). Production uses SQLite.</Message>
        </ErrorInfo>
      </Output>
    </UnitTestResult>
    <UnitTestResult executionId="b4c9b541-4268-428b-963b-c508a95730c5" testId="b2d44e70-5f4b-bfb6-8158-21d790c017e4" testName="OpenClawNet.IntegrationTests.RestCoverageEndpointsTests.GetJobStateHistory_ReturnsEmptyHistory_WhenNoStateChanges" computerName="CPC-bruno-U7R9O" duration="00:00:00.0150445" startTime="2026-05-25T12:10:56.7712981-04:00" endTime="2026-05-25T12:10:56.7870138-04:00" testType="13cdc9d9-ddb5-4fa4-a97d-d965ccfc6d4b" outcome="Passed" testListId="8c84fa94-04c1-424b-9868-57a2d4851a1d" relativeResultsDirectory="b4c9b541-4268-428b-963b-c508a95730c5" />
    <UnitTestResult executionId="6c2bd906-204c-4ecd-9df4-a9e39444bfe0" testId="94b0b375-ca1a-c654-d5d2-3e84ec002ab6" testName="OpenClawNet.IntegrationTests.JobStreamEndpointsTests.GetJobStream_ReturnsNotFoundEvent_WhenJobDoesNotExist" computerName="CPC-bruno-U7R9O" duration="00:00:03.3869569" startTime="2026-05-25T12:05:32.3594028-04:00" endTime="2026-05-25T12:05:35.7619218-04:00" testType="13cdc9d9-ddb5-4fa4-a97d-d965ccfc6d4b" outcome="Passed" testListId="8c84fa94-04c1-424b-9868-57a2d4851a1d" relativeResultsDirectory="6c2bd906-204c-4ecd-9df4-a9e39444bfe0" />
    <UnitTestResult executionId="f8be08e8-ace0-493d-9864-48b74fdfe551" testId="f7a28c75-8ea9-454e-41ee-ec5b79d2503a" testName="OpenClawNet.IntegrationTests.JobScheduleEndpointsTests.UpdateJobSchedule_UpdatesCronExpression" computerName="CPC-bruno-U7R9O" duration="00:00:00.0087389" startTime="2026-05-25T12:10:31.8951635-04:00" endTime="2026-05-25T12:10:31.9046199-04:00" testType="13cdc9d9-ddb5-4fa4-a97d-d965ccfc6d4b" outcome="Passed" testListId="8c84fa94-04c1-424b-9868-57a2d4851a1d" relativeResultsDirectory="f8be08e8-ace0-493d-9864-48b74fdfe551" />
    <UnitTestResult executionId="0ee9c151-88a5-47ed-b3f5-f466b9610231" testId="bb99de80-8351-70ba-553e-cb62b79774a3" testName="OpenClawNet.IntegrationTests.RestCoverageEndpointsTests.GetJobRunArtifacts_ReturnsEmptyList_WhenNoArtifacts" computerName="CPC-bruno-U7R9O" duration="00:00:00.0246631" startTime="2026-05-25T12:10:56.6355154-04:00" endTime="2026-05-25T12:10:56.6609815-04:00" testType="13cdc9d9-ddb5-4fa4-a97d-d965ccfc6d4b" outcome="Passed" testListId="8c84fa94-04c1-424b-9868-57a2d4851a1d" relativeResultsDirectory="0ee9c151-88a5-47ed-b3f5-f466b9610231" />
    <UnitTestResult executionId="82cd09cb-e81c-43d3-bcf8-0c7ca66e89c1" testId="d28b1fd7-b813-e551-328a-b8777783a8c1" testName="OpenClawNet.IntegrationTests.ChatHubStreamTests.StreamChat_CompleteEvent_IsAlwaysLastEvent" computerName="CPC-bruno-U7R9O" duration="00:00:00.0713314" startTime="2026-05-25T12:10:06.5087125-04:00" endTime="2026-05-25T12:10:12.3477423-04:00" testType="13cdc9d9-ddb5-4fa4-a97d-d965ccfc6d4b" outcome="Passed" testListId="8c84fa94-04c1-424b-9868-57a2d4851a1d" relativeResultsDirectory="82cd09cb-e81c-43d3-bcf8-0c7ca66e89c1" />
    <UnitTestResult executionId="8a08d78e-e73c-436e-a810-bda4e8d447cc" testId="cae4011c-b22d-5b5e-bb53-36383ccb8130" testName="OpenClawNet.IntegrationTests.JobScheduleEndpointsTests.GetJobsBySchedule_ReturnsEmptyList_WhenNoMatches" computerName="CPC-bruno-U7R9O" duration="00:00:00.0029864" startTime="2026-05-25T12:10:31.9305830-04:00" endTime="2026-05-25T12:10:31.9343948-04:00" testType="13cdc9d9-ddb5-4fa4-a97d-d965ccfc6d4b" outcome="Passed" testListId="8c84fa94-04c1-424b-9868-57a2d4851a1d" relativeResultsDirectory="8a08d78e-e73c-436e-a810-bda4e8d447cc" />
    <UnitTestResult executionId="83f60ea9-6043-4af5-aa3a-91d8523e37fa" testId="00680e94-dda8-547a-38bb-cc6cacde00c0" testName="OpenClawNet.IntegrationTests.RestCoverageEndpointsTests.GetTool_ReturnsNotFound_WhenToolDoesNotExist" computerName="CPC-bruno-U7R9O" duration="00:00:00.0026122" startTime="2026-05-25T12:10:56.7909794-04:00" endTime="2026-05-25T12:10:56.7941012-04:00" testType="13cdc9d9-ddb5-4fa4-a97d-d965ccfc6d4b" outcome="Passed" testListId="8c84fa94-04c1-424b-9868-57a2d4851a1d" relativeResultsDirectory="83f60ea9-6043-4af5-aa3a-91d8523e37fa" />
    <UnitTestResult executionId="6f3ff319-c770-4607-a783-78cb16c5d3d8" testId="1ebd9d6e-b43f-47d5-9579-31d3499ca740" testName="OpenClawNet.IntegrationTests.Tools.JobToolE2ETests.Job_UsingMarkdownConvert_HttpError_FlipsRunToFailed_WithDiagnostics" computerName="CPC-bruno-U7R9O" duration="00:00:02.6472140" startTime="2026-05-25T12:09:59.6315832-04:00" endTime="2026-05-25T12:10:02.2795894-04:00" testType="13cdc9d9-ddb5-4fa4-a97d-d965ccfc6d4b" outcome="Passed" testListId="8c84fa94-04c1-424b-9868-57a2d4851a1d" relativeResultsDirectory="6f3ff319-c770-4607-a783-78cb16c5d3d8" />
    <UnitTestResult executionId="0a4d2a95-44aa-4096-9272-4e7a6196d021" testId="df09078e-7e3f-a83b-93ad-7f63f1d5037b" testName="OpenClawNet.IntegrationTests.RestCoverageEndpointsTests.GetJobRunToolCalls_SurfacesFailedToolCallError_OneCurlDebugScenario" computerName="CPC-bruno-U7R9O" duration="00:00:00.0079658" startTime="2026-05-25T12:10:56.7626046-04:00" endTime="2026-05-25T12:10:56.7711295-04:00" testType="13cdc9d9-ddb5-4fa4-a97d-d965ccfc6d4b" outcome="Passed" testListId="8c84fa94-04c1-424b-9868-57a2d4851a1d" relativeResultsDirectory="0a4d2a95-44aa-4096-9272-4e7a6196d021" />
    <UnitTestResult executionId="294b8caf-31cf-4927-940a-7e9d42fb963b" testId="df1f9ed7-3a91-cd5b-1073-8e93db941d76" testName="OpenClawNet.IntegrationTests.Azure.LiveAzureKeyVaultTests.LiveAKV_Rotate_CreatesNewVersion" computerName="CPC-bruno-U7R9O" duration="00:00:00.0010000" startTime="2026-05-25T12:09:37.7184847-04:00" endTime="2026-05-25T12:09:37.7188843-04:00" testType="13cdc9d9-ddb5-4fa4-a97d-d965ccfc6d4b" outcome="NotExecuted" testListId="8c84fa94-04c1-424b-9868-57a2d4851a1d" relativeResultsDirectory="294b8caf-31cf-4927-940a-7e9d42fb963b">
      <Output>
        <ErrorInfo>
          <Message>AZURE_KEYVAULT_URI environment variable not set or Azure credentials not available. Run 'az login' first.</Message>
        </ErrorInfo>
      </Output>
    </UnitTestResult>
    <UnitTestResult executionId="e855193b-3f19-4967-8de8-ea852c87bf37" testId="ded56e40-e28f-f180-153a-9871a2c79e8b" testName="OpenClawNet.IntegrationTests.SecondPassEndpointsEdgeCasesTests.ClearChannel_ReturnsNotFound_WhenJobMissing" computerName="CPC-bruno-U7R9O" duration="00:00:00.0129838" startTime="2026-05-25T12:09:53.2787826-04:00" endTime="2026-05-25T12:09:53.2925458-04:00" testType="13cdc9d9-ddb5-4fa4-a97d-d965ccfc6d4b" outcome="Passed" testListId="8c84fa94-04c1-424b-9868-57a2d4851a1d" relativeResultsDirectory="e855193b-3f19-4967-8de8-ea852c87bf37" />
    <UnitTestResult executionId="421d4deb-8448-4ed7-b9e2-39b3d7734eef" testId="3b21ce1f-12da-44f3-bc63-ed5c9bb3fb8a" testName="OpenClawNet.IntegrationTests.RestCoverageEndpointsTests.GetJobStateHistory_ReturnsStateChanges_InDescendingOrder" computerName="CPC-bruno-U7R9O" duration="00:00:00.0081681" startTime="2026-05-25T12:10:56.8275885-04:00" endTime="2026-05-25T12:10:56.8363853-04:00" testType="13cdc9d9-ddb5-4fa4-a97d-d965ccfc6d4b" outcome="Passed" testListId="8c84fa94-04c1-424b-9868-57a2d4851a1d" relativeResultsDirectory="421d4deb-8448-4ed7-b9e2-39b3d7734eef" />
    <UnitTestResult executionId="05e74d45-1da2-465b-af61-d087355e2ee5" testId="301a3f79-4009-8e16-0c6a-752f1a9aa9ec" testName="OpenClawNet.IntegrationTests.McpServerToolsEndpointsTests.GetMcpServerTools_ReturnsEmptyList_WhenServerDisabled" computerName="CPC-bruno-U7R9O" duration="00:00:00.0057306" startTime="2026-05-25T12:10:26.1800140-04:00" endTime="2026-05-25T12:10:26.1863847-04:00" testType="13cdc9d9-ddb5-4fa4-a97d-d965ccfc6d4b" outcome="Passed" testListId="8c84fa94-04c1-424b-9868-57a2d4851a1d" relativeResultsDirectory="05e74d45-1da2-465b-af61-d087355e2ee5" />
    <UnitTestResult executionId="b8f097f6-452d-479b-960c-71a039a08367" testId="be163572-ae5f-e8d2-1ab1-c1645d1c9279" testName="OpenClawNet.IntegrationTests.Gateway.UserFolderEndpointTests.PostInvalidName_Returns400_WithReason" computerName="CPC-bruno-U7R9O" duration="00:00:00.0054873" startTime="2026-05-25T12:06:59.8933217-04:00" endTime="2026-05-25T12:06:59.8995045-04:00" testType="13cdc9d9-ddb5-4fa4-a97d-d965ccfc6d4b" outcome="Passed" testListId="8c84fa94-04c1-424b-9868-57a2d4851a1d" relativeResultsDirectory="b8f097f6-452d-479b-960c-71a039a08367" />
    <UnitTestResult executionId="5ff34f93-5587-4aec-8e46-27efc235c917" testId="85757526-d058-a52c-8dc7-2ca22caf3230" testName="OpenClawNet.IntegrationTests.JobScheduleEndpointsTests.UpdateJobSchedule_ReturnsNotFound_WhenJobDoesNotExist" computerName="CPC-bruno-U7R9O" duration="00:00:00.0038397" startTime="2026-05-25T12:10:31.9258069-04:00" endTime="2026-05-25T12:10:31.9302532-04:00" testType="13cdc9d9-ddb5-4fa4-a97d-d965ccfc6d4b" outcome="Passed" testListId="8c84fa94-04c1-424b-9868-57a2d4851a1d" relativeResultsDirectory="5ff34f93-5587-4aec-8e46-27efc235c917" />
    <UnitTestResult executionId="8ccbb6c7-bcaa-4149-93e3-f4267f42e308" testId="1f52ae61-192f-9049-220e-eb301fb38b40" testName="OpenClawNet.IntegrationTests.SecondPassEndpointsEdgeCasesTests.PutSchedule_PreservesPromptAndProfile_WhenOnlyScheduleChanges" computerName="CPC-bruno-U7R9O" duration="00:00:00.0190144" startTime="2026-05-25T12:09:53.6059976-04:00" endTime="2026-05-25T12:09:53.6258268-04:00" testType="13cdc9d9-ddb5-4fa4-a97d-d965ccfc6d4b" outcome="Passed" testListId="8c84fa94-04c1-424b-9868-57a2d4851a1d" relativeResultsDirectory="8ccbb6c7-bcaa-4149-93e3-f4267f42e308" />
    <UnitTestResult executionId="ed4c7557-d16a-43c5-bab8-c584f1e25322" testId="d1079c19-1a21-6072-a287-26a5f918d096" testName="OpenClawNet.IntegrationTests.JobScheduleEndpointsTests.GetJobNextRun_ReturnsNotFound_WhenJobDoesNotExist" computerName="CPC-bruno-U7R9O" duration="00:00:00.0030109" startTime="2026-05-25T12:10:31.9048748-04:00" endTime="2026-05-25T12:10:31.9085246-04:00" testType="13cdc9d9-ddb5-4fa4-a97d-d965ccfc6d4b" outcome="Passed" testListId="8c84fa94-04c1-424b-9868-57a2d4851a1d" relativeResultsDirectory="ed4c7557-d16a-43c5-bab8-c584f1e25322" />
    <UnitTestResult executionId="f6d374a2-7081-4f08-89ed-16c02c5f29f8" testId="c3b19d34-440f-5b0c-622d-ffff627b99ab" testName="OpenClawNet.IntegrationTests.FakeAssertingToolCallingModelClientTests.CompleteAsync_SecondCall_WithoutToolMessage_ThrowsException" computerName="CPC-bruno-U7R9O" duration="00:00:00.0011181" startTime="2026-05-25T12:10:36.0161778-04:00" endTime="2026-05-25T12:10:36.0173405-04:00" testType="13cdc9d9-ddb5-4fa4-a97d-d965ccfc6d4b" outcome="Passed" testListId="8c84fa94-04c1-424b-9868-57a2d4851a1d" relativeResultsDirectory="f6d374a2-7081-4f08-89ed-16c02c5f29f8" />
    <UnitTestResult executionId="70a83806-2541-4ff6-8e49-280fff925197" testId="e2561f93-3d89-e23a-d954-d5998302ae75" testName="OpenClawNet.IntegrationTests.ChatHubStreamTests.StreamChat_ReturnsContentEvents_FromFakeModel" computerName="CPC-bruno-U7R9O" duration="00:00:00.0129677" startTime="2026-05-25T12:10:12.3482857-04:00" endTime="2026-05-25T12:10:16.4503438-04:00" testType="13cdc9d9-ddb5-4fa4-a97d-d965ccfc6d4b" outcome="Passed" testListId="8c84fa94-04c1-424b-9868-57a2d4851a1d" relativeResultsDirectory="70a83806-2541-4ff6-8e49-280fff925197" />
    <UnitTestResult executionId="ff153d7e-f36e-412a-b70d-2b4eecd9a0bb" testId="212bfa1d-ddd8-b210-447b-176ef3162ef3" testName="OpenClawNet.IntegrationTests.JobScheduleEndpointsTests.GetJobsBySchedule_ReturnsBadRequest_WhenExpressionMissing" computerName="CPC-bruno-U7R9O" duration="00:00:00.0031065" startTime="2026-05-25T12:10:31.9527942-04:00" endTime="2026-05-25T12:10:31.9566022-04:00" testType="13cdc9d9-ddb5-4fa4-a97d-d965ccfc6d4b" outcome="Passed" testListId="8c84fa94-04c1-424b-9868-57a2d4851a1d" relativeResultsDirectory="ff153d7e-f36e-412a-b70d-2b4eecd9a0bb" />
    <UnitTestResult executionId="50ecd592-9af1-46c1-8afb-99429a0244a9" testId="95986b58-42b5-a9c3-2b9d-6b4ce6a9bddf" testName="OpenClawNet.IntegrationTests.SecondPassEndpointsEdgeCasesTests.JobStream_ReturnsApplicationXNdjson_ContentType" computerName="CPC-bruno-U7R9O" duration="00:00:02.0180154" startTime="2026-05-25T12:09:51.2595585-04:00" endTime="2026-05-25T12:09:53.2784340-04:00" testType="13cdc9d9-ddb5-4fa4-a97d-d965ccfc6d4b" outcome="Passed" testListId="8c84fa94-04c1-424b-9868-57a2d4851a1d" relativeResultsDirectory="50ecd592-9af1-46c1-8afb-99429a0244a9" />
    <UnitTestResult executionId="635d048b-e09d-49fe-810b-1dbe2bfb3910" testId="af3cee13-8707-1620-1456-07efd357b7ff" testName="OpenClawNet.IntegrationTests.Audit.JobStateChangeTests.StartJob_WritesStateChangeRecord_FromDraftToActive" computerName="CPC-bruno-U7R9O" duration="00:00:00.0054121" startTime="2026-05-25T12:10:37.6772096-04:00" endTime="2026-05-25T12:10:37.6831901-04:00" testType="13cdc9d9-ddb5-4fa4-a97d-d965ccfc6d4b" outcome="Passed" testListId="8c84fa94-04c1-424b-9868-57a2d4851a1d" relativeResultsDirectory="635d048b-e09d-49fe-810b-1dbe2bfb3910" />
    <UnitTestResult executionId="919e519b-51e5-4963-a914-c33c75178674" testId="1778804b-886c-00ee-0c6a-2ed70af69639" testName="OpenClawNet.IntegrationTests.RestCoverageEndpointsTests.DownloadRunLogs_ReturnsTextFile_WithCorrectFormat" computerName="CPC-bruno-U7R9O" duration="00:00:00.0382739" startTime="2026-05-25T12:10:56.4349999-04:00" endTime="2026-05-25T12:10:56.4739924-04:00" testType="13cdc9d9-ddb5-4fa4-a97d-d965ccfc6d4b" outcome="Passed" testListId="8c84fa94-04c1-424b-9868-57a2d4851a1d" relativeResultsDirectory="919e519b-51e5-4963-a914-c33c75178674" />
    <UnitTestResult executionId="28ac082d-216b-4df6-bec4-0f7d92677e82" testId="e761f928-0038-8ef8-279c-5d2e16d4c709" testName="OpenClawNet.IntegrationTests.Audit.JobStateChangeTests.ResumeJob_WritesStateChangeRecord_FromPausedToActive" computerName="CPC-bruno-U7R9O" duration="00:00:01.6016921" startTime="2026-05-25T12:10:36.0176220-04:00" endTime="2026-05-25T12:10:37.6199947-04:00" testType="13cdc9d9-ddb5-4fa4-a97d-d965ccfc6d4b" outcome="Passed" testListId="8c84fa94-04c1-424b-9868-57a2d4851a1d" relativeResultsDirectory="28ac082d-216b-4df6-bec4-0f7d92677e82" />
    <UnitTestResult executionId="e65fd47e-e391-4e1d-bda9-801da011861e" testId="668f7725-c6ec-119f-30cd-2b2a0212fe23" testName="OpenClawNet.IntegrationTests.Azure.LiveAzureKeyVaultTests.LiveAKV_DeleteThenPurge_LROCompletes" computerName="CPC-bruno-U7R9O" duration="00:00:00.0010000" startTime="2026-05-25T12:09:37.7194025-04:00" endTime="2026-05-25T12:09:37.7197488-04:00" testType="13cdc9d9-ddb5-4fa4-a97d-d965ccfc6d4b" outcome="NotExecuted" testListId="8c84fa94-04c1-424b-9868-57a2d4851a1d" relativeResultsDirectory="e65fd47e-e391-4e1d-bda9-801da011861e">
      <Output>
        <ErrorInfo>
          <Message>AZURE_KEYVAULT_URI environment variable not set or Azure credentials not available. Run 'az login' first.</Message>
        </ErrorInfo>
      </Output>
    </UnitTestResult>
    <UnitTestResult executionId="cfa99d50-74bd-456c-94b7-4a3b0b419f49" testId="63f0c776-193d-3ae7-6867-565d0e7cb16e" testName="OpenClawNet.IntegrationTests.ToolApprovalEndpointTests.PostApproval_Denied_ResolvesPendingRequestAsDenied" computerName="CPC-bruno-U7R9O" duration="00:00:00.0080540" startTime="2026-05-25T12:11:02.6444886-04:00" endTime="2026-05-25T12:11:02.6532608-04:00" testType="13cdc9d9-ddb5-4fa4-a97d-d965ccfc6d4b" outcome="Passed" testListId="8c84fa94-04c1-424b-9868-57a2d4851a1d" relativeResultsDirectory="cfa99d50-74bd-456c-94b7-4a3b0b419f49" />
    <UnitTestResult executionId="9c0d12f2-e36f-472f-99a5-84fdb677a6c6" testId="f89abc5b-fa7c-f83b-1ccb-210cb8dc3eaa" testName="OpenClawNet.IntegrationTests.Azure.LiveAzureKeyVaultTests.LiveAKV_Purge_RemovesIrreversibly" computerName="CPC-bruno-U7R9O" duration="00:00:00.0010000" startTime="2026-05-25T12:09:37.7225189-04:00" endTime="2026-05-25T12:09:37.7228466-04:00" testType="13cdc9d9-ddb5-4fa4-a97d-d965ccfc6d4b" outcome="NotExecuted" testListId="8c84fa94-04c1-424b-9868-57a2d4851a1d" relativeResultsDirectory="9c0d12f2-e36f-472f-99a5-84fdb677a6c6">
      <Output>
        <ErrorInfo>
          <Message>AZURE_KEYVAULT_URI environment variable not set or Azure credentials not available. Run 'az login' first.</Message>
        </ErrorInfo>
      </Output>
    </UnitTestResult>
    <UnitTestResult executionId="8828d064-714f-4049-86a1-9bbf99ac8bf5" testId="ceb63d33-da85-4dac-ec56-49048a8d2946" testName="OpenClawNet.IntegrationTests.RestCoverageEndpointsTests.GetToolApprovals_FiltersByDateRange" computerName="CPC-bruno-U7R9O" duration="00:00:00.0118843" startTime="2026-05-25T12:10:56.7456489-04:00" endTime="2026-05-25T12:10:56.7580861-04:00" testType="13cdc9d9-ddb5-4fa4-a97d-d965ccfc6d4b" outcome="Passed" testListId="8c84fa94-04c1-424b-9868-57a2d4851a1d" relativeResultsDirectory="8828d064-714f-4049-86a1-9bbf99ac8bf5" />
    <UnitTestResult executionId="4f737d5a-35df-473e-bc1a-59db4c36e4bb" testId="75a1344b-e3ef-6515-c6e0-46de0fd84402" testName="OpenClawNet.IntegrationTests.Tools.JobToolE2ETests.Job_UsingMarkdownConvert_LocalUrl_IsRefused_ByTool_AndRunFails" computerName="CPC-bruno-U7R9O" duration="00:00:00.0198839" startTime="2026-05-25T12:09:59.5606297-04:00" endTime="2026-05-25T12:09:59.5812026-04:00" testType="13cdc9d9-ddb5-4fa4-a97d-d965ccfc6d4b" outcome="Passed" testListId="8c84fa94-04c1-424b-9868-57a2d4851a1d" relativeResultsDirectory="4f737d5a-35df-473e-bc1a-59db4c36e4bb" />
    <UnitTestResult executionId="eb28a641-1d02-40eb-80e7-a10eb0e25510" testId="9c2042e5-e253-fdff-8839-8d900e27c178" testName="OpenClawNet.IntegrationTests.SecondPassEndpointsEdgeCasesTests.McpServerTools_ReturnsNotFound_ForUnknownServerId" computerName="CPC-bruno-U7R9O" duration="00:00:00.0272605" startTime="2026-05-25T12:09:53.5773952-04:00" endTime="2026-05-25T12:09:53.6056766-04:00" testType="13cdc9d9-ddb5-4fa4-a97d-d965ccfc6d4b" outcome="Passed" testListId="8c84fa94-04c1-424b-9868-57a2d4851a1d" relativeResultsDirectory="eb28a641-1d02-40eb-80e7-a10eb0e25510" />
    <UnitTestResult executionId="a9a9d6ca-9ef4-4753-b479-f5bede9afb02" testId="563e2ec9-3774-6c83-f14f-14647c254a34" testName="OpenClawNet.IntegrationTests.RestCoverageEndpointsTests.GetToolCallHistory_ReturnsEmptyList_WhenNoToolCalls" computerName="CPC-bruno-U7R9O" duration="00:00:00.0094803" startTime="2026-05-25T12:10:56.7009295-04:00" endTime="2026-05-25T12:10:56.7110157-04:00" testType="13cdc9d9-ddb5-4fa4-a97d-d965ccfc6d4b" outcome="Passed" testListId="8c84fa94-04c1-424b-9868-57a2d4851a1d" relativeResultsDirectory="a9a9d6ca-9ef4-4753-b479-f5bede9afb02" />
    <UnitTestResult executionId="23f954a8-1ee6-48b7-91c5-64c0ef866d75" testId="790acf5c-23f9-1cee-5795-cf215c88570a" testName="OpenClawNet.IntegrationTests.RestCoverageEndpointsTests.GetToolCallHistory_FiltersByToolName" computerName="CPC-bruno-U7R9O" duration="00:00:00.0151470" startTime="2026-05-25T12:10:56.6617813-04:00" endTime="2026-05-25T12:10:56.6776044-04:00" testType="13cdc9d9-ddb5-4fa4-a97d-d965ccfc6d4b" outcome="Passed" testListId="8c84fa94-04c1-424b-9868-57a2d4851a1d" relativeResultsDirectory="23f954a8-1ee6-48b7-91c5-64c0ef866d75" />
    <UnitTestResult executionId="c9c98a9c-8779-46a2-93cb-38dc77c3a292" testId="32430ab1-7437-5ee6-276b-3fc778c39b1e" testName="OpenClawNet.IntegrationTests.SecondPassEndpointsEdgeCasesTests.RuntimeSettings_DoesNotLeakSecrets" computerName="CPC-bruno-U7R9O" duration="00:00:00.0066776" startTime="2026-05-25T12:09:53.3042667-04:00" endTime="2026-05-25T12:09:53.3115036-04:00" testType="13cdc9d9-ddb5-4fa4-a97d-d965ccfc6d4b" outcome="Passed" testListId="8c84fa94-04c1-424b-9868-57a2d4851a1d" relativeResultsDirectory="c9c98a9c-8779-46a2-93cb-38dc77c3a292" />
    <UnitTestResult executionId="d57ef755-1606-42f1-939b-6be8bf585b5f" testId="01543323-40f0-4b10-6772-ac883d31dbe1" testName="OpenClawNet.IntegrationTests.Gateway.UserFolderEndpointTests.DeleteWithMatchingConfirmHeader_Returns204_AndFolderGone" computerName="CPC-bruno-U7R9O" duration="00:00:00.0123166" startTime="2026-05-25T12:06:59.8799741-04:00" endTime="2026-05-25T12:06:59.8930300-04:00" testType="13cdc9d9-ddb5-4fa4-a97d-d965ccfc6d4b" outcome="Passed" testListId="8c84fa94-04c1-424b-9868-57a2d4851a1d" relativeResultsDirectory="d57ef755-1606-42f1-939b-6be8bf585b5f" />
    <UnitTestResult executionId="428449ee-1aa9-48d1-9595-ed94dd7ea46e" testId="ce096a39-7a28-230e-9005-6905b7f4cf36" testName="OpenClawNet.IntegrationTests.Jobs.Aspire.LiveBrowserToolE2ETests.Job_UsesBrowserTool_FetchesPage_AndReturnsContent" computerName="CPC-bruno-U7R9O" duration="00:00:00.0010000" startTime="2026-05-25T12:05:43.9803049-04:00" endTime="2026-05-25T12:06:58.1071568-04:00" testType="13cdc9d9-ddb5-4fa4-a97d-d965ccfc6d4b" outcome="NotExecuted" testListId="8c84fa94-04c1-424b-9868-57a2d4851a1d" relativeResultsDirectory="428449ee-1aa9-48d1-9595-ed94dd7ea46e">
      <Output>
        <ErrorInfo>
          <Message>Aspire browser live job execution returned 400 (BadRequest). Treating as environment-dependent skip. Body: {"error":"Tool 'browser' failed: Browser error: An error occurred trying to start process 'C:\\Program Files\\nodejs\\node.exe' with working directory 'C:\\src\\openclawnet-plan\\src\\OpenClawNet.Services.Browser'. Access is denied."}</Message>
        </ErrorInfo>
      </Output>
    </UnitTestResult>
    <UnitTestResult executionId="30699960-5e96-4a6c-941b-e556626a139b" testId="2cf96f52-5539-289a-7c3e-bad98dedf713" testName="OpenClawNet.IntegrationTests.SecondPassEndpointsEdgeCasesTests.BySchedule_ReturnsEmpty_WhenExpressionMatchesNoJobs" computerName="CPC-bruno-U7R9O" duration="00:00:00.0268753" startTime="2026-05-25T12:09:53.4197050-04:00" endTime="2026-05-25T12:09:53.4488405-04:00" testType="13cdc9d9-ddb5-4fa4-a97d-d965ccfc6d4b" outcome="Passed" testListId="8c84fa94-04c1-424b-9868-57a2d4851a1d" relativeResultsDirectory="30699960-5e96-4a6c-941b-e556626a139b" />
    <UnitTestResult executionId="23f4f74d-e759-438e-afa9-30659dc225b0" testId="6516bbbe-75ab-52b8-efe7-c433aa8a0078" testName="OpenClawNet.IntegrationTests.Audit.ToolApprovalLogTests.MultipleApprovals_ForSameSession_AllLogged" computerName="CPC-bruno-U7R9O" duration="00:00:05.2217361" startTime="2026-05-25T12:14:06.9795038-04:00" endTime="2026-05-25T12:14:12.2014119-04:00" testType="13cdc9d9-ddb5-4fa4-a97d-d965ccfc6d4b" outcome="Passed" testListId="8c84fa94-04c1-424b-9868-57a2d4851a1d" relativeResultsDirectory="23f4f74d-e759-438e-afa9-30659dc225b0" />
    <UnitTestResult executionId="028fdada-2a19-4238-8865-3c177867c235" testId="01464323-99d8-7918-fd52-0a4117496475" testName="OpenClawNet.IntegrationTests.Gateway.UserFolderEndpointTests.PostVeryLongName_Returns400_WithRedactedName" computerName="CPC-bruno-U7R9O" duration="00:00:00.0045362" startTime="2026-05-25T12:06:59.9113815-04:00" endTime="2026-05-25T12:06:59.9165373-04:00" testType="13cdc9d9-ddb5-4fa4-a97d-d965ccfc6d4b" outcome="Passed" testListId="8c84fa94-04c1-424b-9868-57a2d4851a1d" relativeResultsDirectory="028fdada-2a19-4238-8865-3c177867c235" />
    <UnitTestResult executionId="3431ff58-3240-4fb5-84ec-8c35a249c749" testId="34e8d35b-93c2-399c-f0d3-8e4f6f9b8171" testName="OpenClawNet.IntegrationTests.ChatApiTests.PostChat_ReturnsOk_WithContent" computerName="CPC-bruno-U7R9O" duration="00:00:00.0182915" startTime="2026-05-25T12:09:39.7194335-04:00" endTime="2026-05-25T12:09:39.7392820-04:00" testType="13cdc9d9-ddb5-4fa4-a97d-d965ccfc6d4b" outcome="Passed" testListId="8c84fa94-04c1-424b-9868-57a2d4851a1d" relativeResultsDirectory="3431ff58-3240-4fb5-84ec-8c35a249c749" />
    <UnitTestResult executionId="b590cc5d-9c27-4ff4-9fa4-cd30d162dd1e" testId="0c8f25b1-550c-102e-bd9a-28cade55c804" testName="OpenClawNet.IntegrationTests.JobScheduleEndpointsTests.UpdateJobSchedule_UpdatesTimeWindow" computerName="CPC-bruno-U7R9O" duration="00:00:00.0107662" startTime="2026-05-25T12:10:31.9404561-04:00" endTime="2026-05-25T12:10:31.9519313-04:00" testType="13cdc9d9-ddb5-4fa4-a97d-d965ccfc6d4b" outcome="Passed" testListId="8c84fa94-04c1-424b-9868-57a2d4851a1d" relativeResultsDirectory="b590cc5d-9c27-4ff4-9fa4-cd30d162dd1e" />
    <UnitTestResult executionId="a6400ae0-56ab-42af-b615-c3859ca34319" testId="fec29910-e368-e9ea-04ff-e0a8681ee49f" testName="OpenClawNet.IntegrationTests.JobScheduleEndpointsTests.GetJobSchedule_ReturnsNotFound_WhenJobDoesNotExist" computerName="CPC-bruno-U7R9O" duration="00:00:00.0029607" startTime="2026-05-25T12:10:31.8913043-04:00" endTime="2026-05-25T12:10:31.8949486-04:00" testType="13cdc9d9-ddb5-4fa4-a97d-d965ccfc6d4b" outcome="Passed" testListId="8c84fa94-04c1-424b-9868-57a2d4851a1d" relativeResultsDirectory="a6400ae0-56ab-42af-b615-c3859ca34319" />
    <UnitTestResult executionId="58d09780-3787-4618-9395-8c11dcbe9b76" testId="c4f34fff-2f20-5a47-fc81-39b7b4b76c65" testName="OpenClawNet.IntegrationTests.Tools.JobToolE2ETests.Job_UsingMarkdownConvert_InvokesTool_AndCompletesSuccessfully" computerName="CPC-bruno-U7R9O" duration="00:00:01.9016688" startTime="2026-05-25T12:09:57.6576665-04:00" endTime="2026-05-25T12:09:59.5600072-04:00" testType="13cdc9d9-ddb5-4fa4-a97d-d965ccfc6d4b" outcome="Passed" testListId="8c84fa94-04c1-424b-9868-57a2d4851a1d" relativeResultsDirectory="58d09780-3787-4618-9395-8c11dcbe9b76" />
    <UnitTestResult executionId="e3f4be80-b9d2-4c01-92e5-f4ed8554b160" testId="eb818626-0c1f-08b2-1fba-e05863c98dc0" testName="OpenClawNet.IntegrationTests.SecondPassEndpointsEdgeCasesTests.ChannelAdapterDetail_ReturnsNotFound_ForUnknownAdapter" computerName="CPC-bruno-U7R9O" duration="00:00:00.0038567" startTime="2026-05-25T12:09:53.2996102-04:00" endTime="2026-05-25T12:09:53.3040677-04:00" testType="13cdc9d9-ddb5-4fa4-a97d-d965ccfc6d4b" outcome="Passed" testListId="8c84fa94-04c1-424b-9868-57a2d4851a1d" relativeResultsDirectory="e3f4be80-b9d2-4c01-92e5-f4ed8554b160" />
    <UnitTestResult executionId="cbb51699-d6ad-4e7c-bae2-004abe2cae69" testId="fd338123-08c3-23a2-0fec-ef340243d222" testName="OpenClawNet.IntegrationTests.Azure.LiveAzureKeyVaultTests.LiveAKV_GetExisting_ReturnsValue" computerName="CPC-bruno-U7R9O" duration="00:00:00.0010000" startTime="2026-05-25T12:09:37.7209466-04:00" endTime="2026-05-25T12:09:37.7215361-04:00" testType="13cdc9d9-ddb5-4fa4-a97d-d965ccfc6d4b" outcome="NotExecuted" testListId="8c84fa94-04c1-424b-9868-57a2d4851a1d" relativeResultsDirectory="cbb51699-d6ad-4e7c-bae2-004abe2cae69">
      <Output>
        <ErrorInfo>
          <Message>AZURE_KEYVAULT_URI environment variable not set or Azure credentials not available. Run 'az login' first.</Message>
        </ErrorInfo>
      </Output>
    </UnitTestResult>
    <UnitTestResult executionId="0cad408d-3585-4377-bd65-4e92a449684e" testId="d26e471e-aa53-1781-81de-6dab2447e770" testName="OpenClawNet.IntegrationTests.Audit.ToolApprovalLogTests.TimeoutDenial_WritesLogRecord_WithSourceTimeout" computerName="CPC-bruno-U7R9O" duration="00:00:05.2550777" startTime="2026-05-25T12:13:56.3912544-04:00" endTime="2026-05-25T12:14:01.6465335-04:00" testType="13cdc9d9-ddb5-4fa4-a97d-d965ccfc6d4b" outcome="Passed" testListId="8c84fa94-04c1-424b-9868-57a2d4851a1d" relativeResultsDirectory="0cad408d-3585-4377-bd65-4e92a449684e" />
    <UnitTestResult executionId="d3e663b2-a94a-41b7-8d5f-a886f181aef7" testId="07781bc1-c993-2ded-d363-c1a0b0b4e76c" testName="OpenClawNet.IntegrationTests.Gateway.UserFolderEndpointTests.UploadFile_HappyPath_Returns200_AndFileOnDisk" computerName="CPC-bruno-U7R9O" duration="00:00:00.0104196" startTime="2026-05-25T12:06:59.7648997-04:00" endTime="2026-05-25T12:06:59.7759844-04:00" testType="13cdc9d9-ddb5-4fa4-a97d-d965ccfc6d4b" outcome="Passed" testListId="8c84fa94-04c1-424b-9868-57a2d4851a1d" relativeResultsDirectory="d3e663b2-a94a-41b7-8d5f-a886f181aef7" />
    <UnitTestResult executionId="5e06b957-f04f-40ce-9c1e-de35aaecd201" testId="c5f49feb-64b4-2a11-6d70-5f323e85c0db" testName="OpenClawNet.IntegrationTests.RestCoverageEndpointsTests.GetJobRunToolCalls_ReturnsNotFound_WhenRunDoesNotExist" computerName="CPC-bruno-U7R9O" duration="00:00:00.0030505" startTime="2026-05-25T12:10:56.7586742-04:00" endTime="2026-05-25T12:10:56.7623143-04:00" testType="13cdc9d9-ddb5-4fa4-a97d-d965ccfc6d4b" outcome="Passed" testListId="8c84fa94-04c1-424b-9868-57a2d4851a1d" relativeResultsDirectory="5e06b957-f04f-40ce-9c1e-de35aaecd201" />
    <UnitTestResult executionId="905b3498-6aa2-4990-9382-1fc91c91ac20" testId="48eb8e9d-b641-14af-db60-00be9fce237c" testName="OpenClawNet.IntegrationTests.Tools.GitHubToolWireMockTests.GitHubTool_Summary_RoundTrip_Returns_Repo_Stats" computerName="CPC-bruno-U7R9O" duration="00:00:01.6121653" startTime="2026-05-25T12:10:47.4002707-04:00" endTime="2026-05-25T12:10:49.1197824-04:00" testType="13cdc9d9-ddb5-4fa4-a97d-d965ccfc6d4b" outcome="Passed" testListId="8c84fa94-04c1-424b-9868-57a2d4851a1d" relativeResultsDirectory="905b3498-6aa2-4990-9382-1fc91c91ac20" />
    <UnitTestResult executionId="3975ee24-1f39-44bd-851e-0955d3a4d7c8" testId="20ece792-844b-ad93-e8ae-19c458e0ee1e" testName="OpenClawNet.IntegrationTests.RestCoverageEndpointsTests.GetLatestRun_ReturnsNotFound_WhenNoRuns" computerName="CPC-bruno-U7R9O" duration="00:00:00.0075517" startTime="2026-05-25T12:10:56.4983742-04:00" endTime="2026-05-25T12:10:56.5065521-04:00" testType="13cdc9d9-ddb5-4fa4-a97d-d965ccfc6d4b" outcome="Passed" testListId="8c84fa94-04c1-424b-9868-57a2d4851a1d" relativeResultsDirectory="3975ee24-1f39-44bd-851e-0955d3a4d7c8" />
    <UnitTestResult executionId="44cbf394-7cdf-42f7-9687-ad5968066cdb" testId="0051bbab-3824-96c0-b862-bef326e1d825" testName="OpenClawNet.IntegrationTests.RestCoverageEndpointsTests.GetToolCallHistory_FiltersByDateRange" computerName="CPC-bruno-U7R9O" duration="00:00:00.0099274" startTime="2026-05-25T12:10:56.7111933-04:00" endTime="2026-05-25T12:10:56.7217404-04:00" testType="13cdc9d9-ddb5-4fa4-a97d-d965ccfc6d4b" outcome="Passed" testListId="8c84fa94-04c1-424b-9868-57a2d4851a1d" relativeResultsDirectory="44cbf394-7cdf-42f7-9687-ad5968066cdb" />
    <UnitTestResult executionId="d2e0ddb1-07ae-4827-876b-7f2809493ea7" testId="48588309-c759-a1a7-1fdd-06b841ee9302" testName="OpenClawNet.IntegrationTests.RestCoverageEndpointsTests.GetJobRunToolCalls_ReturnsEmptyList_WhenNoToolCalls" computerName="CPC-bruno-U7R9O" duration="00:00:00.0298425" startTime="2026-05-25T12:10:56.4042857-04:00" endTime="2026-05-25T12:10:56.4347829-04:00" testType="13cdc9d9-ddb5-4fa4-a97d-d965ccfc6d4b" outcome="Passed" testListId="8c84fa94-04c1-424b-9868-57a2d4851a1d" relativeResultsDirectory="d2e0ddb1-07ae-4827-876b-7f2809493ea7" />
  </Results>
  <TestDefinitions>
    <UnitTest name="OpenClawNet.IntegrationTests.FakeAssertingToolCallingModelClientTests.CompleteAsync_SecondCall_WithEmptyToolContent_ThrowsException" storage="c:\src\openclawnet-plan\tests\openclawnet.integrationtests\bin\debug\net10.0\openclawnet.integrationtests.dll" id="35ebf839-68c2-e48a-4410-fdeb46461e9d">
      <Execution id="67cc7ad4-bf28-46c0-8cf5-133102c12349" />
      <TestMethod codeBase="C:\src\openclawnet-plan\tests\OpenClawNet.IntegrationTests\bin\Debug\net10.0\OpenClawNet.IntegrationTests.dll" adapterTypeName="executor://xunit/VsTestRunner3/netcore/" className="OpenClawNet.IntegrationTests.FakeAssertingToolCallingModelClientTests" name="CompleteAsync_SecondCall_WithEmptyToolContent_ThrowsException" />
    </UnitTest>
    <UnitTest name="OpenClawNet.IntegrationTests.Gateway.UserFolderEndpointTests.ConcurrentUploads_SameFolder_DontCorruptQuotaCache" storage="c:\src\openclawnet-plan\tests\openclawnet.integrationtests\bin\debug\net10.0\openclawnet.integrationtests.dll" id="16166bfe-77ef-797b-264f-6a4539195c74">
      <Execution id="0359af04-9595-4ecc-b677-390154b387c0" />
      <TestMethod codeBase="C:\src\openclawnet-plan\tests\OpenClawNet.IntegrationTests\bin\Debug\net10.0\OpenClawNet.IntegrationTests.dll" adapterTypeName="executor://xunit/VsTestRunner3/netcore/" className="OpenClawNet.IntegrationTests.Gateway.UserFolderEndpointTests" name="ConcurrentUploads_SameFolder_DontCorruptQuotaCache" />
    </UnitTest>
    <UnitTest name="OpenClawNet.IntegrationTests.ToolLoggingSettingsEndpointsTests.GetToolLoggingSettings_ReturnsExpectedPayload" storage="c:\src\openclawnet-plan\tests\openclawnet.integrationtests\bin\debug\net10.0\openclawnet.integrationtests.dll" id="580fbe8b-80b6-0cd6-ea94-d1df8710c991">
      <Execution id="48dbacee-e16c-4e38-a2d6-5b7b2a9434da" />
[...]
      Server (filesystem 1.0.0) read JsonRpcRequest message from channel.&#xD;
info: ModelContextProtocol.Server.McpServer[570385771]&#xD;
      Server (filesystem 1.0.0) method 'initialize' request handler called.&#xD;
dbug: ModelContextProtocol.Server.McpServer[1374391956]&#xD;
      Server (filesystem 1.0.0), Client (testhost 15.0.0.0) sending message.&#xD;
info: ModelContextProtocol.Server.McpServer[1867955179]&#xD;
      Server (filesystem 1.0.0), Client (testhost 15.0.0.0) method 'initialize' request handler completed in 0.0229ms.&#xD;
info: OpenClawNet.Mcp.Core.InProcessMcpHost[0]&#xD;
      Started in-process MCP server 'filesystem' (8f7d1c80-1111-4a11-8001-77627e620004).&#xD;
dbug: ModelContextProtocol.Server.McpServer[330297028]&#xD;
      Server (filesystem 1.0.0), Client (testhost 15.0.0.0) read JsonRpcNotification message from channel.&#xD;
dbug: OpenClawNet.Mcp.Core.InProcessMcpHost[0]&#xD;
      In-process MCP server web already running.&#xD;
info: OpenClawNet.Mcp.Core.BundledMcpStartupService[0]&#xD;
      Started bundled MCP server 'web' with 1 tool(s).&#xD;
dbug: OpenClawNet.Mcp.Core.InProcessMcpHost[0]&#xD;
      In-process MCP server shell already running.&#xD;
info: OpenClawNet.Mcp.Core.BundledMcpStartupService[0]&#xD;
      Started bundled MCP server 'shell' with 1 tool(s).&#xD;
dbug: OpenClawNet.Mcp.Core.InProcessMcpHost[0]&#xD;
      In-process MCP server browser already running.&#xD;
info: OpenClawNet.Mcp.Core.BundledMcpStartupService[0]&#xD;
      Started bundled MCP server 'browser' with 5 tool(s).&#xD;
dbug: OpenClawNet.Mcp.Core.InProcessMcpHost[0]&#xD;
      In-process MCP server filesystem already running.&#xD;
info: OpenClawNet.Mcp.Core.BundledMcpStartupService[0]&#xD;
      Started bundled MCP server 'filesystem' with 4 tool(s).&#xD;
info: Microsoft.Hosting.Lifetime[0]&#xD;
      Application started. Press Ctrl+C to shut down.&#xD;
info: Microsoft.Hosting.Lifetime[0]&#xD;
      Hosting environment: Testing&#xD;
info: Microsoft.Hosting.Lifetime[0]&#xD;
      Content root path: C:\src\openclawnet-plan\src\OpenClawNet.Gateway&#xD;
info: Microsoft.Hosting.Lifetime[0]&#xD;
      Application is shutting down...&#xD;
dbug: OpenClawNet.Mcp.Core.InProcessMcpHost[0]&#xD;
      MCP client for server 8f7d1c80-1111-4a11-8001-77627e620001 dispose timed out; abandoning.&#xD;
dbug: OpenClawNet.Mcp.Core.InProcessMcpHost[0]&#xD;
      MCP client for server 8f7d1c80-1111-4a11-8001-77627e620002 dispose timed out; abandoning.&#xD;
info: OpenClawNet.Mcp.Core.InProcessMcpHost[0]&#xD;
      Stopped in-process MCP server 8f7d1c80-1111-4a11-8001-77627e620001.&#xD;
info: OpenClawNet.Mcp.Core.InProcessMcpHost[0]&#xD;
      Stopped in-process MCP server 8f7d1c80-1111-4a11-8001-77627e620002.&#xD;
dbug: OpenClawNet.Mcp.Core.InProcessMcpHost[0]&#xD;
      MCP client for server 8f7d1c80-1111-4a11-8001-77627e620003 dispose timed out; abandoning.&#xD;
info: OpenClawNet.Mcp.Core.InProcessMcpHost[0]&#xD;
      Stopped in-process MCP server 8f7d1c80-1111-4a11-8001-77627e620003.&#xD;
dbug: OpenClawNet.Mcp.Core.InProcessMcpHost[0]&#xD;
      MCP client for server 8f7d1c80-1111-4a11-8001-77627e620004 dispose timed out; abandoning.&#xD;
info: OpenClawNet.Mcp.Core.InProcessMcpHost[0]&#xD;
      Stopped in-process MCP server 8f7d1c80-1111-4a11-8001-77627e620004.&#xD;
warn: OpenClawNet.Storage.NoopStorageAclVerifier[0]&#xD;
      ACL verification not yet implemented (NoopStorageAclVerifier). Returning IsSecure=true for scope 'C:\Users\brunocapuano\AppData\Local\Temp\toolapproval-46f6bda821534423ade1c1f64ce0e638'. A real DACL probe will land in a future wave.&#xD;
info: OpenClawNet.Storage.AclVerification[0]&#xD;
      Storage ACL verification (root): IsSecure=True, Findings=0, ScopeRoot='C:\Users\brunocapuano\AppData\Local\Temp\toolapproval-46f6bda821534423ade1c1f64ce0e638'&#xD;
info: OpenClawNet.Storage.AclVerification[0]&#xD;
      User-folder health sweep: FoldersInspected=0, Findings=0, StorageRoot='C:\Users\brunocapuano\AppData\Local\Temp\toolapproval-46f6bda821534423ade1c1f64ce0e638'&#xD;
warn: OpenClawNet.Tools.FileSystem.FileSystemTool[0]&#xD;
      FileSystemTool initialized without agent scope — using shared workspace ({StorageRoot}/workspace). Set Agent:Name or Agent:WorkspacePath to scope per-agent.&#xD;
info: OpenClawNet.Tools.FileSystem.FileSystemTool[0]&#xD;
      FileSystem workspace root: C:\Users\brunocapuano\AppData\Local\Temp\toolapproval-46f6bda821534423ade1c1f64ce0e638\workspace&#xD;
info: OpenClawNet.Gateway.Services.StorageDirectoryProvider[0]&#xD;
      Using platform default storage directory: C:\Users\brunocapuano\OpenClawNet&#xD;
info: OpenClawNet.Storage.OpenClawNetPaths[0]&#xD;
      Storage root resolved: 'C:\Users\brunocapuano\AppData\Local\Temp\toolapproval-46f6bda821534423ade1c1f64ce0e638' (source: EnvironmentVariable)&#xD;
warn: Microsoft.AspNetCore.DataProtection.KeyManagement.XmlKeyManager[35]&#xD;
      No XML encryptor configured. Key {6b77722e-c9b7-48d1-b19a-33fc9a5d9656} may be persisted to storage in unencrypted form.&#xD;
dbug: ModelContextProtocol.Server.McpServer[330297028]&#xD;
      Server (web 1.0.0) read JsonRpcRequest message from channel.&#xD;
info: ModelContextProtocol.Server.McpServer[570385771]&#xD;
      Server (web 1.0.0) method 'initialize' request handler called.&#xD;
dbug: ModelContextProtocol.Server.McpServer[1374391956]&#xD;
      Server (web 1.0.0), Client (testhost 15.0.0.0) sending message.&#xD;
info: ModelContextProtocol.Server.McpServer[1867955179]&#xD;
      Server (web 1.0.0), Client (testhost 15.0.0.0) method 'initialize' request handler completed in 0.0751ms.&#xD;
info: OpenClawNet.Mcp.Core.InProcessMcpHost[0]&#xD;
      Started in-process MCP server 'web' (8f7d1c80-1111-4a11-8001-77627e620001).&#xD;
dbug: ModelContextProtocol.Server.McpServer[330297028]&#xD;
      Server (web 1.0.0), Client (testhost 15.0.0.0) read JsonRpcNotification message from channel.&#xD;
dbug: ModelContextProtocol.Server.McpServer[330297028]&#xD;
      Server (shell 1.0.0) read JsonRpcRequest message from channel.&#xD;
info: ModelContextProtocol.Server.McpServer[570385771]&#xD;
      Server (shell 1.0.0) method 'initialize' request handler called.&#xD;
dbug: ModelContextProtocol.Server.McpServer[1374391956]&#xD;
      Server (shell 1.0.0), Client (testhost 15.0.0.0) sending message.&#xD;
info: ModelContextProtocol.Server.McpServer[1867955179]&#xD;
      Server (shell 1.0.0), Client (testhost 15.0.0.0) method 'initialize' request handler completed in 0.0392ms.&#xD;
info: OpenClawNet.Mcp.Core.InProcessMcpHost[0]&#xD;
      Started in-process MCP server 'shell' (8f7d1c80-1111-4a11-8001-77627e620002).&#xD;
dbug: ModelContextProtocol.Server.McpServer[330297028]&#xD;
      Server (shell 1.0.0), Client (testhost 15.0.0.0) read JsonRpcNotification message from channel.&#xD;
dbug: ModelContextProtocol.Server.McpServer[330297028]&#xD;
      Server (browser 1.0.0) read JsonRpcRequest message from channel.&#xD;
info: ModelContextProtocol.Server.McpServer[570385771]&#xD;
      Server (browser 1.0.0) method 'initialize' request handler called.&#xD;
dbug: ModelContextProtocol.Server.McpServer[1374391956]&#xD;
      Server (browser 1.0.0), Client (testhost 15.0.0.0) sending message.&#xD;
info: ModelContextProtocol.Server.McpServer[1867955179]&#xD;
      Server (browser 1.0.0), Client (testhost 15.0.0.0) method 'initialize' request handler completed in 0.0135ms.&#xD;
dbug: ModelContextProtocol.Server.McpServer[330297028]&#xD;
      Server (browser 1.0.0), Client (testhost 15.0.0.0) read JsonRpcNotification message from channel.&#xD;
info: OpenClawNet.Mcp.Core.InProcessMcpHost[0]&#xD;
      Started in-process MCP server 'browser' (8f7d1c80-1111-4a11-8001-77627e620003).&#xD;
dbug: ModelContextProtocol.Server.McpServer[330297028]&#xD;
      Server (filesystem 1.0.0) read JsonRpcRequest message from channel.&#xD;
info: ModelContextProtocol.Server.McpServer[570385771]&#xD;
      Server (filesystem 1.0.0) method 'initialize' request handler called.&#xD;
dbug: ModelContextProtocol.Server.McpServer[1374391956]&#xD;
      Server (filesystem 1.0.0), Client (testhost 15.0.0.0) sending message.&#xD;
info: ModelContextProtocol.Server.McpServer[1867955179]&#xD;
      Server (filesystem 1.0.0), Client (testhost 15.0.0.0) method 'initialize' request handler completed in 0.0338ms.&#xD;
info: OpenClawNet.Mcp.Core.InProcessMcpHost[0]&#xD;
      Started in-process MCP server 'filesystem' (8f7d1c80-1111-4a11-8001-77627e620004).&#xD;
dbug: ModelContextProtocol.Server.McpServer[330297028]&#xD;
      Server (filesystem 1.0.0), Client (testhost 15.0.0.0) read JsonRpcNotification message from channel.&#xD;
dbug: OpenClawNet.Mcp.Core.InProcessMcpHost[0]&#xD;
      In-process MCP server web already running.&#xD;
info: OpenClawNet.Mcp.Core.BundledMcpStartupService[0]&#xD;
      Started bundled MCP server 'web' with 1 tool(s).&#xD;
dbug: OpenClawNet.Mcp.Core.InProcessMcpHost[0]&#xD;
      In-process MCP server shell already running.&#xD;
info: OpenClawNet.Mcp.Core.BundledMcpStartupService[0]&#xD;
      Started bundled MCP server 'shell' with 1 tool(s).&#xD;
dbug: OpenClawNet.Mcp.Core.InProcessMcpHost[0]&#xD;
      In-process MCP server browser already running.&#xD;
info: OpenClawNet.Mcp.Core.BundledMcpStartupService[0]&#xD;
      Started bundled MCP server 'browser' with 5 tool(s).&#xD;
dbug: OpenClawNet.Mcp.Core.InProcessMcpHost[0]&#xD;
      In-process MCP server filesystem already running.&#xD;
info: OpenClawNet.Mcp.Core.BundledMcpStartupService[0]&#xD;
      Started bundled MCP server 'filesystem' with 4 tool(s).&#xD;
info: Microsoft.Hosting.Lifetime[0]&#xD;
      Application started. Press Ctrl+C to shut down.&#xD;
info: Microsoft.Hosting.Lifetime[0]&#xD;
      Hosting environment: Testing&#xD;
info: Microsoft.Hosting.Lifetime[0]&#xD;
      Content root path: C:\src\openclawnet-plan\src\OpenClawNet.Gateway&#xD;
info: Microsoft.Hosting.Lifetime[0]&#xD;
      Application is shutting down...&#xD;
dbug: OpenClawNet.Mcp.Core.InProcessMcpHost[0]&#xD;
      MCP client for server 8f7d1c80-1111-4a11-8001-77627e620002 dispose timed out; abandoning.&#xD;
dbug: OpenClawNet.Mcp.Core.InProcessMcpHost[0]&#xD;
      MCP client for server 8f7d1c80-1111-4a11-8001-77627e620001 dispose timed out; abandoning.&#xD;
info: OpenClawNet.Mcp.Core.InProcessMcpHost[0]&#xD;
      Stopped in-process MCP server 8f7d1c80-1111-4a11-8001-77627e620001.&#xD;
info: OpenClawNet.Mcp.Core.InProcessMcpHost[0]&#xD;
      Stopped in-process MCP server 8f7d1c80-1111-4a11-8001-77627e620002.&#xD;
dbug: OpenClawNet.Mcp.Core.InProcessMcpHost[0]&#xD;
      MCP client for server 8f7d1c80-1111-4a11-8001-77627e620003 dispose timed out; abandoning.&#xD;
dbug: OpenClawNet.Mcp.Core.InProcessMcpHost[0]&#xD;
      MCP client for server 8f7d1c80-1111-4a11-8001-77627e620004 dispose timed out; abandoning.&#xD;
info: OpenClawNet.Mcp.Core.InProcessMcpHost[0]&#xD;
      Stopped in-process MCP server 8f7d1c80-1111-4a11-8001-77627e620003.&#xD;
info: OpenClawNet.Mcp.Core.InProcessMcpHost[0]&#xD;
      Stopped in-process MCP server 8f7d1c80-1111-4a11-8001-77627e620004.&#xD;
info: OpenClawNet.Tools.Dashboard.DashboardPublisherTool[0]&#xD;
      Executing dashboard_publish tool: Test, 1 insights&#xD;
info: OpenClawNet.Tools.Dashboard.DashboardPublisher[0]&#xD;
      Publishing 1 insights to dashboard at localhost&#xD;
info: System.Net.Http.HttpClient.dashboard.LogicalHandler[100]&#xD;
      Start processing HTTP request POST http://localhost:65451/api/v1/insights&#xD;
info: System.Net.Http.HttpClient.dashboard.ClientHandler[100]&#xD;
      Sending HTTP request POST http://localhost:65451/api/v1/insights&#xD;
info: System.Net.Http.HttpClient.dashboard.ClientHandler[101]&#xD;
      Received HTTP response headers after 30.9946ms - 401&#xD;
info: System.Net.Http.HttpClient.dashboard.LogicalHandler[101]&#xD;
      End processing HTTP request after 31.0831ms - 401&#xD;
warn: OpenClawNet.Tools.Dashboard.DashboardPublisher[0]&#xD;
      Dashboard API returned 401. Body excerpt: {&#xD;
          "error": "Invalid API key"&#xD;
      }. Duration: 34ms&#xD;
warn: OpenClawNet.Tools.Dashboard.DashboardPublisherTool[0]&#xD;
      Dashboard publish failed with HTTP error: StatusCode=401, Duration=43ms&#xD;
info: OpenClawNet.Tools.Dashboard.DashboardPublisherTool[0]&#xD;
      Executing dashboard_publish tool: Test, 1 insights&#xD;
info: OpenClawNet.Tools.Dashboard.DashboardPublisher[0]&#xD;
      Publishing 1 insights to dashboard at localhost&#xD;
info: System.Net.Http.HttpClient.dashboard.LogicalHandler[100]&#xD;
      Start processing HTTP request POST http://localhost:65453/api/v1/insights&#xD;
info: System.Net.Http.HttpClient.dashboard.ClientHandler[100]&#xD;
      Sending HTTP request POST http://localhost:65453/api/v1/insights&#xD;
info: System.Net.Http.HttpClient.dashboard.ClientHandler[101]&#xD;
      Received HTTP response headers after 6.0654ms - 500&#xD;
info: System.Net.Http.HttpClient.dashboard.LogicalHandler[101]&#xD;
      End processing HTTP request after 6.172ms - 500&#xD;
fail: OpenClawNet.Tools.Dashboard.DashboardPublisher[0]&#xD;
      Dashboard API returned 500. Body excerpt: Internal server error. Duration: 6ms&#xD;
warn: OpenClawNet.Tools.Dashboard.DashboardPublisherTool[0]&#xD;
      Dashboard publish failed with HTTP error: StatusCode=500, Duration=7ms&#xD;
info: OpenClawNet.Tools.Dashboard.DashboardPublisherTool[0]&#xD;
      Executing dashboard_publish tool: Specific Title, 1 insights&#xD;
info: OpenClawNet.Tools.Dashboard.DashboardPublisher[0]&#xD;
      Publishing 1 insights to dashboard at localhost&#xD;
info: System.Net.Http.HttpClient.dashboard.LogicalHandler[100]&#xD;
      Start processing HTTP request POST http://localhost:65455/api/v1/insights&#xD;
info: System.Net.Http.HttpClient.dashboard.ClientHandler[100]&#xD;
      Sending HTTP request POST http://localhost:65455/api/v1/insights&#xD;
info: System.Net.Http.HttpClient.dashboard.ClientHandler[101]&#xD;
      Received HTTP response headers after 5.4003ms - 201&#xD;
info: System.Net.Http.HttpClient.dashboard.LogicalHandler[101]&#xD;
      End processing HTTP request after 5.5173ms - 201&#xD;
info: OpenClawNet.Tools.Dashboard.DashboardPublisher[0]&#xD;
      Successfully published to dashboard: https://dashboard.example.com/view/matched123, Duration: 7ms, StatusCode: 201&#xD;
info: OpenClawNet.Tools.Dashboard.DashboardPublisherTool[0]&#xD;
      Dashboard publish succeeded: ID=matched123, URL=https://dashboard.example.com/view/matched123, Duration=8ms&#xD;
info: OpenClawNet.Tools.Dashboard.DashboardPublisherTool[0]&#xD;
      Executing dashboard_publish tool: Multi-repo Insights 2026-05-06, 2 insights&#xD;
info: OpenClawNet.Tools.Dashboard.DashboardPublisher[0]&#xD;
      Publishing 2 insights to dashboard at localhost&#xD;
info: System.Net.Http.HttpClient.dashboard.LogicalHandler[100]&#xD;
      Start processing HTTP request POST http://localhost:65457/api/v1/insights&#xD;
info: System.Net.Http.HttpClient.dashboard.ClientHandler[100]&#xD;
      Sending HTTP request POST http://localhost:65457/api/v1/insights&#xD;
</StdOut>
    </Output>
    <RunInfos>
      <RunInfo computerName="CPC-bruno-U7R9O" outcome="Warning" timestamp="2026-05-25T12:06:58.1318365-04:00">
        <Text>[xUnit.net 00:01:26.09]     OpenClawNet.IntegrationTests.Jobs.Aspire.LiveBrowserToolE2ETests.Job_UsesBrowserTool_FetchesPage_AndReturnsContent [SKIP]</Text>
      </RunInfo>
      <RunInfo computerName="CPC-bruno-U7R9O" outcome="Warning" timestamp="2026-05-25T12:09:37.7066902-04:00">
        <Text>[xUnit.net 00:04:05.69]     OpenClawNet.IntegrationTests.Jobs.LiveWebToolE2ETests.Job_UsesWebTool_FetchesUrl_ReturnsContent [SKIP]</Text>
      </RunInfo>
      <RunInfo computerName="CPC-bruno-U7R9O" outcome="Warning" timestamp="2026-05-25T12:09:37.7145851-04:00">
        <Text>[xUnit.net 00:04:05.70]     OpenClawNet.IntegrationTests.Azure.LiveAzureKeyVaultTests.LiveAKV_GetSpecificVersion_ReturnsCorrectValue [SKIP]</Text>
      </RunInfo>
      <RunInfo computerName="CPC-bruno-U7R9O" outcome="Warning" timestamp="2026-05-25T12:09:37.7158230-04:00">
        <Text>[xUnit.net 00:04:05.70]     OpenClawNet.IntegrationTests.Azure.LiveAzureKeyVaultTests.LiveAKV_Recover_RestoresAccess [SKIP]</Text>
      </RunInfo>
      <RunInfo computerName="CPC-bruno-U7R9O" outcome="Warning" timestamp="2026-05-25T12:09:37.7168916-04:00">
        <Text>[xUnit.net 00:04:05.70]     OpenClawNet.IntegrationTests.Azure.LiveAzureKeyVaultTests.LiveAKV_ListVersions_ReturnsIntegerVersions [SKIP]</Text>
      </RunInfo>
      <RunInfo computerName="CPC-bruno-U7R9O" outcome="Warning" timestamp="2026-05-25T12:09:37.7178251-04:00">
        <Text>[xUnit.net 00:04:05.70]     OpenClawNet.IntegrationTests.Azure.LiveAzureKeyVaultTests.LiveAKV_Connect_AuthenticatesSuccessfully [SKIP]</Text>
      </RunInfo>
      <RunInfo computerName="CPC-bruno-U7R9O" outcome="Warning" timestamp="2026-05-25T12:09:37.7187467-04:00">
        <Text>[xUnit.net 00:04:05.71]     OpenClawNet.IntegrationTests.Azure.LiveAzureKeyVaultTests.LiveAKV_Delete_SoftDeletes [SKIP]</Text>
      </RunInfo>
      <RunInfo computerName="CPC-bruno-U7R9O" outcome="Warning" timestamp="2026-05-25T12:09:37.7196214-04:00">
        <Text>[xUnit.net 00:04:05.71]     OpenClawNet.IntegrationTests.Azure.LiveAzureKeyVaultTests.LiveAKV_Rotate_CreatesNewVersion [SKIP]</Text>
      </RunInfo>
      <RunInfo computerName="CPC-bruno-U7R9O" outcome="Warning" timestamp="2026-05-25T12:09:37.7204721-04:00">
        <Text>[xUnit.net 00:04:05.71]     OpenClawNet.IntegrationTests.Azure.LiveAzureKeyVaultTests.LiveAKV_DeleteThenPurge_LROCompletes [SKIP]</Text>
      </RunInfo>
      <RunInfo computerName="CPC-bruno-U7R9O" outcome="Warning" timestamp="2026-05-25T12:09:37.7212775-04:00">
        <Text>[xUnit.net 00:04:05.71]     OpenClawNet.IntegrationTests.Azure.LiveAzureKeyVaultTests.LiveAKV_CacheInvalidation_AfterRotate [SKIP]</Text>
      </RunInfo>
      <RunInfo computerName="CPC-bruno-U7R9O" outcome="Warning" timestamp="2026-05-25T12:09:37.7221059-04:00">
        <Text>[xUnit.net 00:04:05.71]     OpenClawNet.IntegrationTests.Azure.LiveAzureKeyVaultTests.LiveAKV_GetExisting_ReturnsValue [SKIP]</Text>
      </RunInfo>
      <RunInfo computerName="CPC-bruno-U7R9O" outcome="Warning" timestamp="2026-05-25T12:09:37.7383948-04:00">
        <Text>[xUnit.net 00:04:05.71]     OpenClawNet.IntegrationTests.Azure.LiveAzureKeyVaultTests.LiveAKV_Purge_RemovesIrreversibly [SKIP]</Text>
      </RunInfo>
      <RunInfo computerName="CPC-bruno-U7R9O" outcome="Warning" timestamp="2026-05-25T12:09:45.4094632-04:00">
        <Text>[xUnit.net 00:04:13.40]     OpenClawNet.IntegrationTests.Demos.WatchedFolderSummarizerLiveE2ETests.WatchedFolderTemplate_AcceptedByGateway_AndJobIsExecutable [SKIP]</Text>
      </RunInfo>
      <RunInfo computerName="CPC-bruno-U7R9O" outcome="Warning" timestamp="2026-05-25T12:09:53.3143308-04:00">
        <Text>[xUnit.net 00:04:21.30]     OpenClawNet.IntegrationTests.SecondPassEndpointsEdgeCasesTests.Diagnostics_DbInfo_ContainsTableCounts [SKIP]</Text>
      </RunInfo>
      <RunInfo computerName="CPC-bruno-U7R9O" outcome="Warning" timestamp="2026-05-25T12:09:53.5779335-04:00">
        <Text>[xUnit.net 00:04:21.56]     OpenClawNet.IntegrationTests.SecondPassEndpointsEdgeCasesTests.ClearChannel_DeletesAllRunsAndArtifacts_WhenInvoked [SKIP]</Text>
      </RunInfo>
      <RunInfo computerName="CPC-bruno-U7R9O" outcome="Warning" timestamp="2026-05-25T12:13:40.4388717-04:00">
        <Text>[xUnit.net 00:08:08.39]     OpenClawNet.IntegrationTests.Jobs.LiveEmbeddingsToolSearchE2ETests.Job_UsesEmbeddingsTool_Search_RanksCorrectCandidate [SKIP]</Text>
      </RunInfo>
      <RunInfo computerName="CPC-bruno-U7R9O" outcome="Error" timestamp="2026-05-25T12:14:12.4941451-04:00">
        <Text>The active test run was aborted. Reason: Test host process crashed</Text>
      </RunInfo>
    </RunInfos>
  </ResultSummary>
</TestRun>